{"meta": {"format": 3, "version": "7.10.7", "timestamp": "2025-10-04T06:57:21.047635", "branch_coverage": false, "show_contexts": false}, "files": {"core/__init__.py": {"executed_lines": [2, 7, 8, 9, 10, 11, 13], "summary": {"covered_lines": 6, "num_statements": 6, "percent_covered": 100.0, "percent_covered_display": "100", "missing_lines": 0, "excluded_lines": 0}, "missing_lines": [], "excluded_lines": [], "functions": {"": {"executed_lines": [2, 7, 8, 9, 10, 11, 13], "summary": {"covered_lines": 6, "num_statements": 6, "percent_covered": 100.0, "percent_covered_display": "100", "missing_lines": 0, "excluded_lines": 0}, "missing_lines": [], "excluded_lines": []}}, "classes": {"": {"executed_lines": [2, 7, 8, 9, 10, 11, 13], "summary": {"covered_lines": 6, "num_statements": 6, "percent_covered": 100.0, "percent_covered_display": "100", "missing_lines": 0, "excluded_lines": 0}, "missing_lines": [], "excluded_lines": []}}}, "core/config_manager.py": {"executed_lines": [2, 7, 8, 9, 10, 13, 14, 16, 20, 21, 24, 25, 27, 29, 31, 33, 34, 35, 38, 41, 43, 45, 47, 49, 58, 60, 67, 69, 77, 79, 85, 87, 94, 96, 118, 120, 131, 133, 135, 136, 138, 140, 142, 143, 144, 146, 148, 150, 151, 153, 154, 156, 157, 158, 159, 160, 161, 162, 163, 165, 167, 168, 170, 171, 172, 173, 175, 177, 179, 182, 184, 186, 187, 188, 189, 191, 193, 194, 195, 196, 197, 198, 200, 202, 203, 204, 207, 208, 211, 212, 213, 214, 218, 219, 220, 222, 226, 228, 229, 234, 238, 240, 241, 246, 247, 248, 252, 254, 255, 256, 258, 259, 260, 262, 263, 267, 269, 270, 271, 273, 274, 275, 276, 278], "summary": {"covered_lines": 122, "num_statements": 134, "percent_covered": 91.04477611940298, "percent_covered_display": "91", "missing_lines": 12, "excluded_lines": 0}, "missing_lines": [180, 215, 223, 224, 235, 236, 249, 250, 264, 265, 279, 280], "excluded_lines": [], "functions": {"ConfigManager.__init__": {"executed_lines": [20, 21, 24, 25, 27], "summary": {"covered_lines": 5, "num_statements": 5, "percent_covered": 100.0, "percent_covered_display": "100", "missing_lines": 0, "excluded_lines": 0}, "missing_lines": [], "excluded_lines": []}, "ConfigManager._load_config": {"executed_lines": [31, 33, 34, 35, 38, 41, 43, 45], "summary": {"covered_lines": 8, "num_statements": 8, "percent_covered": 100.0, "percent_covered_display": "100", "missing_lines": 0, "excluded_lines": 0}, "missing_lines": [], "excluded_lines": []}, "ConfigManager._create_default_config": {"executed_lines": [49], "summary": {"covered_lines": 1, "num_statements": 1, "percent_covered": 100.0, "percent_covered_display": "100", "missing_lines": 0, "excluded_lines": 0}, "missing_lines": [], "excluded_lines": []}, "ConfigManager._get_system_config": {"executed_lines": [60], "summary": {"covered_lines": 1, "num_statements": 1, "percent_covered": 100.0, "percent_covered_display": "100", "missing_lines": 0, "excluded_lines": 0}, "missing_lines": [], "excluded_lines": []}, "ConfigManager._get_logging_config": {"executed_lines": [69], "summary": {"covered_lines": 1, "num_statements": 1, "percent_covered": 100.0, "percent_covered_display": "100", "missing_lines": 0, "excluded_lines": 0}, "missing_lines": [], "excluded_lines": []}, "ConfigManager._get_security_config": {"executed_lines": [79], "summary": {"covered_lines": 1, "num_statements": 1, "percent_covered": 100.0, "percent_covered_display": "100", "missing_lines": 0, "excluded_lines": 0}, "missing_lines": [], "excluded_lines": []}, "ConfigManager._get_error_handling_config": {"executed_lines": [87], "summary": {"covered_lines": 1, "num_statements": 1, "percent_covered": 100.0, "percent_covered_display": "100", "missing_lines": 0, "excluded_lines": 0}, "missing_lines": [], "excluded_lines": []}, "ConfigManager._get_prediction_config": {"executed_lines": [96], "summary": {"covered_lines": 1, "num_statements": 1, "percent_covered": 100.0, "percent_covered_display": "100", "missing_lines": 0, "excluded_lines": 0}, "missing_lines": [], "excluded_lines": []}, "ConfigManager._get_performance_config": {"executed_lines": [120], "summary": {"covered_lines": 1, "num_statements": 1, "percent_covered": 100.0, "percent_covered_display": "100", "missing_lines": 0, "excluded_lines": 0}, "missing_lines": [], "excluded_lines": []}, "ConfigManager._apply_environment_config": {"executed_lines": [133, 135, 136, 138], "summary": {"covered_lines": 4, "num_statements": 4, "percent_covered": 100.0, "percent_covered_display": "100", "missing_lines": 0, "excluded_lines": 0}, "missing_lines": [], "excluded_lines": []}, "ConfigManager._deep_merge": {"executed_lines": [142, 143, 144, 146], "summary": {"covered_lines": 4, "num_statements": 4, "percent_covered": 100.0, "percent_covered_display": "100", "missing_lines": 0, "excluded_lines": 0}, "missing_lines": [], "excluded_lines": []}, "ConfigManager.get_config": {"executed_lines": [150, 151, 153, 154, 156, 157, 158, 159, 160, 161, 162, 163], "summary": {"covered_lines": 12, "num_statements": 12, "percent_covered": 100.0, "percent_covered_display": "100", "missing_lines": 0, "excluded_lines": 0}, "missing_lines": [], "excluded_lines": []}, "ConfigManager.set_config": {"executed_lines": [167, 168, 170, 171, 172, 173, 175], "summary": {"covered_lines": 7, "num_statements": 7, "percent_covered": 100.0, "percent_covered_display": "100", "missing_lines": 0, "excluded_lines": 0}, "missing_lines": [], "excluded_lines": []}, "ConfigManager.save_config": {"executed_lines": [179, 182, 184, 186, 187, 188, 189], "summary": {"covered_lines": 7, "num_statements": 8, "percent_covered": 87.5, "percent_covered_display": "88", "missing_lines": 1, "excluded_lines": 0}, "missing_lines": [180], "excluded_lines": []}, "ConfigManager.update_configuration": {"executed_lines": [193, 194, 195, 196, 197, 198], "summary": {"covered_lines": 6, "num_statements": 6, "percent_covered": 100.0, "percent_covered_display": "100", "missing_lines": 0, "excluded_lines": 0}, "missing_lines": [], "excluded_lines": []}, "ConfigManager.validate_config": {"executed_lines": [202, 203, 204, 207, 208, 211, 212, 213, 214, 218, 219, 220, 222], "summary": {"covered_lines": 13, "num_statements": 16, "percent_covered": 81.25, "percent_covered_display": "81", "missing_lines": 3, "excluded_lines": 0}, "missing_lines": [215, 223, 224], "excluded_lines": []}, "ConfigManager.create_backup": {"executed_lines": [228, 229, 234], "summary": {"covered_lines": 3, "num_statements": 5, "percent_covered": 60.0, "percent_covered_display": "60", "missing_lines": 2, "excluded_lines": 0}, "missing_lines": [235, 236], "excluded_lines": []}, "ConfigManager.restore_from_backup": {"executed_lines": [240, 241, 246, 247, 248], "summary": {"covered_lines": 5, "num_statements": 7, "percent_covered": 71.42857142857143, "percent_covered_display": "71", "missing_lines": 2, "excluded_lines": 0}, "missing_lines": [249, 250], "excluded_lines": []}, "ConfigManager.get_nested_config": {"executed_lines": [254, 255, 256, 258, 259, 260, 262, 263], "summary": {"covered_lines": 8, "num_statements": 10, "percent_covered": 80.0, "percent_covered_display": "80", "missing_lines": 2, "excluded_lines": 0}, "missing_lines": [264, 265], "excluded_lines": []}, "ConfigManager.set_nested_config": {"executed_lines": [269, 270, 271, 273, 274, 275, 276, 278], "summary": {"covered_lines": 8, "num_statements": 10, "percent_covered": 80.0, "percent_covered_display": "80", "missing_lines": 2, "excluded_lines": 0}, "missing_lines": [279, 280], "excluded_lines": []}, "": {"executed_lines": [2, 7, 8, 9, 10, 13, 14, 16, 29, 47, 58, 67, 77, 85, 94, 118, 131, 140, 148, 165, 177, 191, 200, 226, 238, 252, 267], "summary": {"covered_lines": 25, "num_statements": 25, "percent_covered": 100.0, "percent_covered_display": "100", "missing_lines": 0, "excluded_lines": 0}, "missing_lines": [], "excluded_lines": []}}, "classes": {"ConfigManager": {"executed_lines": [20, 21, 24, 25, 27, 31, 33, 34, 35, 38, 41, 43, 45, 49, 60, 69, 79, 87, 96, 120, 133, 135, 136, 138, 142, 143, 144, 146, 150, 151, 153, 154, 156, 157, 158, 159, 160, 161, 162, 163, 167, 168, 170, 171, 172, 173, 175, 179, 182, 184, 186, 187, 188, 189, 193, 194, 195, 196, 197, 198, 202, 203, 204, 207, 208, 211, 212, 213, 214, 218, 219, 220, 222, 228, 229, 234, 240, 241, 246, 247, 248, 254, 255, 256, 258, 259, 260, 262, 263, 269, 270, 271, 273, 274, 275, 276, 278], "summary": {"covered_lines": 97, "num_statements": 109, "percent_covered": 88.9908256880734, "percent_covered_display": "89", "missing_lines": 12, "excluded_lines": 0}, "missing_lines": [180, 215, 223, 224, 235, 236, 249, 250, 264, 265, 279, 280], "excluded_lines": []}, "": {"executed_lines": [2, 7, 8, 9, 10, 13, 14, 16, 29, 47, 58, 67, 77, 85, 94, 118, 131, 140, 148, 165, 177, 191, 200, 226, 238, 252, 267], "summary": {"covered_lines": 25, "num_statements": 25, "percent_covered": 100.0, "percent_covered_display": "100", "missing_lines": 0, "excluded_lines": 0}, "missing_lines": [], "excluded_lines": []}}}, "core/data_validator.py": {"executed_lines": [2, 7, 8, 9, 10, 13, 14, 16, 18, 19, 21, 23, 24, 25, 27, 28, 31, 32, 33, 36, 37, 38, 41, 42, 43, 46, 48, 60, 61, 62, 63, 70, 72, 73, 76, 77, 78, 79, 82, 83, 85, 87, 89, 90, 92, 94, 96, 97, 98, 99, 103, 104, 107, 108, 110, 112, 114, 115, 118, 119, 120, 123, 124, 125, 127, 129, 133, 134, 136, 137, 144, 145, 146, 147, 148, 149, 151, 162, 163, 164, 165, 167, 169, 170, 171, 176, 179, 180, 185, 186, 191, 198, 199, 200, 201, 206, 208, 209, 210, 218, 219, 220, 223, 224, 227, 228, 229, 232, 233, 234, 236, 237, 238, 239, 240, 243, 244, 245, 248, 249, 250, 251, 252, 253, 254, 255, 256, 259, 260, 261, 262, 265, 266, 267, 268, 269, 270, 271, 274, 275, 276, 277, 280, 281, 282, 283, 284, 287, 288, 289, 290, 293, 294, 297, 298, 299, 300, 301, 304, 305, 308, 311, 312, 313, 315, 323, 324, 325, 326, 334, 336, 337, 350, 351, 352, 353, 355, 357, 358, 361, 362, 365, 368, 371, 373], "summary": {"covered_lines": 183, "num_statements": 186, "percent_covered": 98.38709677419355, "percent_covered_display": "98", "missing_lines": 3, "excluded_lines": 0}, "missing_lines": [100, 375, 376], "excluded_lines": [], "functions": {"DataValidator.__init__": {"executed_lines": [18, 19], "summary": {"covered_lines": 2, "num_statements": 2, "percent_covered": 100.0, "percent_covered_display": "100", "missing_lines": 0, "excluded_lines": 0}, "missing_lines": [], "excluded_lines": []}, "DataValidator.validate_data": {"executed_lines": [23, 24, 25, 27, 28, 31, 32, 33, 36, 37, 38, 41, 42, 43, 46, 48, 60, 61, 62, 63], "summary": {"covered_lines": 20, "num_statements": 20, "percent_covered": 100.0, "percent_covered_display": "100", "missing_lines": 0, "excluded_lines": 0}, "missing_lines": [], "excluded_lines": []}, "DataValidator._validate_basic_structure": {"executed_lines": [72, 73, 76, 77, 78, 79, 82, 83, 85], "summary": {"covered_lines": 9, "num_statements": 9, "percent_covered": 100.0, "percent_covered_display": "100", "missing_lines": 0, "excluded_lines": 0}, "missing_lines": [], "excluded_lines": []}, "DataValidator._validate_numeric_data": {"executed_lines": [89, 90, 92, 94, 96, 97, 98, 99, 103, 104, 107, 108, 110], "summary": {"covered_lines": 13, "num_statements": 14, "percent_covered": 92.85714285714286, "percent_covered_display": "93", "missing_lines": 1, "excluded_lines": 0}, "missing_lines": [100], "excluded_lines": []}, "DataValidator._validate_time_series_data": {"executed_lines": [114, 115, 118, 119, 120, 123, 124, 125, 127], "summary": {"covered_lines": 9, "num_statements": 9, "percent_covered": 100.0, "percent_covered_display": "100", "missing_lines": 0, "excluded_lines": 0}, "missing_lines": [], "excluded_lines": []}, "DataValidator.validate_features": {"executed_lines": [133, 134, 136, 137, 144, 145, 146, 147, 148, 149, 151, 162, 163, 164, 165], "summary": {"covered_lines": 15, "num_statements": 15, "percent_covered": 100.0, "percent_covered_display": "100", "missing_lines": 0, "excluded_lines": 0}, "missing_lines": [], "excluded_lines": []}, "DataValidator.validate_target": {"executed_lines": [169, 170, 171, 176, 179, 180, 185, 186, 191, 198, 199, 200, 201], "summary": {"covered_lines": 13, "num_statements": 13, "percent_covered": 100.0, "percent_covered_display": "100", "missing_lines": 0, "excluded_lines": 0}, "missing_lines": [], "excluded_lines": []}, "DataValidator.validate_stock_data": {"executed_lines": [208, 209, 210, 218, 219, 220, 223, 224, 227, 228, 229, 232, 233, 234, 236, 237, 238, 239, 240, 243, 244, 245, 248, 249, 250, 251, 252, 253, 254, 255, 256, 259, 260, 261, 262, 265, 266, 267, 268, 269, 270, 271, 274, 275, 276, 277, 280, 281, 282, 283, 284, 287, 288, 289, 290, 293, 294, 297, 298, 299, 300, 301, 304, 305, 308, 311, 312, 313, 315, 323, 324, 325, 326], "summary": {"covered_lines": 73, "num_statements": 73, "percent_covered": 100.0, "percent_covered_display": "100", "missing_lines": 0, "excluded_lines": 0}, "missing_lines": [], "excluded_lines": []}, "DataValidator.get_validation_summary": {"executed_lines": [336, 337, 350, 351, 352, 353], "summary": {"covered_lines": 6, "num_statements": 6, "percent_covered": 100.0, "percent_covered_display": "100", "missing_lines": 0, "excluded_lines": 0}, "missing_lines": [], "excluded_lines": []}, "DataValidator._calculate_data_quality_score": {"executed_lines": [357, 358, 361, 362, 365, 368, 371, 373], "summary": {"covered_lines": 8, "num_statements": 10, "percent_covered": 80.0, "percent_covered_display": "80", "missing_lines": 2, "excluded_lines": 0}, "missing_lines": [375, 376], "excluded_lines": []}, "": {"executed_lines": [2, 7, 8, 9, 10, 13, 14, 16, 21, 70, 87, 112, 129, 167, 206, 334, 355], "summary": {"covered_lines": 15, "num_statements": 15, "percent_covered": 100.0, "percent_covered_display": "100", "missing_lines": 0, "excluded_lines": 0}, "missing_lines": [], "excluded_lines": []}}, "classes": {"DataValidator": {"executed_lines": [18, 19, 23, 24, 25, 27, 28, 31, 32, 33, 36, 37, 38, 41, 42, 43, 46, 48, 60, 61, 62, 63, 72, 73, 76, 77, 78, 79, 82, 83, 85, 89, 90, 92, 94, 96, 97, 98, 99, 103, 104, 107, 108, 110, 114, 115, 118, 119, 120, 123, 124, 125, 127, 133, 134, 136, 137, 144, 145, 146, 147, 148, 149, 151, 162, 163, 164, 165, 169, 170, 171, 176, 179, 180, 185, 186, 191, 198, 199, 200, 201, 208, 209, 210, 218, 219, 220, 223, 224, 227, 228, 229, 232, 233, 234, 236, 237, 238, 239, 240, 243, 244, 245, 248, 249, 250, 251, 252, 253, 254, 255, 256, 259, 260, 261, 262, 265, 266, 267, 268, 269, 270, 271, 274, 275, 276, 277, 280, 281, 282, 283, 284, 287, 288, 289, 290, 293, 294, 297, 298, 299, 300, 301, 304, 305, 308, 311, 312, 313, 315, 323, 324, 325, 326, 336, 337, 350, 351, 352, 353, 357, 358, 361, 362, 365, 368, 371, 373], "summary": {"covered_lines": 168, "num_statements": 171, "percent_covered": 98.24561403508773, "percent_covered_display": "98", "missing_lines": 3, "excluded_lines": 0}, "missing_lines": [100, 375, 376], "excluded_lines": []}, "": {"executed_lines": [2, 7, 8, 9, 10, 13, 14, 16, 21, 70, 87, 112, 129, 167, 206, 334, 355], "summary": {"covered_lines": 15, "num_statements": 15, "percent_covered": 100.0, "percent_covered_display": "100", "missing_lines": 0, "excluded_lines": 0}, "missing_lines": [], "excluded_lines": []}}}, "core/differential_updater.py": {"executed_lines": [2, 7, 8, 9, 10, 11, 12, 13, 14, 15, 16, 19, 20, 22, 23, 24, 25, 26, 29, 30, 31, 33, 34, 35, 36, 37, 38, 39, 42, 43, 44, 46, 47, 48, 49, 50, 51, 52, 55, 56, 57, 59, 60, 61, 62, 64, 65, 67, 68, 71, 72, 73, 75, 76, 77, 78, 79, 80, 83, 84, 86, 87, 89, 90, 92, 93, 95, 96, 98, 99, 102, 103, 104, 106, 107, 108, 109, 110, 111, 112, 113, 116, 117, 119, 130, 131, 132, 135, 138, 141, 142, 144, 146, 160, 161, 163, 164, 167, 170, 173, 174, 177, 178, 179, 180, 187, 188, 191, 193, 194, 195, 198, 202, 207, 209, 210, 214, 215, 216, 217, 219, 227, 245, 249, 257, 259, 260, 262, 263, 265, 266, 268, 273, 275, 276, 277, 278, 279, 281, 283, 285, 286, 287, 290, 291, 294, 295, 296, 297, 298, 299, 300, 302, 305, 306, 310, 330, 343, 346, 347, 350, 351, 352, 353, 356, 359, 362, 364, 374, 375, 377, 382, 385, 388, 389, 392, 393, 396, 397, 400, 401, 402, 404, 405, 406, 407, 408, 410, 412, 419, 421, 424, 426, 427, 429, 431, 433, 435, 436, 438, 440, 442, 443, 444, 445, 447, 452, 453, 454, 456, 457, 458, 460, 462, 464, 465, 466, 468, 469, 471, 484, 485, 486, 489, 490, 491, 494, 495, 496, 497, 498, 503, 504, 505, 506, 507, 508, 509, 514, 515, 516, 517, 518, 519, 523, 527, 529, 530, 532, 533, 535, 536, 539, 540, 541, 542, 543, 544, 545, 546, 549, 551, 552, 555, 556, 557, 558, 559, 560, 562, 567, 568, 569, 570, 572, 574, 581, 585, 587, 589, 620, 621, 622, 624, 627, 629, 631, 634, 647, 648, 649, 651, 653, 657, 660, 668, 669, 670, 671, 672, 674, 676, 686, 687, 689, 690, 691, 693, 694, 695, 696, 698, 699, 700, 707, 710, 711, 713, 714, 716, 718, 727, 731, 733, 734, 735, 743, 756, 757, 760, 761, 775, 781, 791, 792, 795, 797, 798, 833, 835, 836, 838, 840, 841, 845, 847, 903], "summary": {"covered_lines": 338, "num_statements": 386, "percent_covered": 87.56476683937824, "percent_covered_display": "88", "missing_lines": 48, "excluded_lines": 10}, "missing_lines": [66, 270, 271, 288, 292, 293, 307, 308, 459, 762, 777, 778, 779, 801, 804, 807, 811, 812, 820, 825, 827, 829, 830, 831, 842, 843, 849, 850, 851, 853, 854, 856, 863, 865, 866, 867, 868, 869, 877, 878, 879, 880, 882, 886, 888, 897, 898, 899], "excluded_lines": [903, 905, 906, 909, 912, 924, 946, 947, 950, 951], "functions": {"ValidationResult.__post_init__": {"executed_lines": [65, 67, 68], "summary": {"covered_lines": 3, "num_statements": 4, "percent_covered": 75.0, "percent_covered_display": "75", "missing_lines": 1, "excluded_lines": 0}, "missing_lines": [66], "excluded_lines": []}, "UpdateStats.increment_total_updates": {"executed_lines": [84], "summary": {"covered_lines": 1, "num_statements": 1, "percent_covered": 100.0, "percent_covered_display": "100", "missing_lines": 0, "excluded_lines": 0}, "missing_lines": [], "excluded_lines": []}, "UpdateStats.increment_successful_updates": {"executed_lines": [87], "summary": {"covered_lines": 1, "num_statements": 1, "percent_covered": 100.0, "percent_covered_display": "100", "missing_lines": 0, "excluded_lines": 0}, "missing_lines": [], "excluded_lines": []}, "UpdateStats.increment_failed_updates": {"executed_lines": [90], "summary": {"covered_lines": 1, "num_statements": 1, "percent_covered": 100.0, "percent_covered_display": "100", "missing_lines": 0, "excluded_lines": 0}, "missing_lines": [], "excluded_lines": []}, "UpdateStats.increment_validation_errors": {"executed_lines": [93], "summary": {"covered_lines": 1, "num_statements": 1, "percent_covered": 100.0, "percent_covered_display": "100", "missing_lines": 0, "excluded_lines": 0}, "missing_lines": [], "excluded_lines": []}, "UpdateStats.add_processing_time": {"executed_lines": [96], "summary": {"covered_lines": 1, "num_statements": 1, "percent_covered": 100.0, "percent_covered_display": "100", "missing_lines": 0, "excluded_lines": 0}, "missing_lines": [], "excluded_lines": []}, "UpdateStats.set_last_update_time": {"executed_lines": [99], "summary": {"covered_lines": 1, "num_statements": 1, "percent_covered": 100.0, "percent_covered_display": "100", "missing_lines": 0, "excluded_lines": 0}, "missing_lines": [], "excluded_lines": []}, "DifferentialUpdater.__init__": {"executed_lines": [130, 131, 132, 135, 138, 141, 142, 144], "summary": {"covered_lines": 8, "num_statements": 8, "percent_covered": 100.0, "percent_covered_display": "100", "missing_lines": 0, "excluded_lines": 0}, "missing_lines": [], "excluded_lines": []}, "DifferentialUpdater.update_stock_data": {"executed_lines": [160, 161, 163, 164, 167, 170, 173, 174, 177, 178, 179, 180, 187, 188, 191, 193, 194, 195, 198, 202, 207, 209, 210, 214, 215, 216, 217], "summary": {"covered_lines": 27, "num_statements": 27, "percent_covered": 100.0, "percent_covered_display": "100", "missing_lines": 0, "excluded_lines": 0}, "missing_lines": [], "excluded_lines": []}, "DifferentialUpdater._create_success_result": {"executed_lines": [227], "summary": {"covered_lines": 1, "num_statements": 1, "percent_covered": 100.0, "percent_covered_display": "100", "missing_lines": 0, "excluded_lines": 0}, "missing_lines": [], "excluded_lines": []}, "DifferentialUpdater._create_error_result": {"executed_lines": [249], "summary": {"covered_lines": 1, "num_statements": 1, "percent_covered": 100.0, "percent_covered_display": "100", "missing_lines": 0, "excluded_lines": 0}, "missing_lines": [], "excluded_lines": []}, "DifferentialUpdater._create_backup": {"executed_lines": [259, 260, 262, 263, 265, 266, 268], "summary": {"covered_lines": 7, "num_statements": 9, "percent_covered": 77.77777777777777, "percent_covered_display": "78", "missing_lines": 2, "excluded_lines": 0}, "missing_lines": [270, 271], "excluded_lines": []}, "DifferentialUpdater._create_backup_dir": {"executed_lines": [275, 276, 277, 278, 279, 281], "summary": {"covered_lines": 6, "num_statements": 6, "percent_covered": 100.0, "percent_covered_display": "100", "missing_lines": 0, "excluded_lines": 0}, "missing_lines": [], "excluded_lines": []}, "DifferentialUpdater._backup_data": {"executed_lines": [285, 286, 287, 290, 291, 294, 295, 296, 297, 298, 299, 300], "summary": {"covered_lines": 12, "num_statements": 15, "percent_covered": 80.0, "percent_covered_display": "80", "missing_lines": 3, "excluded_lines": 0}, "missing_lines": [288, 292, 293], "excluded_lines": []}, "DifferentialUpdater.get_update_statistics": {"executed_lines": [305, 306, 310], "summary": {"covered_lines": 3, "num_statements": 5, "percent_covered": 60.0, "percent_covered_display": "60", "missing_lines": 2, "excluded_lines": 0}, "missing_lines": [307, 308], "excluded_lines": []}, "DifferentialUpdater._calculate_comprehensive_diff": {"executed_lines": [343, 346, 347, 350, 351, 352, 353, 356, 359, 362, 364, 374, 375], "summary": {"covered_lines": 13, "num_statements": 13, "percent_covered": 100.0, "percent_covered_display": "100", "missing_lines": 0, "excluded_lines": 0}, "missing_lines": [], "excluded_lines": []}, "DifferentialUpdater._calculate_diff_counts": {"executed_lines": [382, 385, 388, 389, 392, 393, 396, 397, 400, 401, 402, 404, 405, 406, 407, 408, 410, 412], "summary": {"covered_lines": 18, "num_statements": 18, "percent_covered": 100.0, "percent_covered_display": "100", "missing_lines": 0, "excluded_lines": 0}, "missing_lines": [], "excluded_lines": []}, "DifferentialUpdater._is_significant_change": {"executed_lines": [421, 424, 426, 427, 429, 431], "summary": {"covered_lines": 6, "num_statements": 6, "percent_covered": 100.0, "percent_covered_display": "100", "missing_lines": 0, "excluded_lines": 0}, "missing_lines": [], "excluded_lines": []}, "DifferentialUpdater._calculate_data_hash": {"executed_lines": [435, 436], "summary": {"covered_lines": 2, "num_statements": 2, "percent_covered": 100.0, "percent_covered_display": "100", "missing_lines": 0, "excluded_lines": 0}, "missing_lines": [], "excluded_lines": []}, "DifferentialUpdater._get_record_key": {"executed_lines": [440, 442, 443, 444, 445], "summary": {"covered_lines": 5, "num_statements": 5, "percent_covered": 100.0, "percent_covered_display": "100", "missing_lines": 0, "excluded_lines": 0}, "missing_lines": [], "excluded_lines": []}, "DifferentialUpdater._has_record_changed": {"executed_lines": [452, 453, 454, 456, 457, 458, 460], "summary": {"covered_lines": 7, "num_statements": 8, "percent_covered": 87.5, "percent_covered_display": "88", "missing_lines": 1, "excluded_lines": 0}, "missing_lines": [459], "excluded_lines": []}, "DifferentialUpdater._calculate_hash": {"executed_lines": [464, 465, 466, 468, 469], "summary": {"covered_lines": 5, "num_statements": 5, "percent_covered": 100.0, "percent_covered_display": "100", "missing_lines": 0, "excluded_lines": 0}, "missing_lines": [], "excluded_lines": []}, "DifferentialUpdater._validate_data_integrity": {"executed_lines": [484, 485, 486, 489, 490, 491, 494, 495, 496, 497, 498, 503, 504, 505, 506, 507, 508, 509, 514, 515, 516, 517, 518, 519, 523, 527, 529, 530, 532, 533, 535, 536, 539, 540, 541, 542, 543, 544, 545, 546, 549, 551, 552, 555, 556, 557, 558, 559, 560, 562, 567, 568, 569, 570, 572, 574], "summary": {"covered_lines": 56, "num_statements": 56, "percent_covered": 100.0, "percent_covered_display": "100", "missing_lines": 0, "excluded_lines": 0}, "missing_lines": [], "excluded_lines": []}, "DifferentialUpdater._normalize_data_for_diff": {"executed_lines": [585, 587, 589, 620, 621, 622, 624, 627, 629], "summary": {"covered_lines": 9, "num_statements": 9, "percent_covered": 100.0, "percent_covered_display": "100", "missing_lines": 0, "excluded_lines": 0}, "missing_lines": [], "excluded_lines": []}, "DifferentialUpdater._items_different": {"executed_lines": [634, 647, 648, 649, 651], "summary": {"covered_lines": 5, "num_statements": 5, "percent_covered": 100.0, "percent_covered_display": "100", "missing_lines": 0, "excluded_lines": 0}, "missing_lines": [], "excluded_lines": []}, "DifferentialUpdater._identify_changes": {"executed_lines": [657, 660, 668, 669, 670, 671, 672, 674], "summary": {"covered_lines": 8, "num_statements": 8, "percent_covered": 100.0, "percent_covered_display": "100", "missing_lines": 0, "excluded_lines": 0}, "missing_lines": [], "excluded_lines": []}, "DifferentialUpdater.batch_update": {"executed_lines": [686, 687, 689, 690, 691, 693, 694, 695, 696, 698, 699, 700, 707, 710, 711, 713, 714, 716, 718, 727, 731, 733, 734, 735], "summary": {"covered_lines": 24, "num_statements": 24, "percent_covered": 100.0, "percent_covered_display": "100", "missing_lines": 0, "excluded_lines": 0}, "missing_lines": [], "excluded_lines": []}, "DifferentialUpdater.get_update_history": {"executed_lines": [756, 757, 760, 761, 775], "summary": {"covered_lines": 5, "num_statements": 9, "percent_covered": 55.55555555555556, "percent_covered_display": "56", "missing_lines": 4, "excluded_lines": 0}, "missing_lines": [762, 777, 778, 779], "excluded_lines": []}, "DifferentialUpdater.optimize_data_structure": {"executed_lines": [791, 792, 795, 797, 798], "summary": {"covered_lines": 5, "num_statements": 16, "percent_covered": 31.25, "percent_covered_display": "31", "missing_lines": 11, "excluded_lines": 0}, "missing_lines": [801, 804, 807, 811, 812, 820, 825, 827, 829, 830, 831], "excluded_lines": []}, "DifferentialUpdater._remove_duplicates": {"executed_lines": [835, 836, 838, 840, 841, 845], "summary": {"covered_lines": 6, "num_statements": 8, "percent_covered": 75.0, "percent_covered_display": "75", "missing_lines": 2, "excluded_lines": 0}, "missing_lines": [842, 843], "excluded_lines": []}, "DifferentialUpdater.get_update_statistics_from_logs": {"executed_lines": [], "summary": {"covered_lines": 0, "num_statements": 22, "percent_covered": 0.0, "percent_covered_display": "0", "missing_lines": 22, "excluded_lines": 0}, "missing_lines": [849, 850, 851, 853, 854, 856, 863, 865, 866, 867, 868, 869, 877, 878, 879, 880, 882, 886, 888, 897, 898, 899], "excluded_lines": []}, "": {"executed_lines": [2, 7, 8, 9, 10, 11, 12, 13, 14, 15, 16, 19, 20, 22, 23, 24, 25, 26, 29, 30, 31, 33, 34, 35, 36, 37, 38, 39, 42, 43, 44, 46, 47, 48, 49, 50, 51, 52, 55, 56, 57, 59, 60, 61, 62, 64, 71, 72, 73, 75, 76, 77, 78, 79, 80, 83, 86, 89, 92, 95, 98, 102, 103, 104, 106, 107, 108, 109, 110, 111, 112, 113, 116, 117, 119, 146, 219, 245, 257, 273, 283, 302, 330, 377, 419, 433, 438, 447, 462, 471, 581, 631, 653, 676, 743, 781, 833, 847, 903], "summary": {"covered_lines": 90, "num_statements": 90, "percent_covered": 100.0, "percent_covered_display": "100", "missing_lines": 0, "excluded_lines": 10}, "missing_lines": [], "excluded_lines": [903, 905, 906, 909, 912, 924, 946, 947, 950, 951]}}, "classes": {"UpdateStatus": {"executed_lines": [], "summary": {"covered_lines": 0, "num_statements": 0, "percent_covered": 100.0, "percent_covered_display": "100", "missing_lines": 0, "excluded_lines": 0}, "missing_lines": [], "excluded_lines": []}, "UpdateConfig": {"executed_lines": [], "summary": {"covered_lines": 0, "num_statements": 0, "percent_covered": 100.0, "percent_covered_display": "100", "missing_lines": 0, "excluded_lines": 0}, "missing_lines": [], "excluded_lines": []}, "DiffResult": {"executed_lines": [], "summary": {"covered_lines": 0, "num_statements": 0, "percent_covered": 100.0, "percent_covered_display": "100", "missing_lines": 0, "excluded_lines": 0}, "missing_lines": [], "excluded_lines": []}, "ValidationResult": {"executed_lines": [65, 67, 68], "summary": {"covered_lines": 3, "num_statements": 4, "percent_covered": 75.0, "percent_covered_display": "75", "missing_lines": 1, "excluded_lines": 0}, "missing_lines": [66], "excluded_lines": []}, "UpdateStats": {"executed_lines": [84, 87, 90, 93, 96, 99], "summary": {"covered_lines": 6, "num_statements": 6, "percent_covered": 100.0, "percent_covered_display": "100", "missing_lines": 0, "excluded_lines": 0}, "missing_lines": [], "excluded_lines": []}, "UpdateResult": {"executed_lines": [], "summary": {"covered_lines": 0, "num_statements": 0, "percent_covered": 100.0, "percent_covered_display": "100", "missing_lines": 0, "excluded_lines": 0}, "missing_lines": [], "excluded_lines": []}, "DifferentialUpdater": {"executed_lines": [130, 131, 132, 135, 138, 141, 142, 144, 160, 161, 163, 164, 167, 170, 173, 174, 177, 178, 179, 180, 187, 188, 191, 193, 194, 195, 198, 202, 207, 209, 210, 214, 215, 216, 217, 227, 249, 259, 260, 262, 263, 265, 266, 268, 275, 276, 277, 278, 279, 281, 285, 286, 287, 290, 291, 294, 295, 296, 297, 298, 299, 300, 305, 306, 310, 343, 346, 347, 350, 351, 352, 353, 356, 359, 362, 364, 374, 375, 382, 385, 388, 389, 392, 393, 396, 397, 400, 401, 402, 404, 405, 406, 407, 408, 410, 412, 421, 424, 426, 427, 429, 431, 435, 436, 440, 442, 443, 444, 445, 452, 453, 454, 456, 457, 458, 460, 464, 465, 466, 468, 469, 484, 485, 486, 489, 490, 491, 494, 495, 496, 497, 498, 503, 504, 505, 506, 507, 508, 509, 514, 515, 516, 517, 518, 519, 523, 527, 529, 530, 532, 533, 535, 536, 539, 540, 541, 542, 543, 544, 545, 546, 549, 551, 552, 555, 556, 557, 558, 559, 560, 562, 567, 568, 569, 570, 572, 574, 585, 587, 589, 620, 621, 622, 624, 627, 629, 634, 647, 648, 649, 651, 657, 660, 668, 669, 670, 671, 672, 674, 686, 687, 689, 690, 691, 693, 694, 695, 696, 698, 699, 700, 707, 710, 711, 713, 714, 716, 718, 727, 731, 733, 734, 735, 756, 757, 760, 761, 775, 791, 792, 795, 797, 798, 835, 836, 838, 840, 841, 845], "summary": {"covered_lines": 239, "num_statements": 286, "percent_covered": 83.56643356643356, "percent_covered_display": "84", "missing_lines": 47, "excluded_lines": 0}, "missing_lines": [270, 271, 288, 292, 293, 307, 308, 459, 762, 777, 778, 779, 801, 804, 807, 811, 812, 820, 825, 827, 829, 830, 831, 842, 843, 849, 850, 851, 853, 854, 856, 863, 865, 866, 867, 868, 869, 877, 878, 879, 880, 882, 886, 888, 897, 898, 899], "excluded_lines": []}, "": {"executed_lines": [2, 7, 8, 9, 10, 11, 12, 13, 14, 15, 16, 19, 20, 22, 23, 24, 25, 26, 29, 30, 31, 33, 34, 35, 36, 37, 38, 39, 42, 43, 44, 46, 47, 48, 49, 50, 51, 52, 55, 56, 57, 59, 60, 61, 62, 64, 71, 72, 73, 75, 76, 77, 78, 79, 80, 83, 86, 89, 92, 95, 98, 102, 103, 104, 106, 107, 108, 109, 110, 111, 112, 113, 116, 117, 119, 146, 219, 245, 257, 273, 283, 302, 330, 377, 419, 433, 438, 447, 462, 471, 581, 631, 653, 676, 743, 781, 833, 847, 903], "summary": {"covered_lines": 90, "num_statements": 90, "percent_covered": 100.0, "percent_covered_display": "100", "missing_lines": 0, "excluded_lines": 10}, "missing_lines": [], "excluded_lines": [903, 905, 906, 909, 912, 924, 946, 947, 950, 951]}}}, "core/error_handler.py": {"executed_lines": [2, 7, 8, 9, 10, 13, 14, 16, 17, 18, 19, 20, 21, 22, 23, 26, 27, 29, 31, 32, 33, 34, 37, 39, 48, 51, 52, 54, 57, 58, 61, 63, 67, 69, 72, 76, 77, 78, 79, 82, 83, 85, 86, 87, 90, 93, 94, 95, 96, 97, 98, 99, 100, 101, 102, 103, 104, 106, 107, 112, 118, 122, 132, 136, 143, 147, 154, 158, 165, 169, 176, 180, 187, 195, 196, 198, 201, 202, 203, 206, 207, 209, 210, 214, 216, 224, 232, 234, 239, 242, 244, 252, 254, 258, 259, 261, 264, 268, 270, 271, 272, 276, 278, 279, 282, 288, 290, 291, 292, 298, 300, 301, 302, 304, 306, 307, 308, 314, 316, 325, 327, 328, 329, 330, 331, 333, 335, 336, 341, 342, 343, 350, 352, 353, 354, 355, 356, 358], "summary": {"covered_lines": 135, "num_statements": 146, "percent_covered": 92.46575342465754, "percent_covered_display": "92", "missing_lines": 11, "excluded_lines": 0}, "missing_lines": [53, 114, 115, 116, 212, 240, 262, 344, 345, 348, 357], "excluded_lines": [], "functions": {"ErrorHandler.__init__": {"executed_lines": [31, 32, 33, 34, 37], "summary": {"covered_lines": 5, "num_statements": 5, "percent_covered": 100.0, "percent_covered_display": "100", "missing_lines": 0, "excluded_lines": 0}, "missing_lines": [], "excluded_lines": []}, "ErrorHandler.log_error": {"executed_lines": [48, 51, 52, 54, 57, 58, 61], "summary": {"covered_lines": 7, "num_statements": 8, "percent_covered": 87.5, "percent_covered_display": "88", "missing_lines": 1, "excluded_lines": 0}, "missing_lines": [53], "excluded_lines": []}, "ErrorHandler._attempt_error_recovery": {"executed_lines": [67, 69, 72, 76, 77, 78, 79, 82, 83, 85, 86, 87, 90, 93, 94, 95, 96, 97, 98, 99, 100, 101, 102, 103, 104, 106, 107, 112], "summary": {"covered_lines": 28, "num_statements": 31, "percent_covered": 90.3225806451613, "percent_covered_display": "90", "missing_lines": 3, "excluded_lines": 0}, "missing_lines": [114, 115, 116], "excluded_lines": []}, "ErrorHandler._recover_api_error": {"executed_lines": [122], "summary": {"covered_lines": 1, "num_statements": 1, "percent_covered": 100.0, "percent_covered_display": "100", "missing_lines": 0, "excluded_lines": 0}, "missing_lines": [], "excluded_lines": []}, "ErrorHandler._recover_file_error": {"executed_lines": [136], "summary": {"covered_lines": 1, "num_statements": 1, "percent_covered": 100.0, "percent_covered_display": "100", "missing_lines": 0, "excluded_lines": 0}, "missing_lines": [], "excluded_lines": []}, "ErrorHandler._recover_data_processing_error": {"executed_lines": [147], "summary": {"covered_lines": 1, "num_statements": 1, "percent_covered": 100.0, "percent_covered_display": "100", "missing_lines": 0, "excluded_lines": 0}, "missing_lines": [], "excluded_lines": []}, "ErrorHandler._recover_model_error": {"executed_lines": [158], "summary": {"covered_lines": 1, "num_statements": 1, "percent_covered": 100.0, "percent_covered_display": "100", "missing_lines": 0, "excluded_lines": 0}, "missing_lines": [], "excluded_lines": []}, "ErrorHandler._recover_network_error": {"executed_lines": [169], "summary": {"covered_lines": 1, "num_statements": 1, "percent_covered": 100.0, "percent_covered_display": "100", "missing_lines": 0, "excluded_lines": 0}, "missing_lines": [], "excluded_lines": []}, "ErrorHandler._recover_authentication_error": {"executed_lines": [180], "summary": {"covered_lines": 1, "num_statements": 1, "percent_covered": 100.0, "percent_covered_display": "100", "missing_lines": 0, "excluded_lines": 0}, "missing_lines": [], "excluded_lines": []}, "ErrorHandler._execute_recovery": {"executed_lines": [195, 196, 198, 201, 202, 203, 206, 207, 209, 210], "summary": {"covered_lines": 10, "num_statements": 11, "percent_covered": 90.9090909090909, "percent_covered_display": "91", "missing_lines": 1, "excluded_lines": 0}, "missing_lines": [212], "excluded_lines": []}, "ErrorHandler.get_health_status": {"executed_lines": [216], "summary": {"covered_lines": 1, "num_statements": 1, "percent_covered": 100.0, "percent_covered_display": "100", "missing_lines": 0, "excluded_lines": 0}, "missing_lines": [], "excluded_lines": []}, "ErrorHandler.handle_model_error": {"executed_lines": [232, 234, 239, 242], "summary": {"covered_lines": 4, "num_statements": 5, "percent_covered": 80.0, "percent_covered_display": "80", "missing_lines": 1, "excluded_lines": 0}, "missing_lines": [240], "excluded_lines": []}, "ErrorHandler.handle_data_processing_error": {"executed_lines": [252, 254, 258, 259, 261, 264], "summary": {"covered_lines": 6, "num_statements": 7, "percent_covered": 85.71428571428571, "percent_covered_display": "86", "missing_lines": 1, "excluded_lines": 0}, "missing_lines": [262], "excluded_lines": []}, "ErrorHandler.handle_api_error": {"executed_lines": [270, 271, 272], "summary": {"covered_lines": 3, "num_statements": 3, "percent_covered": 100.0, "percent_covered_display": "100", "missing_lines": 0, "excluded_lines": 0}, "missing_lines": [], "excluded_lines": []}, "ErrorHandler.handle_file_error": {"executed_lines": [278, 279, 282], "summary": {"covered_lines": 3, "num_statements": 3, "percent_covered": 100.0, "percent_covered_display": "100", "missing_lines": 0, "excluded_lines": 0}, "missing_lines": [], "excluded_lines": []}, "ErrorHandler.handle_validation_error": {"executed_lines": [290, 291, 292], "summary": {"covered_lines": 3, "num_statements": 3, "percent_covered": 100.0, "percent_covered_display": "100", "missing_lines": 0, "excluded_lines": 0}, "missing_lines": [], "excluded_lines": []}, "ErrorHandler.handle_network_error": {"executed_lines": [300, 301, 302], "summary": {"covered_lines": 3, "num_statements": 3, "percent_covered": 100.0, "percent_covered_display": "100", "missing_lines": 0, "excluded_lines": 0}, "missing_lines": [], "excluded_lines": []}, "ErrorHandler.handle_authentication_error": {"executed_lines": [306, 307, 308], "summary": {"covered_lines": 3, "num_statements": 3, "percent_covered": 100.0, "percent_covered_display": "100", "missing_lines": 0, "excluded_lines": 0}, "missing_lines": [], "excluded_lines": []}, "ErrorHandler.get_error_statistics": {"executed_lines": [316], "summary": {"covered_lines": 1, "num_statements": 1, "percent_covered": 100.0, "percent_covered_display": "100", "missing_lines": 0, "excluded_lines": 0}, "missing_lines": [], "excluded_lines": []}, "ErrorHandler.reset_error_count": {"executed_lines": [327, 328, 329, 330, 331], "summary": {"covered_lines": 5, "num_statements": 5, "percent_covered": 100.0, "percent_covered_display": "100", "missing_lines": 0, "excluded_lines": 0}, "missing_lines": [], "excluded_lines": []}, "ErrorHandler.execute_error_recovery_workflow": {"executed_lines": [335, 336, 341, 342, 343], "summary": {"covered_lines": 5, "num_statements": 8, "percent_covered": 62.5, "percent_covered_display": "62", "missing_lines": 3, "excluded_lines": 0}, "missing_lines": [344, 345, 348], "excluded_lines": []}, "ErrorHandler.attempt_error_recovery": {"executed_lines": [352, 353, 354, 355, 356, 358], "summary": {"covered_lines": 6, "num_statements": 7, "percent_covered": 85.71428571428571, "percent_covered_display": "86", "missing_lines": 1, "excluded_lines": 0}, "missing_lines": [357], "excluded_lines": []}, "": {"executed_lines": [2, 7, 8, 9, 10, 13, 14, 16, 17, 18, 19, 20, 21, 22, 23, 26, 27, 29, 39, 63, 118, 132, 143, 154, 165, 176, 187, 214, 224, 244, 268, 276, 288, 298, 304, 314, 325, 333, 350], "summary": {"covered_lines": 36, "num_statements": 36, "percent_covered": 100.0, "percent_covered_display": "100", "missing_lines": 0, "excluded_lines": 0}, "missing_lines": [], "excluded_lines": []}}, "classes": {"ErrorCategory": {"executed_lines": [], "summary": {"covered_lines": 0, "num_statements": 0, "percent_covered": 100.0, "percent_covered_display": "100", "missing_lines": 0, "excluded_lines": 0}, "missing_lines": [], "excluded_lines": []}, "ErrorHandler": {"executed_lines": [31, 32, 33, 34, 37, 48, 51, 52, 54, 57, 58, 61, 67, 69, 72, 76, 77, 78, 79, 82, 83, 85, 86, 87, 90, 93, 94, 95, 96, 97, 98, 99, 100, 101, 102, 103, 104, 106, 107, 112, 122, 136, 147, 158, 169, 180, 195, 196, 198, 201, 202, 203, 206, 207, 209, 210, 216, 232, 234, 239, 242, 252, 254, 258, 259, 261, 264, 270, 271, 272, 278, 279, 282, 290, 291, 292, 300, 301, 302, 306, 307, 308, 316, 327, 328, 329, 330, 331, 335, 336, 341, 342, 343, 352, 353, 354, 355, 356, 358], "summary": {"covered_lines": 99, "num_statements": 110, "percent_covered": 90.0, "percent_covered_display": "90", "missing_lines": 11, "excluded_lines": 0}, "missing_lines": [53, 114, 115, 116, 212, 240, 262, 344, 345, 348, 357], "excluded_lines": []}, "": {"executed_lines": [2, 7, 8, 9, 10, 13, 14, 16, 17, 18, 19, 20, 21, 22, 23, 26, 27, 29, 39, 63, 118, 132, 143, 154, 165, 176, 187, 214, 224, 244, 268, 276, 288, 298, 304, 314, 325, 333, 350], "summary": {"covered_lines": 36, "num_statements": 36, "percent_covered": 100.0, "percent_covered_display": "100", "missing_lines": 0, "excluded_lines": 0}, "missing_lines": [], "excluded_lines": []}}}, "core/json_data_manager.py": {"executed_lines": [2, 7, 8, 9, 10, 11, 12, 13, 14, 17, 18, 20, 28, 29, 30, 33, 34, 35, 38, 40, 42, 43, 50, 52, 54, 56, 57, 59, 60, 61, 62, 63, 64, 65, 67, 69, 70, 71, 72, 73, 74, 75, 76, 77, 78, 79, 80, 81, 83, 85, 87, 90, 91, 92, 93, 94, 96, 110, 112, 115, 118, 123, 126, 128, 131, 133, 134, 137, 139, 146, 148, 150, 151, 153, 154, 157, 160, 162, 163, 164, 165, 166, 169, 171, 173, 175, 176, 177, 178, 179, 180, 182, 184, 185, 195, 197, 198, 199, 200, 201, 203, 207, 208, 210, 211, 212, 215, 216, 217, 219, 220, 221, 224, 225, 226, 228, 239, 241, 244, 247, 255, 258, 272, 274, 276, 278, 280, 282, 288, 291, 293, 295, 306, 307, 308, 309, 310, 315, 332, 333, 334, 336, 337, 338, 339, 340, 341, 342, 343, 344, 345, 347, 353, 364, 365, 368, 370, 376, 389, 391, 392, 394, 395, 397, 406, 407, 413, 414, 417, 418, 419, 420, 421, 425, 439, 441, 443, 456, 457, 459, 460, 462, 468, 475, 476, 478, 479, 481, 482, 485, 486, 488, 489, 490, 495, 496, 498, 501, 502, 507, 509, 510, 513, 520, 531, 532, 534, 535, 536, 538, 540, 548, 550, 552, 553, 555, 556, 562, 564, 565, 566, 568, 576, 582, 584, 585, 586, 591, 593, 597], "summary": {"covered_lines": 227, "num_statements": 262, "percent_covered": 86.6412213740458, "percent_covered_display": "87", "missing_lines": 35, "excluded_lines": 11}, "missing_lines": [141, 142, 143, 144, 245, 256, 311, 312, 313, 349, 350, 351, 372, 373, 374, 399, 431, 432, 433, 464, 465, 466, 515, 516, 517, 518, 558, 559, 560, 578, 579, 580, 587, 588, 589], "excluded_lines": [597, 599, 600, 603, 606, 628, 629, 632, 633, 636, 637], "functions": {"JSONDataManager.__init__": {"executed_lines": [28, 29, 30, 33, 34, 35, 38], "summary": {"covered_lines": 7, "num_statements": 7, "percent_covered": 100.0, "percent_covered_display": "100", "missing_lines": 0, "excluded_lines": 0}, "missing_lines": [], "excluded_lines": []}, "JSONDataManager._initialize_metadata": {"executed_lines": [42, 43, 50], "summary": {"covered_lines": 3, "num_statements": 3, "percent_covered": 100.0, "percent_covered_display": "100", "missing_lines": 0, "excluded_lines": 0}, "missing_lines": [], "excluded_lines": []}, "JSONDataManager._save_json": {"executed_lines": [54, 56, 57, 59, 60, 61, 62, 63, 64, 65], "summary": {"covered_lines": 10, "num_statements": 10, "percent_covered": 100.0, "percent_covered_display": "100", "missing_lines": 0, "excluded_lines": 0}, "missing_lines": [], "excluded_lines": []}, "JSONDataManager._load_json": {"executed_lines": [69, 70, 71, 72, 73, 74, 75, 76, 77, 78, 79, 80, 81], "summary": {"covered_lines": 13, "num_statements": 13, "percent_covered": 100.0, "percent_covered_display": "100", "missing_lines": 0, "excluded_lines": 0}, "missing_lines": [], "excluded_lines": []}, "JSONDataManager._calculate_hash": {"executed_lines": [85, 87, 90, 91, 92, 93, 94], "summary": {"covered_lines": 7, "num_statements": 7, "percent_covered": 100.0, "percent_covered_display": "100", "missing_lines": 0, "excluded_lines": 0}, "missing_lines": [], "excluded_lines": []}, "JSONDataManager.save_stock_data": {"executed_lines": [110, 112, 115, 118, 123, 126, 128, 131, 133, 134, 137, 139], "summary": {"covered_lines": 12, "num_statements": 16, "percent_covered": 75.0, "percent_covered_display": "75", "missing_lines": 4, "excluded_lines": 0}, "missing_lines": [141, 142, 143, 144], "excluded_lines": []}, "JSONDataManager._normalize_stock_data": {"executed_lines": [148, 150, 151, 153, 154, 157, 160, 162, 163, 164, 165, 166, 169, 171], "summary": {"covered_lines": 14, "num_statements": 14, "percent_covered": 100.0, "percent_covered_display": "100", "missing_lines": 0, "excluded_lines": 0}, "missing_lines": [], "excluded_lines": []}, "JSONDataManager._validate_required_fields": {"executed_lines": [175, 176, 177, 178, 179, 180], "summary": {"covered_lines": 6, "num_statements": 6, "percent_covered": 100.0, "percent_covered_display": "100", "missing_lines": 0, "excluded_lines": 0}, "missing_lines": [], "excluded_lines": []}, "JSONDataManager._convert_data_types": {"executed_lines": [184, 185], "summary": {"covered_lines": 2, "num_statements": 2, "percent_covered": 100.0, "percent_covered_display": "100", "missing_lines": 0, "excluded_lines": 0}, "missing_lines": [], "excluded_lines": []}, "JSONDataManager._extract_additional_fields": {"executed_lines": [197, 198, 199, 200, 201], "summary": {"covered_lines": 5, "num_statements": 5, "percent_covered": 100.0, "percent_covered_display": "100", "missing_lines": 0, "excluded_lines": 0}, "missing_lines": [], "excluded_lines": []}, "JSONDataManager._calculate_diff": {"executed_lines": [207, 208, 210, 211, 212, 215, 216, 217, 219, 220, 221, 224, 225, 226, 228], "summary": {"covered_lines": 15, "num_statements": 15, "percent_covered": 100.0, "percent_covered_display": "100", "missing_lines": 0, "excluded_lines": 0}, "missing_lines": [], "excluded_lines": []}, "JSONDataManager._update_metadata": {"executed_lines": [241, 244, 247, 255, 258, 272, 274, 276], "summary": {"covered_lines": 8, "num_statements": 10, "percent_covered": 80.0, "percent_covered_display": "80", "missing_lines": 2, "excluded_lines": 0}, "missing_lines": [245, 256], "excluded_lines": []}, "JSONDataManager._log_diff": {"executed_lines": [280, 282, 288, 291, 293], "summary": {"covered_lines": 5, "num_statements": 5, "percent_covered": 100.0, "percent_covered_display": "100", "missing_lines": 0, "excluded_lines": 0}, "missing_lines": [], "excluded_lines": []}, "JSONDataManager.save_data": {"executed_lines": [306, 307, 308, 309, 310], "summary": {"covered_lines": 5, "num_statements": 8, "percent_covered": 62.5, "percent_covered_display": "62", "missing_lines": 3, "excluded_lines": 0}, "missing_lines": [311, 312, 313], "excluded_lines": []}, "JSONDataManager.get_stock_data": {"executed_lines": [332, 333, 334, 336, 337, 338, 339, 340, 341, 342, 343, 344, 345, 347], "summary": {"covered_lines": 14, "num_statements": 17, "percent_covered": 82.3529411764706, "percent_covered_display": "82", "missing_lines": 3, "excluded_lines": 0}, "missing_lines": [349, 350, 351], "excluded_lines": []}, "JSONDataManager.get_latest_data": {"executed_lines": [364, 365, 368, 370], "summary": {"covered_lines": 4, "num_statements": 7, "percent_covered": 57.142857142857146, "percent_covered_display": "57", "missing_lines": 3, "excluded_lines": 0}, "missing_lines": [372, 373, 374], "excluded_lines": []}, "JSONDataManager.get_incremental_data": {"executed_lines": [389, 391, 392, 394, 395, 397, 406, 407, 413, 414, 417, 418, 419, 420, 421, 425], "summary": {"covered_lines": 16, "num_statements": 20, "percent_covered": 80.0, "percent_covered_display": "80", "missing_lines": 4, "excluded_lines": 0}, "missing_lines": [399, 431, 432, 433], "excluded_lines": []}, "JSONDataManager.get_metadata": {"executed_lines": [441], "summary": {"covered_lines": 1, "num_statements": 1, "percent_covered": 100.0, "percent_covered_display": "100", "missing_lines": 0, "excluded_lines": 0}, "missing_lines": [], "excluded_lines": []}, "JSONDataManager.get_diff_log": {"executed_lines": [456, 457, 459, 460, 462], "summary": {"covered_lines": 5, "num_statements": 8, "percent_covered": 62.5, "percent_covered_display": "62", "missing_lines": 3, "excluded_lines": 0}, "missing_lines": [464, 465, 466], "excluded_lines": []}, "JSONDataManager.cleanup_old_data": {"executed_lines": [475, 476, 478, 479, 481, 482, 485, 486, 488, 489, 490, 495, 496, 498, 501, 502, 507, 509, 510, 513], "summary": {"covered_lines": 20, "num_statements": 24, "percent_covered": 83.33333333333333, "percent_covered_display": "83", "missing_lines": 4, "excluded_lines": 0}, "missing_lines": [515, 516, 517, 518], "excluded_lines": []}, "JSONDataManager.export_data": {"executed_lines": [531, 532, 534, 535, 536, 538, 540, 548, 550, 552, 553, 555, 556], "summary": {"covered_lines": 13, "num_statements": 16, "percent_covered": 81.25, "percent_covered_display": "81", "missing_lines": 3, "excluded_lines": 0}, "missing_lines": [558, 559, 560], "excluded_lines": []}, "JSONDataManager.get_statistics": {"executed_lines": [564, 565, 566, 568, 576], "summary": {"covered_lines": 5, "num_statements": 8, "percent_covered": 62.5, "percent_covered_display": "62", "missing_lines": 3, "excluded_lines": 0}, "missing_lines": [578, 579, 580], "excluded_lines": []}, "JSONDataManager.get_all_symbols": {"executed_lines": [584, 585, 586], "summary": {"covered_lines": 3, "num_statements": 6, "percent_covered": 50.0, "percent_covered_display": "50", "missing_lines": 3, "excluded_lines": 0}, "missing_lines": [587, 588, 589], "excluded_lines": []}, "JSONDataManager.get_data_statistics": {"executed_lines": [593], "summary": {"covered_lines": 1, "num_statements": 1, "percent_covered": 100.0, "percent_covered_display": "100", "missing_lines": 0, "excluded_lines": 0}, "missing_lines": [], "excluded_lines": []}, "": {"executed_lines": [2, 7, 8, 9, 10, 11, 12, 13, 14, 17, 18, 20, 40, 52, 67, 83, 96, 146, 173, 182, 195, 203, 239, 278, 295, 315, 353, 376, 439, 443, 468, 520, 562, 582, 591, 597], "summary": {"covered_lines": 33, "num_statements": 33, "percent_covered": 100.0, "percent_covered_display": "100", "missing_lines": 0, "excluded_lines": 11}, "missing_lines": [], "excluded_lines": [597, 599, 600, 603, 606, 628, 629, 632, 633, 636, 637]}}, "classes": {"JSONDataManager": {"executed_lines": [28, 29, 30, 33, 34, 35, 38, 42, 43, 50, 54, 56, 57, 59, 60, 61, 62, 63, 64, 65, 69, 70, 71, 72, 73, 74, 75, 76, 77, 78, 79, 80, 81, 85, 87, 90, 91, 92, 93, 94, 110, 112, 115, 118, 123, 126, 128, 131, 133, 134, 137, 139, 148, 150, 151, 153, 154, 157, 160, 162, 163, 164, 165, 166, 169, 171, 175, 176, 177, 178, 179, 180, 184, 185, 197, 198, 199, 200, 201, 207, 208, 210, 211, 212, 215, 216, 217, 219, 220, 221, 224, 225, 226, 228, 241, 244, 247, 255, 258, 272, 274, 276, 280, 282, 288, 291, 293, 306, 307, 308, 309, 310, 332, 333, 334, 336, 337, 338, 339, 340, 341, 342, 343, 344, 345, 347, 364, 365, 368, 370, 389, 391, 392, 394, 395, 397, 406, 407, 413, 414, 417, 418, 419, 420, 421, 425, 441, 456, 457, 459, 460, 462, 475, 476, 478, 479, 481, 482, 485, 486, 488, 489, 490, 495, 496, 498, 501, 502, 507, 509, 510, 513, 531, 532, 534, 535, 536, 538, 540, 548, 550, 552, 553, 555, 556, 564, 565, 566, 568, 576, 584, 585, 586, 593], "summary": {"covered_lines": 194, "num_statements": 229, "percent_covered": 84.71615720524018, "percent_covered_display": "85", "missing_lines": 35, "excluded_lines": 0}, "missing_lines": [141, 142, 143, 144, 245, 256, 311, 312, 313, 349, 350, 351, 372, 373, 374, 399, 431, 432, 433, 464, 465, 466, 515, 516, 517, 518, 558, 559, 560, 578, 579, 580, 587, 588, 589], "excluded_lines": []}, "": {"executed_lines": [2, 7, 8, 9, 10, 11, 12, 13, 14, 17, 18, 20, 40, 52, 67, 83, 96, 146, 173, 182, 195, 203, 239, 278, 295, 315, 353, 376, 439, 443, 468, 520, 562, 582, 591, 597], "summary": {"covered_lines": 33, "num_statements": 33, "percent_covered": 100.0, "percent_covered_display": "100", "missing_lines": 0, "excluded_lines": 11}, "missing_lines": [], "excluded_lines": [597, 599, 600, 603, 606, 628, 629, 632, 633, 636, 637]}}}, "core/logging_manager.py": {"executed_lines": [2, 7, 8, 9, 10, 11, 12, 13, 16, 17, 19, 20, 21, 22, 23, 26, 27, 29, 30, 31, 32, 33, 34, 35, 38, 39, 41, 45, 46, 49, 54, 56, 59, 60, 65, 66, 69, 72, 78, 83, 84, 85, 86, 87, 90, 91, 93, 94, 97, 98, 99, 101, 102, 103, 104, 110, 111, 112, 116, 117, 118, 119, 124, 126, 129, 130, 132, 133, 135, 137, 139, 142, 143, 144, 147, 148, 149, 151, 153, 155, 159, 160, 162, 163, 164, 166, 170, 171, 173, 174, 175, 177, 181, 182, 184, 188, 198, 199, 202, 203, 204, 207, 209, 210, 211, 213, 215, 216, 217, 218, 220, 222, 223, 225, 226, 228, 233, 235, 237, 239, 241, 243, 245, 247, 249, 251, 253], "summary": {"covered_lines": 123, "num_statements": 135, "percent_covered": 91.11111111111111, "percent_covered_display": "91", "missing_lines": 12, "excluded_lines": 0}, "missing_lines": [105, 107, 113, 114, 120, 122, 127, 140, 185, 186, 212, 214], "excluded_lines": [], "functions": {"LoggingManager.__init__": {"executed_lines": [45, 46, 49, 54], "summary": {"covered_lines": 4, "num_statements": 4, "percent_covered": 100.0, "percent_covered_display": "100", "missing_lines": 0, "excluded_lines": 0}, "missing_lines": [], "excluded_lines": []}, "LoggingManager._setup_logging": {"executed_lines": [59, 60, 65, 66, 69, 72, 78, 83, 84, 85, 86, 87, 90, 91, 93, 94, 97, 98, 99, 101, 102, 103, 104, 110, 111, 112, 116, 117, 118, 119], "summary": {"covered_lines": 30, "num_statements": 36, "percent_covered": 83.33333333333333, "percent_covered_display": "83", "missing_lines": 6, "excluded_lines": 0}, "missing_lines": [105, 107, 113, 114, 120, 122], "excluded_lines": []}, "LoggingManager._sanitize_message": {"executed_lines": [126, 129, 130, 132, 133, 135], "summary": {"covered_lines": 6, "num_statements": 7, "percent_covered": 85.71428571428571, "percent_covered_display": "86", "missing_lines": 1, "excluded_lines": 0}, "missing_lines": [127], "excluded_lines": []}, "LoggingManager._mask_sensitive_data": {"executed_lines": [139, 142, 143, 144, 147, 148, 149, 151, 153], "summary": {"covered_lines": 9, "num_statements": 10, "percent_covered": 90.0, "percent_covered_display": "90", "missing_lines": 1, "excluded_lines": 0}, "missing_lines": [140], "excluded_lines": []}, "LoggingManager.log_info": {"executed_lines": [159, 160, 162, 163, 164], "summary": {"covered_lines": 5, "num_statements": 5, "percent_covered": 100.0, "percent_covered_display": "100", "missing_lines": 0, "excluded_lines": 0}, "missing_lines": [], "excluded_lines": []}, "LoggingManager.log_warning": {"executed_lines": [170, 171, 173, 174, 175], "summary": {"covered_lines": 5, "num_statements": 5, "percent_covered": 100.0, "percent_covered_display": "100", "missing_lines": 0, "excluded_lines": 0}, "missing_lines": [], "excluded_lines": []}, "LoggingManager.log_debug": {"executed_lines": [181, 182, 184], "summary": {"covered_lines": 3, "num_statements": 5, "percent_covered": 60.0, "percent_covered_display": "60", "missing_lines": 2, "excluded_lines": 0}, "missing_lines": [185, 186], "excluded_lines": []}, "LoggingManager.log_error": {"executed_lines": [198, 199, 202, 203, 204, 207, 209, 210, 211, 213, 215, 216, 217, 218, 220, 222, 223, 225, 226, 228, 233], "summary": {"covered_lines": 21, "num_statements": 23, "percent_covered": 91.30434782608695, "percent_covered_display": "91", "missing_lines": 2, "excluded_lines": 0}, "missing_lines": [212, 214], "excluded_lines": []}, "LoggingManager.get_logger": {"executed_lines": [237], "summary": {"covered_lines": 1, "num_statements": 1, "percent_covered": 100.0, "percent_covered_display": "100", "missing_lines": 0, "excluded_lines": 0}, "missing_lines": [], "excluded_lines": []}, "LoggingManager.set_log_level": {"executed_lines": [241], "summary": {"covered_lines": 1, "num_statements": 1, "percent_covered": 100.0, "percent_covered_display": "100", "missing_lines": 0, "excluded_lines": 0}, "missing_lines": [], "excluded_lines": []}, "LoggingManager.add_handler": {"executed_lines": [245], "summary": {"covered_lines": 1, "num_statements": 1, "percent_covered": 100.0, "percent_covered_display": "100", "missing_lines": 0, "excluded_lines": 0}, "missing_lines": [], "excluded_lines": []}, "LoggingManager.remove_handler": {"executed_lines": [249], "summary": {"covered_lines": 1, "num_statements": 1, "percent_covered": 100.0, "percent_covered_display": "100", "missing_lines": 0, "excluded_lines": 0}, "missing_lines": [], "excluded_lines": []}, "LoggingManager.clear_handlers": {"executed_lines": [253], "summary": {"covered_lines": 1, "num_statements": 1, "percent_covered": 100.0, "percent_covered_display": "100", "missing_lines": 0, "excluded_lines": 0}, "missing_lines": [], "excluded_lines": []}, "": {"executed_lines": [2, 7, 8, 9, 10, 11, 12, 13, 16, 17, 19, 20, 21, 22, 23, 26, 27, 29, 30, 31, 32, 33, 34, 35, 38, 39, 41, 56, 124, 137, 155, 166, 177, 188, 235, 239, 243, 247, 251], "summary": {"covered_lines": 35, "num_statements": 35, "percent_covered": 100.0, "percent_covered_display": "100", "missing_lines": 0, "excluded_lines": 0}, "missing_lines": [], "excluded_lines": []}}, "classes": {"LogLevel": {"executed_lines": [], "summary": {"covered_lines": 0, "num_statements": 0, "percent_covered": 100.0, "percent_covered_display": "100", "missing_lines": 0, "excluded_lines": 0}, "missing_lines": [], "excluded_lines": []}, "LogCategory": {"executed_lines": [], "summary": {"covered_lines": 0, "num_statements": 0, "percent_covered": 100.0, "percent_covered_display": "100", "missing_lines": 0, "excluded_lines": 0}, "missing_lines": [], "excluded_lines": []}, "LoggingManager": {"executed_lines": [45, 46, 49, 54, 59, 60, 65, 66, 69, 72, 78, 83, 84, 85, 86, 87, 90, 91, 93, 94, 97, 98, 99, 101, 102, 103, 104, 110, 111, 112, 116, 117, 118, 119, 126, 129, 130, 132, 133, 135, 139, 142, 143, 144, 147, 148, 149, 151, 153, 159, 160, 162, 163, 164, 170, 171, 173, 174, 175, 181, 182, 184, 198, 199, 202, 203, 204, 207, 209, 210, 211, 213, 215, 216, 217, 218, 220, 222, 223, 225, 226, 228, 233, 237, 241, 245, 249, 253], "summary": {"covered_lines": 88, "num_statements": 100, "percent_covered": 88.0, "percent_covered_display": "88", "missing_lines": 12, "excluded_lines": 0}, "missing_lines": [105, 107, 113, 114, 120, 122, 127, 140, 185, 186, 212, 214], "excluded_lines": []}, "": {"executed_lines": [2, 7, 8, 9, 10, 11, 12, 13, 16, 17, 19, 20, 21, 22, 23, 26, 27, 29, 30, 31, 32, 33, 34, 35, 38, 39, 41, 56, 124, 137, 155, 166, 177, 188, 235, 239, 243, 247, 251], "summary": {"covered_lines": 35, "num_statements": 35, "percent_covered": 100.0, "percent_covered_display": "100", "missing_lines": 0, "excluded_lines": 0}, "missing_lines": [], "excluded_lines": []}}}, "core/model_manager.py": {"executed_lines": [2, 7, 8, 9, 10, 11, 12, 13, 16, 17, 19, 21, 22, 23, 25, 27, 40, 42, 46, 48, 49, 50, 51, 52, 53, 54, 55, 57, 59, 60, 61, 62, 64, 66, 70, 72, 79, 81, 87, 88, 90, 92, 96, 108, 112, 113, 117, 118, 119, 121, 128, 131, 133, 134, 139, 141, 145, 147, 148, 149, 150, 153, 154, 155, 156, 158, 160, 162, 166, 172, 174, 178, 180, 182, 184, 186], "summary": {"covered_lines": 74, "num_statements": 82, "percent_covered": 90.2439024390244, "percent_covered_display": "90", "missing_lines": 8, "excluded_lines": 0}, "missing_lines": [63, 89, 123, 124, 125, 126, 157, 175], "excluded_lines": [], "functions": {"ModelManager.__init__": {"executed_lines": [21, 22, 23], "summary": {"covered_lines": 3, "num_statements": 3, "percent_covered": 100.0, "percent_covered_display": "100", "missing_lines": 0, "excluded_lines": 0}, "missing_lines": [], "excluded_lines": []}, "ModelManager._get_model_definitions": {"executed_lines": [27], "summary": {"covered_lines": 1, "num_statements": 1, "percent_covered": 100.0, "percent_covered_display": "100", "missing_lines": 0, "excluded_lines": 0}, "missing_lines": [], "excluded_lines": []}, "ModelManager.get_model": {"executed_lines": [42], "summary": {"covered_lines": 1, "num_statements": 1, "percent_covered": 100.0, "percent_covered_display": "100", "missing_lines": 0, "excluded_lines": 0}, "missing_lines": [], "excluded_lines": []}, "ModelManager.train_model": {"executed_lines": [48, 49, 50, 51, 52, 53, 54, 55], "summary": {"covered_lines": 8, "num_statements": 8, "percent_covered": 100.0, "percent_covered_display": "100", "missing_lines": 0, "excluded_lines": 0}, "missing_lines": [], "excluded_lines": []}, "ModelManager.make_predictions": {"executed_lines": [59, 60, 61, 62, 64], "summary": {"covered_lines": 5, "num_statements": 6, "percent_covered": 83.33333333333333, "percent_covered_display": "83", "missing_lines": 1, "excluded_lines": 0}, "missing_lines": [63], "excluded_lines": []}, "ModelManager.evaluate_model": {"executed_lines": [70, 72, 79, 81, 87, 88, 90], "summary": {"covered_lines": 7, "num_statements": 8, "percent_covered": 87.5, "percent_covered_display": "88", "missing_lines": 1, "excluded_lines": 0}, "missing_lines": [89], "excluded_lines": []}, "ModelManager._calculate_metrics": {"executed_lines": [96], "summary": {"covered_lines": 1, "num_statements": 1, "percent_covered": 100.0, "percent_covered_display": "100", "missing_lines": 0, "excluded_lines": 0}, "missing_lines": [], "excluded_lines": []}, "ModelManager.compare_models": {"executed_lines": [112, 113, 117, 118, 119, 121], "summary": {"covered_lines": 6, "num_statements": 10, "percent_covered": 60.0, "percent_covered_display": "60", "missing_lines": 4, "excluded_lines": 0}, "missing_lines": [123, 124, 125, 126], "excluded_lines": []}, "ModelManager._select_best_model": {"executed_lines": [131, 133, 134, 139], "summary": {"covered_lines": 4, "num_statements": 4, "percent_covered": 100.0, "percent_covered_display": "100", "missing_lines": 0, "excluded_lines": 0}, "missing_lines": [], "excluded_lines": []}, "ModelManager._train_and_evaluate_models": {"executed_lines": [145, 147, 148, 149, 150, 153, 154, 155, 156, 158, 160], "summary": {"covered_lines": 11, "num_statements": 12, "percent_covered": 91.66666666666667, "percent_covered_display": "92", "missing_lines": 1, "excluded_lines": 0}, "missing_lines": [157], "excluded_lines": []}, "ModelManager._create_comparison_result": {"executed_lines": [166], "summary": {"covered_lines": 1, "num_statements": 1, "percent_covered": 100.0, "percent_covered_display": "100", "missing_lines": 0, "excluded_lines": 0}, "missing_lines": [], "excluded_lines": []}, "ModelManager._create_fallback_result": {"executed_lines": [174, 178], "summary": {"covered_lines": 2, "num_statements": 3, "percent_covered": 66.66666666666667, "percent_covered_display": "67", "missing_lines": 1, "excluded_lines": 0}, "missing_lines": [175], "excluded_lines": []}, "ModelManager.get_supported_models": {"executed_lines": [182], "summary": {"covered_lines": 1, "num_statements": 1, "percent_covered": 100.0, "percent_covered_display": "100", "missing_lines": 0, "excluded_lines": 0}, "missing_lines": [], "excluded_lines": []}, "ModelManager.get_model_info": {"executed_lines": [186], "summary": {"covered_lines": 1, "num_statements": 1, "percent_covered": 100.0, "percent_covered_display": "100", "missing_lines": 0, "excluded_lines": 0}, "missing_lines": [], "excluded_lines": []}, "": {"executed_lines": [2, 7, 8, 9, 10, 11, 12, 13, 16, 17, 19, 25, 40, 46, 57, 66, 92, 108, 128, 141, 162, 172, 180, 184], "summary": {"covered_lines": 22, "num_statements": 22, "percent_covered": 100.0, "percent_covered_display": "100", "missing_lines": 0, "excluded_lines": 0}, "missing_lines": [], "excluded_lines": []}}, "classes": {"ModelManager": {"executed_lines": [21, 22, 23, 27, 42, 48, 49, 50, 51, 52, 53, 54, 55, 59, 60, 61, 62, 64, 70, 72, 79, 81, 87, 88, 90, 96, 112, 113, 117, 118, 119, 121, 131, 133, 134, 139, 145, 147, 148, 149, 150, 153, 154, 155, 156, 158, 160, 166, 174, 178, 182, 186], "summary": {"covered_lines": 52, "num_statements": 60, "percent_covered": 86.66666666666667, "percent_covered_display": "87", "missing_lines": 8, "excluded_lines": 0}, "missing_lines": [63, 89, 123, 124, 125, 126, 157, 175], "excluded_lines": []}, "": {"executed_lines": [2, 7, 8, 9, 10, 11, 12, 13, 16, 17, 19, 25, 40, 46, 57, 66, 92, 108, 128, 141, 162, 172, 180, 184], "summary": {"covered_lines": 22, "num_statements": 22, "percent_covered": 100.0, "percent_covered_display": "100", "missing_lines": 0, "excluded_lines": 0}, "missing_lines": [], "excluded_lines": []}}}, "core/overfitting_detector.py": {"executed_lines": [2, 7, 8, 11, 12, 14, 16, 17, 18, 20, 28, 30, 31, 34, 35, 36, 39, 40, 41, 42, 44, 45, 46, 47, 49, 50, 51, 52, 54, 55, 56, 58, 72, 74, 76, 77, 78, 79, 92, 94, 95, 96, 99, 101, 102, 105, 110, 113, 116, 120, 132, 133, 134, 135, 137, 141, 143, 144, 152, 153, 160, 161, 165, 167, 169, 170, 171, 173, 175, 176, 178, 179, 183, 184, 191], "summary": {"covered_lines": 73, "num_statements": 73, "percent_covered": 100.0, "percent_covered_display": "100", "missing_lines": 0, "excluded_lines": 0}, "missing_lines": [], "excluded_lines": [], "functions": {"OverfittingDetector.__init__": {"executed_lines": [16, 17, 18], "summary": {"covered_lines": 3, "num_statements": 3, "percent_covered": 100.0, "percent_covered_display": "100", "missing_lines": 0, "excluded_lines": 0}, "missing_lines": [], "excluded_lines": []}, "OverfittingDetector.detect_overfitting": {"executed_lines": [28, 30, 31, 34, 35, 36, 39, 40, 41, 42, 44, 45, 46, 47, 49, 50, 51, 52, 54, 55, 56, 58, 72, 74, 76, 77, 78, 79], "summary": {"covered_lines": 28, "num_statements": 28, "percent_covered": 100.0, "percent_covered_display": "100", "missing_lines": 0, "excluded_lines": 0}, "missing_lines": [], "excluded_lines": []}, "OverfittingDetector.analyze_overfitting_trend": {"executed_lines": [94, 95, 96, 99, 101, 102, 105, 110, 113, 116, 120, 132, 133, 134, 135], "summary": {"covered_lines": 15, "num_statements": 15, "percent_covered": 100.0, "percent_covered_display": "100", "missing_lines": 0, "excluded_lines": 0}, "missing_lines": [], "excluded_lines": []}, "OverfittingDetector.get_overfitting_recommendations": {"executed_lines": [141, 143, 144, 152, 153, 160, 161, 165], "summary": {"covered_lines": 8, "num_statements": 8, "percent_covered": 100.0, "percent_covered_display": "100", "missing_lines": 0, "excluded_lines": 0}, "missing_lines": [], "excluded_lines": []}, "OverfittingDetector.reset_detection_history": {"executed_lines": [169, 170, 171], "summary": {"covered_lines": 3, "num_statements": 3, "percent_covered": 100.0, "percent_covered_display": "100", "missing_lines": 0, "excluded_lines": 0}, "missing_lines": [], "excluded_lines": []}, "OverfittingDetector.get_detection_statistics": {"executed_lines": [175, 176, 178, 179, 183, 184, 191], "summary": {"covered_lines": 7, "num_statements": 7, "percent_covered": 100.0, "percent_covered_display": "100", "missing_lines": 0, "excluded_lines": 0}, "missing_lines": [], "excluded_lines": []}, "": {"executed_lines": [2, 7, 8, 11, 12, 14, 20, 92, 137, 167, 173], "summary": {"covered_lines": 9, "num_statements": 9, "percent_covered": 100.0, "percent_covered_display": "100", "missing_lines": 0, "excluded_lines": 0}, "missing_lines": [], "excluded_lines": []}}, "classes": {"OverfittingDetector": {"executed_lines": [16, 17, 18, 28, 30, 31, 34, 35, 36, 39, 40, 41, 42, 44, 45, 46, 47, 49, 50, 51, 52, 54, 55, 56, 58, 72, 74, 76, 77, 78, 79, 94, 95, 96, 99, 101, 102, 105, 110, 113, 116, 120, 132, 133, 134, 135, 141, 143, 144, 152, 153, 160, 161, 165, 169, 170, 171, 175, 176, 178, 179, 183, 184, 191], "summary": {"covered_lines": 64, "num_statements": 64, "percent_covered": 100.0, "percent_covered_display": "100", "missing_lines": 0, "excluded_lines": 0}, "missing_lines": [], "excluded_lines": []}, "": {"executed_lines": [2, 7, 8, 11, 12, 14, 20, 92, 137, 167, 173], "summary": {"covered_lines": 9, "num_statements": 9, "percent_covered": 100.0, "percent_covered_display": "100", "missing_lines": 0, "excluded_lines": 0}, "missing_lines": [], "excluded_lines": []}}}, "core/performance_optimizer.py": {"executed_lines": [2, 7, 8, 9, 10, 11, 12, 13, 16, 17, 19, 21, 22, 23, 24, 25, 26, 28, 30, 31, 32, 33, 34, 36, 37, 40, 42, 43, 47, 48, 49, 50, 51, 55, 57, 58, 59, 60, 61, 63, 65, 66, 67, 68, 70, 72, 74, 75, 76, 77, 79, 80, 81, 82, 83, 86, 89, 90, 91, 94, 96, 97, 102, 103, 104, 105, 108, 114, 115, 116, 117, 119, 121, 123, 125, 126, 127, 128, 130, 132, 133, 140, 141, 145, 147, 148, 155, 156, 158, 160, 161, 162, 169, 170, 178, 180, 182, 183, 187, 190, 193, 195, 196, 202, 204, 206, 208, 219, 221, 223, 225, 226, 232, 234, 236, 241, 242, 248, 250, 251, 253, 254, 255, 257, 258, 259, 261, 263, 264, 267, 268, 269, 270, 273, 274, 275, 276, 281, 282, 283, 284, 286, 288, 290, 291, 293, 295, 296, 298, 299, 300, 301, 302, 303, 304, 306, 308, 310, 312, 313, 318, 320, 322, 324, 325, 330, 332, 334, 335, 337, 338, 339, 347, 348, 355, 359, 360, 361, 364, 366, 368, 370, 371, 374, 375, 376, 379, 381, 382, 383, 384, 389, 390, 392, 393, 394, 398, 399, 400, 405, 407, 408, 409, 417, 418, 419, 421, 422, 423, 424, 427, 428, 429, 431, 447, 449, 451, 453, 454, 458, 463, 464, 465, 466, 468, 470, 472, 474, 475, 476, 478, 479, 482, 483, 488, 489, 494, 495, 499, 502, 509, 511, 512, 513, 515, 517, 518, 526, 527, 528, 529], "summary": {"covered_lines": 249, "num_statements": 299, "percent_covered": 83.27759197324414, "percent_covered_display": "83", "missing_lines": 50, "excluded_lines": 0}, "missing_lines": [53, 99, 100, 101, 109, 110, 111, 184, 198, 199, 200, 210, 212, 213, 215, 216, 217, 228, 229, 230, 238, 239, 244, 245, 246, 314, 315, 316, 326, 327, 328, 342, 343, 344, 345, 349, 350, 351, 385, 386, 403, 442, 443, 444, 445, 500, 504, 505, 506, 507], "excluded_lines": [], "functions": {"PerformanceOptimizer.__init__": {"executed_lines": [21, 22, 23, 24, 25, 26], "summary": {"covered_lines": 6, "num_statements": 6, "percent_covered": 100.0, "percent_covered_display": "100", "missing_lines": 0, "excluded_lines": 0}, "missing_lines": [], "excluded_lines": []}, "PerformanceOptimizer.start_monitoring": {"executed_lines": [30, 31, 32, 33, 34, 36, 37, 40, 42, 43, 47, 48, 49, 50, 51], "summary": {"covered_lines": 15, "num_statements": 16, "percent_covered": 93.75, "percent_covered_display": "94", "missing_lines": 1, "excluded_lines": 0}, "missing_lines": [53], "excluded_lines": []}, "PerformanceOptimizer.stop_monitoring": {"executed_lines": [57, 58, 59, 60, 61, 63, 65, 66, 67, 68, 70], "summary": {"covered_lines": 11, "num_statements": 11, "percent_covered": 100.0, "percent_covered_display": "100", "missing_lines": 0, "excluded_lines": 0}, "missing_lines": [], "excluded_lines": []}, "PerformanceOptimizer._monitoring_loop": {"executed_lines": [74, 75, 76, 77, 79, 80, 81, 82, 83, 86, 89, 90, 91, 94, 96, 97, 102, 103, 104, 105, 108, 114, 115, 116, 117], "summary": {"covered_lines": 25, "num_statements": 31, "percent_covered": 80.64516129032258, "percent_covered_display": "81", "missing_lines": 6, "excluded_lines": 0}, "missing_lines": [99, 100, 101, 109, 110, 111], "excluded_lines": []}, "PerformanceOptimizer.collect_system_metrics": {"executed_lines": [121, 123, 125, 126, 127, 128, 130, 132, 133, 140, 141, 145, 147, 148, 155, 156, 158, 160, 161, 162, 169, 170, 178], "summary": {"covered_lines": 23, "num_statements": 23, "percent_covered": 100.0, "percent_covered_display": "100", "missing_lines": 0, "excluded_lines": 0}, "missing_lines": [], "excluded_lines": []}, "PerformanceOptimizer._execute_optimization": {"executed_lines": [182, 183, 187, 190, 193, 195, 196], "summary": {"covered_lines": 7, "num_statements": 11, "percent_covered": 63.63636363636363, "percent_covered_display": "64", "missing_lines": 4, "excluded_lines": 0}, "missing_lines": [184, 198, 199, 200], "excluded_lines": []}, "PerformanceOptimizer._optimize_memory": {"executed_lines": [204, 206, 208], "summary": {"covered_lines": 3, "num_statements": 9, "percent_covered": 33.333333333333336, "percent_covered_display": "33", "missing_lines": 6, "excluded_lines": 0}, "missing_lines": [210, 212, 213, 215, 216, 217], "excluded_lines": []}, "PerformanceOptimizer._optimize_garbage_collection": {"executed_lines": [221, 223, 225, 226], "summary": {"covered_lines": 4, "num_statements": 7, "percent_covered": 57.142857142857146, "percent_covered_display": "57", "missing_lines": 3, "excluded_lines": 0}, "missing_lines": [228, 229, 230], "excluded_lines": []}, "PerformanceOptimizer._optimize_cache": {"executed_lines": [234, 236, 241, 242], "summary": {"covered_lines": 4, "num_statements": 9, "percent_covered": 44.44444444444444, "percent_covered_display": "44", "missing_lines": 5, "excluded_lines": 0}, "missing_lines": [238, 239, 244, 245, 246], "excluded_lines": []}, "PerformanceOptimizer._detect_performance_issues": {"executed_lines": [250, 251, 253, 254, 255, 257, 258, 259], "summary": {"covered_lines": 8, "num_statements": 8, "percent_covered": 100.0, "percent_covered_display": "100", "missing_lines": 0, "excluded_lines": 0}, "missing_lines": [], "excluded_lines": []}, "PerformanceOptimizer._check_resource_usage": {"executed_lines": [263, 264, 267, 268, 269, 270, 273, 274, 275, 276, 281, 282, 283, 284, 286], "summary": {"covered_lines": 15, "num_statements": 15, "percent_covered": 100.0, "percent_covered_display": "100", "missing_lines": 0, "excluded_lines": 0}, "missing_lines": [], "excluded_lines": []}, "PerformanceOptimizer._log_performance_issues": {"executed_lines": [290, 291], "summary": {"covered_lines": 2, "num_statements": 2, "percent_covered": 100.0, "percent_covered_display": "100", "missing_lines": 0, "excluded_lines": 0}, "missing_lines": [], "excluded_lines": []}, "PerformanceOptimizer._execute_auto_optimization": {"executed_lines": [295, 296, 298, 299, 300, 301, 302, 303, 304], "summary": {"covered_lines": 9, "num_statements": 9, "percent_covered": 100.0, "percent_covered_display": "100", "missing_lines": 0, "excluded_lines": 0}, "missing_lines": [], "excluded_lines": []}, "PerformanceOptimizer._optimize_cpu_usage": {"executed_lines": [308, 310, 312, 313], "summary": {"covered_lines": 4, "num_statements": 7, "percent_covered": 57.142857142857146, "percent_covered_display": "57", "missing_lines": 3, "excluded_lines": 0}, "missing_lines": [314, 315, 316], "excluded_lines": []}, "PerformanceOptimizer._optimize_memory_usage": {"executed_lines": [320, 322, 324, 325], "summary": {"covered_lines": 4, "num_statements": 7, "percent_covered": 57.142857142857146, "percent_covered_display": "57", "missing_lines": 3, "excluded_lines": 0}, "missing_lines": [326, 327, 328], "excluded_lines": []}, "PerformanceOptimizer._optimize_disk_usage": {"executed_lines": [332, 334, 335, 337, 338, 339, 347, 348], "summary": {"covered_lines": 8, "num_statements": 15, "percent_covered": 53.333333333333336, "percent_covered_display": "53", "missing_lines": 7, "excluded_lines": 0}, "missing_lines": [342, 343, 344, 345, 349, 350, 351], "excluded_lines": []}, "PerformanceOptimizer._log_performance_warning": {"executed_lines": [359, 360, 361, 364, 366], "summary": {"covered_lines": 5, "num_statements": 5, "percent_covered": 100.0, "percent_covered_display": "100", "missing_lines": 0, "excluded_lines": 0}, "missing_lines": [], "excluded_lines": []}, "PerformanceOptimizer._auto_optimize": {"executed_lines": [370, 371, 374, 375, 376, 379, 381, 382, 383, 384, 389, 390, 392, 393, 394, 398, 399, 400], "summary": {"covered_lines": 18, "num_statements": 21, "percent_covered": 85.71428571428571, "percent_covered_display": "86", "missing_lines": 3, "excluded_lines": 0}, "missing_lines": [385, 386, 403], "excluded_lines": []}, "PerformanceOptimizer.get_performance_summary": {"executed_lines": [407, 408, 409, 417, 418, 419, 421, 422, 423, 424, 427, 428, 429, 431], "summary": {"covered_lines": 14, "num_statements": 18, "percent_covered": 77.77777777777777, "percent_covered_display": "78", "missing_lines": 4, "excluded_lines": 0}, "missing_lines": [442, 443, 444, 445], "excluded_lines": []}, "PerformanceOptimizer.optimize_memory": {"executed_lines": [449, 451, 453, 454, 458, 463, 464, 465, 466], "summary": {"covered_lines": 9, "num_statements": 9, "percent_covered": 100.0, "percent_covered_display": "100", "missing_lines": 0, "excluded_lines": 0}, "missing_lines": [], "excluded_lines": []}, "PerformanceOptimizer.optimize_memory_usage": {"executed_lines": [470], "summary": {"covered_lines": 1, "num_statements": 1, "percent_covered": 100.0, "percent_covered_display": "100", "missing_lines": 0, "excluded_lines": 0}, "missing_lines": [], "excluded_lines": []}, "PerformanceOptimizer.get_optimization_recommendations": {"executed_lines": [474, 475, 476, 478, 479, 482, 483, 488, 489, 494, 495, 499, 502], "summary": {"covered_lines": 13, "num_statements": 18, "percent_covered": 72.22222222222223, "percent_covered_display": "72", "missing_lines": 5, "excluded_lines": 0}, "missing_lines": [500, 504, 505, 506, 507], "excluded_lines": []}, "PerformanceOptimizer.reset_metrics": {"executed_lines": [511, 512, 513], "summary": {"covered_lines": 3, "num_statements": 3, "percent_covered": 100.0, "percent_covered_display": "100", "missing_lines": 0, "excluded_lines": 0}, "missing_lines": [], "excluded_lines": []}, "PerformanceOptimizer.get_system_info": {"executed_lines": [517, 518, 526, 527, 528, 529], "summary": {"covered_lines": 6, "num_statements": 6, "percent_covered": 100.0, "percent_covered_display": "100", "missing_lines": 0, "excluded_lines": 0}, "missing_lines": [], "excluded_lines": []}, "": {"executed_lines": [2, 7, 8, 9, 10, 11, 12, 13, 16, 17, 19, 28, 55, 72, 119, 180, 202, 219, 232, 248, 261, 288, 293, 306, 318, 330, 355, 368, 405, 447, 468, 472, 509, 515], "summary": {"covered_lines": 32, "num_statements": 32, "percent_covered": 100.0, "percent_covered_display": "100", "missing_lines": 0, "excluded_lines": 0}, "missing_lines": [], "excluded_lines": []}}, "classes": {"PerformanceOptimizer": {"executed_lines": [21, 22, 23, 24, 25, 26, 30, 31, 32, 33, 34, 36, 37, 40, 42, 43, 47, 48, 49, 50, 51, 57, 58, 59, 60, 61, 63, 65, 66, 67, 68, 70, 74, 75, 76, 77, 79, 80, 81, 82, 83, 86, 89, 90, 91, 94, 96, 97, 102, 103, 104, 105, 108, 114, 115, 116, 117, 121, 123, 125, 126, 127, 128, 130, 132, 133, 140, 141, 145, 147, 148, 155, 156, 158, 160, 161, 162, 169, 170, 178, 182, 183, 187, 190, 193, 195, 196, 204, 206, 208, 221, 223, 225, 226, 234, 236, 241, 242, 250, 251, 253, 254, 255, 257, 258, 259, 263, 264, 267, 268, 269, 270, 273, 274, 275, 276, 281, 282, 283, 284, 286, 290, 291, 295, 296, 298, 299, 300, 301, 302, 303, 304, 308, 310, 312, 313, 320, 322, 324, 325, 332, 334, 335, 337, 338, 339, 347, 348, 359, 360, 361, 364, 366, 370, 371, 374, 375, 376, 379, 381, 382, 383, 384, 389, 390, 392, 393, 394, 398, 399, 400, 407, 408, 409, 417, 418, 419, 421, 422, 423, 424, 427, 428, 429, 431, 449, 451, 453, 454, 458, 463, 464, 465, 466, 470, 474, 475, 476, 478, 479, 482, 483, 488, 489, 494, 495, 499, 502, 511, 512, 513, 517, 518, 526, 527, 528, 529], "summary": {"covered_lines": 217, "num_statements": 267, "percent_covered": 81.27340823970037, "percent_covered_display": "81", "missing_lines": 50, "excluded_lines": 0}, "missing_lines": [53, 99, 100, 101, 109, 110, 111, 184, 198, 199, 200, 210, 212, 213, 215, 216, 217, 228, 229, 230, 238, 239, 244, 245, 246, 314, 315, 316, 326, 327, 328, 342, 343, 344, 345, 349, 350, 351, 385, 386, 403, 442, 443, 444, 445, 500, 504, 505, 506, 507], "excluded_lines": []}, "": {"executed_lines": [2, 7, 8, 9, 10, 11, 12, 13, 16, 17, 19, 28, 55, 72, 119, 180, 202, 219, 232, 248, 261, 288, 293, 306, 318, 330, 355, 368, 405, 447, 468, 472, 509, 515], "summary": {"covered_lines": 32, "num_statements": 32, "percent_covered": 100.0, "percent_covered_display": "100", "missing_lines": 0, "excluded_lines": 0}, "missing_lines": [], "excluded_lines": []}}}, "core/prediction_engine.py": {"executed_lines": [2, 7, 8, 9, 10, 13, 14, 15, 16, 17, 18, 21, 22, 24, 26, 27, 28, 31, 34, 35, 36, 37, 40, 41, 42, 44, 46, 47, 48, 51, 54, 55, 56, 59, 62, 65, 68, 71, 73, 74, 76, 87, 91, 93, 94, 98, 108, 112, 113, 121, 123, 127, 128, 129, 136, 140, 141, 148, 150, 158, 168, 170, 203, 205, 206, 207, 209, 212, 213, 214, 215, 219, 220, 221, 222, 223, 225, 227, 228, 231, 232, 233, 236, 237, 238, 239, 240, 241, 243, 244, 248, 250, 254, 255, 257, 261, 262, 266, 272, 276, 277, 279, 283, 285, 289, 291, 294, 299, 301, 317, 319, 320, 321, 322, 325, 326, 329, 331, 337, 339, 341, 343, 344, 345, 348, 349, 350, 352, 354, 355, 357, 359, 361, 362, 363, 364,
[...]
_lines": []}, "VisualizationManager.create_performance_metrics_chart": {"executed_lines": [200, 202, 203, 205, 206, 207, 208, 209, 210, 213, 214, 222, 223, 224, 226, 227, 231, 233, 234, 235, 238], "summary": {"covered_lines": 21, "num_statements": 21, "percent_covered": 100.0, "percent_covered_display": "100", "missing_lines": 0, "excluded_lines": 0}, "missing_lines": [], "excluded_lines": []}, "VisualizationManager.create_time_series_plot": {"executed_lines": [249, 250, 251, 252, 253, 254, 255, 256, 258, 259, 260, 262, 263, 267, 269, 270, 271, 272], "summary": {"covered_lines": 18, "num_statements": 18, "percent_covered": 100.0, "percent_covered_display": "100", "missing_lines": 0, "excluded_lines": 0}, "missing_lines": [], "excluded_lines": []}, "VisualizationManager.get_visualization_info": {"executed_lines": [276], "summary": {"covered_lines": 1, "num_statements": 1, "percent_covered": 100.0, "percent_covered_display": "100", "missing_lines": 0, "excluded_lines": 0}, "missing_lines": [], "excluded_lines": []}, "": {"executed_lines": [2, 7, 8, 9, 10, 11, 12, 14, 17, 18, 20, 26, 47, 116, 193, 240, 274], "summary": {"covered_lines": 15, "num_statements": 15, "percent_covered": 100.0, "percent_covered_display": "100", "missing_lines": 0, "excluded_lines": 0}, "missing_lines": [], "excluded_lines": []}}, "classes": {"VisualizationManager": {"executed_lines": [22, 23, 24, 28, 29, 32, 56, 58, 61, 62, 65, 66, 67, 68, 69, 70, 73, 74, 75, 78, 79, 80, 81, 84, 85, 86, 87, 88, 89, 90, 91, 94, 95, 96, 97, 98, 99, 100, 102, 103, 104, 106, 107, 109, 111, 112, 113, 114, 123, 124, 125, 128, 132, 135, 139, 142, 143, 144, 145, 146, 147, 150, 151, 160, 161, 162, 163, 164, 165, 168, 169, 177, 178, 179, 181, 182, 186, 188, 189, 190, 191, 200, 202, 203, 205, 206, 207, 208, 209, 210, 213, 214, 222, 223, 224, 226, 227, 231, 233, 234, 235, 238, 249, 250, 251, 252, 253, 254, 255, 256, 258, 259, 260, 262, 263, 267, 269, 270, 271, 272, 276], "summary": {"covered_lines": 121, "num_statements": 124, "percent_covered": 97.58064516129032, "percent_covered_display": "98", "missing_lines": 3, "excluded_lines": 0}, "missing_lines": [43, 44, 45], "excluded_lines": []}, "": {"executed_lines": [2, 7, 8, 9, 10, 11, 12, 14, 17, 18, 20, 26, 47, 116, 193, 240, 274], "summary": {"covered_lines": 15, "num_statements": 15, "percent_covered": 100.0, "percent_covered_display": "100", "missing_lines": 0, "excluded_lines": 0}, "missing_lines": [], "excluded_lines": []}}}, "generate_sample_cache_data.py": {"executed_lines": [], "summary": {"covered_lines": 0, "num_statements": 64, "percent_covered": 0.0, "percent_covered_display": "0", "missing_lines": 64, "excluded_lines": 2}, "missing_lines": [7, 8, 9, 10, 11, 12, 15, 16, 19, 27, 30, 33, 34, 35, 37, 39, 42, 55, 56, 58, 60, 61, 62, 63, 64, 66, 88, 90, 91, 93, 95, 97, 165, 166, 168, 170, 172, 209, 210, 212, 214, 216, 233, 235, 238, 241, 272, 273, 274, 275, 276, 279, 280, 281, 282, 284, 287, 289, 290, 291, 292, 293, 294, 295], "excluded_lines": [298, 299], "functions": {"SampleCacheDataGenerator.__init__": {"executed_lines": [], "summary": {"covered_lines": 0, "num_statements": 2, "percent_covered": 0.0, "percent_covered_display": "0", "missing_lines": 2, "excluded_lines": 0}, "missing_lines": [34, 35], "excluded_lines": []}, "SampleCacheDataGenerator.generate_sample_daily_quotes": {"executed_lines": [], "summary": {"covered_lines": 0, "num_statements": 14, "percent_covered": 0.0, "percent_covered_display": "0", "missing_lines": 14, "excluded_lines": 0}, "missing_lines": [39, 42, 55, 56, 58, 60, 61, 62, 63, 64, 66, 88, 90, 91], "excluded_lines": []}, "SampleCacheDataGenerator.generate_sample_listed_data": {"executed_lines": [], "summary": {"covered_lines": 0, "num_statements": 4, "percent_covered": 0.0, "percent_covered_display": "0", "missing_lines": 4, "excluded_lines": 0}, "missing_lines": [95, 97, 165, 166], "excluded_lines": []}, "SampleCacheDataGenerator.generate_sample_financial_data": {"executed_lines": [], "summary": {"covered_lines": 0, "num_statements": 4, "percent_covered": 0.0, "percent_covered_display": "0", "missing_lines": 4, "excluded_lines": 0}, "missing_lines": [170, 172, 209, 210], "excluded_lines": []}, "SampleCacheDataGenerator.generate_all_sample_data": {"executed_lines": [], "summary": {"covered_lines": 0, "num_statements": 2, "percent_covered": 0.0, "percent_covered_display": "0", "missing_lines": 2, "excluded_lines": 0}, "missing_lines": [214, 216], "excluded_lines": []}, "SampleCacheDataGenerator.save_sample_data": {"executed_lines": [], "summary": {"covered_lines": 0, "num_statements": 13, "percent_covered": 0.0, "percent_covered_display": "0", "missing_lines": 13, "excluded_lines": 0}, "missing_lines": [235, 238, 241, 272, 273, 274, 275, 276, 279, 280, 281, 282, 284], "excluded_lines": []}, "main": {"executed_lines": [], "summary": {"covered_lines": 0, "num_statements": 7, "percent_covered": 0.0, "percent_covered_display": "0", "missing_lines": 7, "excluded_lines": 0}, "missing_lines": [289, 290, 291, 292, 293, 294, 295], "excluded_lines": []}, "": {"executed_lines": [], "summary": {"covered_lines": 0, "num_statements": 18, "percent_covered": 0.0, "percent_covered_display": "0", "missing_lines": 18, "excluded_lines": 2}, "missing_lines": [7, 8, 9, 10, 11, 12, 15, 16, 19, 27, 30, 33, 37, 93, 168, 212, 233, 287], "excluded_lines": [298, 299]}}, "classes": {"SampleCacheDataGenerator": {"executed_lines": [], "summary": {"covered_lines": 0, "num_statements": 39, "percent_covered": 0.0, "percent_covered_display": "0", "missing_lines": 39, "excluded_lines": 0}, "missing_lines": [34, 35, 39, 42, 55, 56, 58, 60, 61, 62, 63, 64, 66, 88, 90, 91, 95, 97, 165, 166, 170, 172, 209, 210, 214, 216, 235, 238, 241, 272, 273, 274, 275, 276, 279, 280, 281, 282, 284], "excluded_lines": []}, "": {"executed_lines": [], "summary": {"covered_lines": 0, "num_statements": 25, "percent_covered": 0.0, "percent_covered_display": "0", "missing_lines": 25, "excluded_lines": 2}, "missing_lines": [7, 8, 9, 10, 11, 12, 15, 16, 19, 27, 30, 33, 37, 93, 168, 212, 233, 287, 289, 290, 291, 292, 293, 294, 295], "excluded_lines": [298, 299]}}}, "routine_api.py": {"executed_lines": [2, 13, 15, 16, 17, 18, 19, 20, 21, 22, 24, 27, 28, 30, 31, 32, 33, 36, 37, 39, 47, 48, 49, 50, 51, 52, 53, 54, 55, 56, 58, 60, 71, 79, 80, 81, 82, 83, 84, 85, 86, 88, 90, 91, 94, 95, 97, 99, 100, 101, 102, 104, 106, 107, 109, 110, 111, 112, 114, 116, 118, 119, 121, 123, 124, 125, 127, 129, 130, 131, 132, 134, 135, 136, 137, 138, 141, 142, 144, 146, 147, 149, 151, 161, 164, 165, 167, 169, 170, 171, 174, 175, 181, 183, 184, 185, 187, 189, 190, 192, 194, 195, 196, 197, 199, 204, 208, 209, 210, 213, 214, 216, 217, 218, 221, 222, 223, 224, 227, 230, 233, 235, 241, 242, 244, 245, 246, 247, 248, 254, 255, 257, 266], "summary": {"covered_lines": 127, "num_statements": 131, "percent_covered": 96.94656488549619, "percent_covered_display": "97", "missing_lines": 4, "excluded_lines": 3}, "missing_lines": [237, 238, 250, 251], "excluded_lines": [266, 267, 268], "functions": {"JobRecord.__init__": {"executed_lines": [47, 48, 49, 50, 51, 52, 53, 54, 55, 56], "summary": {"covered_lines": 10, "num_statements": 10, "percent_covered": 100.0, "percent_covered_display": "100", "missing_lines": 0, "excluded_lines": 0}, "missing_lines": [], "excluded_lines": []}, "JobRecord.to_dict": {"executed_lines": [60], "summary": {"covered_lines": 1, "num_statements": 1, "percent_covered": 100.0, "percent_covered_display": "100", "missing_lines": 0, "excluded_lines": 0}, "missing_lines": [], "excluded_lines": []}, "JobRecord.update_status": {"executed_lines": [79, 80, 81, 82, 83, 84, 85, 86], "summary": {"covered_lines": 8, "num_statements": 8, "percent_covered": 100.0, "percent_covered_display": "100", "missing_lines": 0, "excluded_lines": 0}, "missing_lines": [], "excluded_lines": []}, "JobRecord.add_completed_step": {"executed_lines": [90, 91], "summary": {"covered_lines": 2, "num_statements": 2, "percent_covered": 100.0, "percent_covered_display": "100", "missing_lines": 0, "excluded_lines": 0}, "missing_lines": [], "excluded_lines": []}, "JobManager.__init__": {"executed_lines": [99, 100, 101, 102], "summary": {"covered_lines": 4, "num_statements": 4, "percent_covered": 100.0, "percent_covered_display": "100", "missing_lines": 0, "excluded_lines": 0}, "missing_lines": [], "excluded_lines": []}, "JobManager.create_job": {"executed_lines": [106, 107, 109, 110, 111, 112, 114], "summary": {"covered_lines": 7, "num_statements": 7, "percent_covered": 100.0, "percent_covered_display": "100", "missing_lines": 0, "excluded_lines": 0}, "missing_lines": [], "excluded_lines": []}, "JobManager.get_job": {"executed_lines": [118, 119], "summary": {"covered_lines": 2, "num_statements": 2, "percent_covered": 100.0, "percent_covered_display": "100", "missing_lines": 0, "excluded_lines": 0}, "missing_lines": [], "excluded_lines": []}, "JobManager.get_job_by_client_token": {"executed_lines": [123, 124, 125], "summary": {"covered_lines": 3, "num_statements": 3, "percent_covered": 100.0, "percent_covered_display": "100", "missing_lines": 0, "excluded_lines": 0}, "missing_lines": [], "excluded_lines": []}, "JobManager.update_job": {"executed_lines": [129, 130, 131, 132, 134, 135, 136, 137, 138], "summary": {"covered_lines": 9, "num_statements": 9, "percent_covered": 100.0, "percent_covered_display": "100", "missing_lines": 0, "excluded_lines": 0}, "missing_lines": [], "excluded_lines": []}, "PipelineExecutor.__init__": {"executed_lines": [146, 147], "summary": {"covered_lines": 2, "num_statements": 2, "percent_covered": 100.0, "percent_covered_display": "100", "missing_lines": 0, "excluded_lines": 0}, "missing_lines": [], "excluded_lines": []}, "PipelineExecutor.run_today_pipeline": {"executed_lines": [151, 161, 164, 165, 167, 169, 170, 171, 174, 175, 181, 183, 184, 185], "summary": {"covered_lines": 14, "num_statements": 14, "percent_covered": 100.0, "percent_covered_display": "100", "missing_lines": 0, "excluded_lines": 0}, "missing_lines": [], "excluded_lines": []}, "PipelineExecutor._execute_step": {"executed_lines": [189, 190], "summary": {"covered_lines": 2, "num_statements": 2, "percent_covered": 100.0, "percent_covered_display": "100", "missing_lines": 0, "excluded_lines": 0}, "missing_lines": [], "excluded_lines": []}, "PipelineExecutor._update_progress": {"executed_lines": [194, 195, 196, 197], "summary": {"covered_lines": 4, "num_statements": 4, "percent_covered": 100.0, "percent_covered_display": "100", "missing_lines": 0, "excluded_lines": 0}, "missing_lines": [], "excluded_lines": []}, "PipelineExecutor._run_subprocess": {"executed_lines": [204], "summary": {"covered_lines": 1, "num_statements": 1, "percent_covered": 100.0, "percent_covered_display": "100", "missing_lines": 0, "excluded_lines": 0}, "missing_lines": [], "excluded_lines": []}, "run_today": {"executed_lines": [216, 217, 218, 221, 222, 223, 224, 227, 230, 233, 235], "summary": {"covered_lines": 11, "num_statements": 13, "percent_covered": 84.61538461538461, "percent_covered_display": "85", "missing_lines": 2, "excluded_lines": 0}, "missing_lines": [237, 238], "excluded_lines": []}, "get_job": {"executed_lines": [244, 245, 246, 247, 248], "summary": {"covered_lines": 5, "num_statements": 7, "percent_covered": 71.42857142857143, "percent_covered_display": "71", "missing_lines": 2, "excluded_lines": 0}, "missing_lines": [250, 251], "excluded_lines": []}, "health_check": {"executed_lines": [257], "summary": {"covered_lines": 1, "num_statements": 1, "percent_covered": 100.0, "percent_covered_display": "100", "missing_lines": 0, "excluded_lines": 0}, "missing_lines": [], "excluded_lines": []}, "": {"executed_lines": [2, 13, 15, 16, 17, 18, 19, 20, 21, 22, 24, 27, 28, 30, 31, 32, 33, 36, 37, 39, 58, 71, 88, 94, 95, 97, 104, 116, 121, 127, 141, 142, 144, 149, 187, 192, 199, 208, 209, 210, 213, 214, 241, 242, 254, 255, 266], "summary": {"covered_lines": 41, "num_statements": 41, "percent_covered": 100.0, "percent_covered_display": "100", "missing_lines": 0, "excluded_lines": 3}, "missing_lines": [], "excluded_lines": [266, 267, 268]}}, "classes": {"JobStatus": {"executed_lines": [], "summary": {"covered_lines": 0, "num_statements": 0, "percent_covered": 100.0, "percent_covered_display": "100", "missing_lines": 0, "excluded_lines": 0}, "missing_lines": [], "excluded_lines": []}, "JobRecord": {"executed_lines": [47, 48, 49, 50, 51, 52, 53, 54, 55, 56, 60, 79, 80, 81, 82, 83, 84, 85, 86, 90, 91], "summary": {"covered_lines": 21, "num_statements": 21, "percent_covered": 100.0, "percent_covered_display": "100", "missing_lines": 0, "excluded_lines": 0}, "missing_lines": [], "excluded_lines": []}, "JobManager": {"executed_lines": [99, 100, 101, 102, 106, 107, 109, 110, 111, 112, 114, 118, 119, 123, 124, 125, 129, 130, 131, 132, 134, 135, 136, 137, 138], "summary": {"covered_lines": 25, "num_statements": 25, "percent_covered": 100.0, "percent_covered_display": "100", "missing_lines": 0, "excluded_lines": 0}, "missing_lines": [], "excluded_lines": []}, "PipelineExecutor": {"executed_lines": [146, 147, 151, 161, 164, 165, 167, 169, 170, 171, 174, 175, 181, 183, 184, 185, 189, 190, 194, 195, 196, 197, 204], "summary": {"covered_lines": 23, "num_statements": 23, "percent_covered": 100.0, "percent_covered_display": "100", "missing_lines": 0, "excluded_lines": 0}, "missing_lines": [], "excluded_lines": []}, "": {"executed_lines": [2, 13, 15, 16, 17, 18, 19, 20, 21, 22, 24, 27, 28, 30, 31, 32, 33, 36, 37, 39, 58, 71, 88, 94, 95, 97, 104, 116, 121, 127, 141, 142, 144, 149, 187, 192, 199, 208, 209, 210, 213, 214, 216, 217, 218, 221, 222, 223, 224, 227, 230, 233, 235, 241, 242, 244, 245, 246, 247, 248, 254, 255, 257, 266], "summary": {"covered_lines": 58, "num_statements": 62, "percent_covered": 93.54838709677419, "percent_covered_display": "94", "missing_lines": 4, "excluded_lines": 3}, "missing_lines": [237, 238, 250, 251], "excluded_lines": [266, 267, 268]}}}, "scripts/test_jquants_token.py": {"executed_lines": [2, 7, 8, 9, 10, 11, 12, 13, 16, 17, 19, 20, 21, 22, 23, 26, 27, 28, 30, 31, 32, 33, 36, 37, 38, 40, 41, 42, 43, 44, 45, 46, 47, 48, 49, 50, 53, 54, 56, 63, 64, 69, 71, 73, 91, 93, 94, 95, 97, 98, 102, 111, 112, 113, 115, 116, 117, 119, 121, 122, 123, 125, 126, 127, 129, 130, 131, 133, 137, 138, 139, 140, 141, 144, 145, 146, 147, 148, 150, 154, 164, 166, 168, 169, 170, 172, 174, 176, 177, 179, 180, 182, 183, 185, 186, 187, 188, 190, 191, 192, 193, 194, 195, 197, 203, 204, 206, 229, 230, 232, 235, 239, 241, 242, 243, 245, 246, 249, 250, 253, 254, 257, 258, 261], "summary": {"covered_lines": 118, "num_statements": 118, "percent_covered": 100.0, "percent_covered_display": "100", "missing_lines": 0, "excluded_lines": 6}, "missing_lines": [], "excluded_lines": [261, 262, 263, 264, 267, 268], "functions": {"JQuantsTokenTester.__init__": {"executed_lines": [63, 64, 69], "summary": {"covered_lines": 3, "num_statements": 3, "percent_covered": 100.0, "percent_covered_display": "100", "missing_lines": 0, "excluded_lines": 0}, "missing_lines": [], "excluded_lines": []}, "JQuantsTokenTester._get_default_endpoints": {"executed_lines": [73], "summary": {"covered_lines": 1, "num_statements": 1, "percent_covered": 100.0, "percent_covered_display": "100", "missing_lines": 0, "excluded_lines": 0}, "missing_lines": [], "excluded_lines": []}, "JQuantsTokenTester.test_single_endpoint": {"executed_lines": [93, 94, 95, 97, 98, 102, 111, 112, 113, 115, 116, 117, 119, 121, 122, 123, 125, 126, 127, 129, 130, 131], "summary": {"covered_lines": 22, "num_statements": 22, "percent_covered": 100.0, "percent_covered_display": "100", "missing_lines": 0, "excluded_lines": 0}, "missing_lines": [], "excluded_lines": []}, "JQuantsTokenTester._process_successful_response": {"executed_lines": [137, 138, 139, 140, 141, 144, 145, 146, 147, 148], "summary": {"covered_lines": 10, "num_statements": 10, "percent_covered": 100.0, "percent_covered_display": "100", "missing_lines": 0, "excluded_lines": 0}, "missing_lines": [], "excluded_lines": []}, "JQuantsTokenTester._create_error_result": {"executed_lines": [154], "summary": {"covered_lines": 1, "num_statements": 1, "percent_covered": 100.0, "percent_covered_display": "100", "missing_lines": 0, "excluded_lines": 0}, "missing_lines": [], "excluded_lines": []}, "JQuantsTokenTester.test_all_endpoints": {"executed_lines": [166, 168, 169, 170, 172], "summary": {"covered_lines": 5, "num_statements": 5, "percent_covered": 100.0, "percent_covered_display": "100", "missing_lines": 0, "excluded_lines": 0}, "missing_lines": [], "excluded_lines": []}, "JQuantsTokenTester.print_summary": {"executed_lines": [176, 177, 179, 180, 182, 183, 185, 186, 187, 188, 190, 191, 192, 193, 194, 195], "summary": {"covered_lines": 16, "num_statements": 16, "percent_covered": 100.0, "percent_covered_display": "100", "missing_lines": 0, "excluded_lines": 0}, "missing_lines": [], "excluded_lines": []}, "JQuantsTokenTester.save_results": {"executed_lines": [203, 204, 206, 229, 230, 232], "summary": {"covered_lines": 6, "num_statements": 6, "percent_covered": 100.0, "percent_covered_display": "100", "missing_lines": 0, "excluded_lines": 0}, "missing_lines": [], "excluded_lines": []}, "test_jquants_token": {"executed_lines": [239, 241, 242, 243, 245, 246, 249, 250, 253, 254, 257, 258], "summary": {"covered_lines": 12, "num_statements": 12, "percent_covered": 100.0, "percent_covered_display": "100", "missing_lines": 0, "excluded_lines": 0}, "missing_lines": [], "excluded_lines": []}, "": {"executed_lines": [2, 7, 8, 9, 10, 11, 12, 13, 16, 17, 19, 20, 21, 22, 23, 26, 27, 28, 30, 31, 32, 33, 36, 37, 38, 40, 41, 42, 43, 44, 45, 46, 47, 48, 49, 50, 53, 54, 56, 71, 91, 133, 150, 164, 174, 197, 235, 261], "summary": {"covered_lines": 42, "num_statements": 42, "percent_covered": 100.0, "percent_covered_display": "100", "missing_lines": 0, "excluded_lines": 6}, "missing_lines": [], "excluded_lines": [261, 262, 263, 264, 267, 268]}}, "classes": {"JQuantsTestResult": {"executed_lines": [], "summary": {"covered_lines": 0, "num_statements": 0, "percent_covered": 100.0, "percent_covered_display": "100", "missing_lines": 0, "excluded_lines": 0}, "missing_lines": [], "excluded_lines": []}, "EndpointConfig": {"executed_lines": [], "summary": {"covered_lines": 0, "num_statements": 0, "percent_covered": 100.0, "percent_covered_display": "100", "missing_lines": 0, "excluded_lines": 0}, "missing_lines": [], "excluded_lines": []}, "JQuantsTestResultData": {"executed_lines": [], "summary": {"covered_lines": 0, "num_statements": 0, "percent_covered": 100.0, "percent_covered_display": "100", "missing_lines": 0, "excluded_lines": 0}, "missing_lines": [], "excluded_lines": []}, "JQuantsTokenTester": {"executed_lines": [63, 64, 69, 73, 93, 94, 95, 97, 98, 102, 111, 112, 113, 115, 116, 117, 119, 121, 122, 123, 125, 126, 127, 129, 130, 131, 137, 138, 139, 140, 141, 144, 145, 146, 147, 148, 154, 166, 168, 169, 170, 172, 176, 177, 179, 180, 182, 183, 185, 186, 187, 188, 190, 191, 192, 193, 194, 195, 203, 204, 206, 229, 230, 232], "summary": {"covered_lines": 64, "num_statements": 64, "percent_covered": 100.0, "percent_covered_display": "100", "missing_lines": 0, "excluded_lines": 0}, "missing_lines": [], "excluded_lines": []}, "": {"executed_lines": [2, 7, 8, 9, 10, 11, 12, 13, 16, 17, 19, 20, 21, 22, 23, 26, 27, 28, 30, 31, 32, 33, 36, 37, 38, 40, 41, 42, 43, 44, 45, 46, 47, 48, 49, 50, 53, 54, 56, 71, 91, 133, 150, 164, 174, 197, 235, 239, 241, 242, 243, 245, 246, 249, 250, 253, 254, 257, 258, 261], "summary": {"covered_lines": 54, "num_statements": 54, "percent_covered": 100.0, "percent_covered_display": "100", "missing_lines": 0, "excluded_lines": 6}, "missing_lines": [], "excluded_lines": [261, 262, 263, 264, 267, 268]}}}}, "totals": {"covered_lines": 2177, "num_statements": 2462, "percent_covered": 88.42404549147035, "percent_covered_display": "88", "missing_lines": 285, "excluded_lines": 32}}