{"meta": {"format": 3, "version": "7.10.7", "timestamp": "2025-10-07T17:13:16.086325", "branch_coverage": true, "show_contexts": false}, "files": {"core/__init__.py": {"executed_lines": [2, 7, 8, 9, 10, 11, 13], "summary": {"covered_lines": 6, "num_statements": 6, "percent_covered": 100.0, "percent_covered_display": "100", "missing_lines": 0, "excluded_lines": 0, "num_branches": 0, "num_partial_branches": 0, "covered_branches": 0, "missing_branches": 0}, "missing_lines": [], "excluded_lines": [], "executed_branches": [], "missing_branches": [], "functions": {"": {"executed_lines": [2, 7, 8, 9, 10, 11, 13], "summary": {"covered_lines": 6, "num_statements": 6, "percent_covered": 100.0, "percent_covered_display": "100", "missing_lines": 0, "excluded_lines": 0, "num_branches": 0, "num_partial_branches": 0, "covered_branches": 0, "missing_branches": 0}, "missing_lines": [], "excluded_lines": [], "executed_branches": [], "missing_branches": []}}, "classes": {"": {"executed_lines": [2, 7, 8, 9, 10, 11, 13], "summary": {"covered_lines": 6, "num_statements": 6, "percent_covered": 100.0, "percent_covered_display": "100", "missing_lines": 0, "excluded_lines": 0, "num_branches": 0, "num_partial_branches": 0, "covered_branches": 0, "missing_branches": 0}, "missing_lines": [], "excluded_lines": [], "executed_branches": [], "missing_branches": []}}}, "core/advanced_portfolio_optimizer.py": {"executed_lines": [1, 6, 7, 8, 9, 10, 11, 12, 13, 15, 18, 19, 20, 22, 23, 24, 25, 26, 27, 28, 29, 30, 31, 32, 35, 36, 37, 39, 40, 41, 42, 43, 44, 45, 46, 47, 48, 49, 50, 51, 52, 53, 56, 57, 59, 61, 62, 65, 66, 67, 70, 71, 72, 75, 77, 79, 99, 122, 124, 129, 130, 133, 138, 143, 144, 159, 162, 164, 171, 173, 187, 194, 195, 206, 207, 208, 211, 215, 218, 222, 225, 228, 231, 233, 234, 235, 236, 237, 238, 239, 242, 243, 244, 246, 252, 256, 257, 259, 263, 264, 269, 272, 274, 280, 284, 286, 289, 292, 293, 294, 297, 299, 305, 309, 310, 313, 318, 324, 327, 328, 329, 333, 336, 337, 340, 349, 350, 353, 354, 355, 356, 363, 367, 385, 393, 394, 397, 399, 400, 408, 414, 417, 418, 421, 430, 431, 436, 437, 438, 439, 445, 465, 472, 473, 476, 479, 482, 485, 490, 496, 498, 499, 502, 503, 506, 508, 528, 536, 538, 541, 543, 549, 553, 555, 556, 557, 560, 561, 562, 569, 573, 579, 581, 583, 586, 589, 593, 599, 602, 603, 604, 605, 606, 607, 609, 611, 613, 615, 618, 621, 623, 629, 633, 635, 636, 639, 643, 644, 645, 648, 650, 668, 670, 672, 675, 680, 681, 683, 684, 690, 696, 703, 704, 707, 710, 711, 714, 715, 718, 719, 720, 721, 724, 725, 726, 733, 734, 737, 744, 749, 750, 751, 753, 775, 777, 778, 780, 784, 786, 787, 789, 793, 800, 801, 826, 827, 835, 844, 853], "summary": {"covered_lines": 255, "num_statements": 323, "percent_covered": 76.15176151761517, "percent_covered_display": "76", "missing_lines": 68, "excluded_lines": 0, "num_branches": 46, "num_partial_branches": 14, "covered_branches": 26, "missing_branches": 20}, "missing_lines": [145, 146, 149, 150, 153, 154, 156, 166, 167, 169, 212, 219, 248, 249, 250, 260, 276, 277, 278, 301, 302, 303, 334, 381, 382, 383, 461, 462, 463, 492, 493, 494, 524, 525, 526, 545, 546, 547, 575, 576, 577, 595, 596, 597, 625, 626, 627, 640, 641, 664, 665, 666, 686, 692, 693, 694, 771, 772, 773, 781, 782, 790, 791, 836, 845, 855, 856, 857], "excluded_lines": [], "executed_branches": [[129, 130], [129, 133], [143, 144], [206, 207], [206, 242], [211, 215], [218, 222], [242, 243], [242, 246], [259, 263], [333, 336], [349, 350], [399, 400], [430, 431], [602, 603], [602, 604], [604, 605], [604, 606], [606, 607], [606, 609], [639, 643], [643, 644], [683, 684], [826, 827], [835, 844], [844, 853]], "missing_branches": [[143, 145], [145, 146], [145, 149], [149, 150], [149, 153], [153, 154], [153, 156], [211, 212], [218, 219], [259, 260], [333, 334], [349, 353], [399, 408], [430, 436], [639, 640], [643, 648], [683, 686], [826, 835], [835, 836], [844, 845]], "functions": {"AdvancedPortfolioOptimizer.__init__": {"executed_lines": [61, 62, 65, 66, 67, 70, 71, 72, 75], "summary": {"covered_lines": 9, "num_statements": 9, "percent_covered": 100.0, "percent_covered_display": "100", "missing_lines": 0, "excluded_lines": 0, "num_branches": 0, "num_partial_branches": 0, "covered_branches": 0, "missing_branches": 0}, "missing_lines": [], "excluded_lines": [], "executed_branches": [], "missing_branches": []}, "AdvancedPortfolioOptimizer._get_default_config": {"executed_lines": [79], "summary": {"covered_lines": 1, "num_statements": 1, "percent_covered": 100.0, "percent_covered_display": "100", "missing_lines": 0, "excluded_lines": 0, "num_branches": 0, "num_partial_branches": 0, "covered_branches": 0, "missing_branches": 0}, "missing_lines": [], "excluded_lines": [], "executed_branches": [], "missing_branches": []}, "AdvancedPortfolioOptimizer.optimize_portfolio": {"executed_lines": [122, 124, 129, 130, 133, 138, 143, 144, 159, 162, 164], "summary": {"covered_lines": 11, "num_statements": 21, "percent_covered": 45.16129032258065, "percent_covered_display": "45", "missing_lines": 10, "excluded_lines": 0, "num_branches": 10, "num_partial_branches": 1, "covered_branches": 3, "missing_branches": 7}, "missing_lines": [145, 146, 149, 150, 153, 154, 156, 166, 167, 169], "excluded_lines": [], "executed_branches": [[129, 130], [129, 133], [143, 144]], "missing_branches": [[143, 145], [145, 146], [145, 149], [149, 150], [149, 153], [153, 154], [153, 156]]}, "AdvancedPortfolioOptimizer._default_optimization_result": {"executed_lines": [173], "summary": {"covered_lines": 1, "num_statements": 1, "percent_covered": 100.0, "percent_covered_display": "100", "missing_lines": 0, "excluded_lines": 0, "num_branches": 0, "num_partial_branches": 0, "covered_branches": 0, "missing_branches": 0}, "missing_lines": [], "excluded_lines": [], "executed_branches": [], "missing_branches": []}, "AdvancedPortfolioOptimizer._preprocess_data": {"executed_lines": [194, 195, 206, 207, 208, 211, 215, 218, 222, 225, 228, 231, 233, 234, 235, 236, 237, 238, 239, 242, 243, 244, 246], "summary": {"covered_lines": 23, "num_statements": 28, "percent_covered": 80.55555555555556, "percent_covered_display": "81", "missing_lines": 5, "excluded_lines": 0, "num_branches": 8, "num_partial_branches": 2, "covered_branches": 6, "missing_branches": 2}, "missing_lines": [212, 219, 248, 249, 250], "excluded_lines": [], "executed_branches": [[206, 207], [206, 242], [211, 215], [218, 222], [242, 243], [242, 246]], "missing_branches": [[211, 212], [218, 219]]}, "AdvancedPortfolioOptimizer._calculate_returns_and_covariance": {"executed_lines": [256, 257, 259, 263, 264, 269, 272, 274], "summary": {"covered_lines": 8, "num_statements": 12, "percent_covered": 64.28571428571429, "percent_covered_display": "64", "missing_lines": 4, "excluded_lines": 0, "num_branches": 2, "num_partial_branches": 1, "covered_branches": 1, "missing_branches": 1}, "missing_lines": [260, 276, 277, 278], "excluded_lines": [], "executed_branches": [[259, 263]], "missing_branches": [[259, 260]]}, "AdvancedPortfolioOptimizer._calculate_expected_returns": {"executed_lines": [284, 286, 289, 292, 293, 294, 297, 299], "summary": {"covered_lines": 8, "num_statements": 11, "percent_covered": 72.72727272727273, "percent_covered_display": "73", "missing_lines": 3, "excluded_lines": 0, "num_branches": 0, "num_partial_branches": 0, "covered_branches": 0, "missing_branches": 0}, "missing_lines": [301, 302, 303], "excluded_lines": [], "executed_branches": [], "missing_branches": []}, "AdvancedPortfolioOptimizer._optimize_max_sharpe": {"executed_lines": [309, 310, 313, 318, 324, 327, 340, 349, 350, 353, 354, 355, 356, 363, 367], "summary": {"covered_lines": 15, "num_statements": 18, "percent_covered": 80.0, "percent_covered_display": "80", "missing_lines": 3, "excluded_lines": 0, "num_branches": 2, "num_partial_branches": 1, "covered_branches": 1, "missing_branches": 1}, "missing_lines": [381, 382, 383], "excluded_lines": [], "executed_branches": [[349, 350]], "missing_branches": [[349, 353]]}, "AdvancedPortfolioOptimizer._optimize_max_sharpe.negative_sharpe_ratio": {"executed_lines": [328, 329, 333, 336, 337], "summary": {"covered_lines": 5, "num_statements": 6, "percent_covered": 75.0, "percent_covered_display": "75", "missing_lines": 1, "excluded_lines": 0, "num_branches": 2, "num_partial_branches": 1, "covered_branches": 1, "missing_branches": 1}, "missing_lines": [334], "excluded_lines": [], "executed_branches": [[333, 336]], "missing_branches": [[333, 334]]}, "AdvancedPortfolioOptimizer._optimize_mean_variance": {"executed_lines": [393, 394, 397, 399, 400, 408, 414, 417, 421, 430, 431, 436, 437, 438, 439, 445], "summary": {"covered_lines": 16, "num_statements": 19, "percent_covered": 78.26086956521739, "percent_covered_display": "78", "missing_lines": 3, "excluded_lines": 0, "num_branches": 4, "num_partial_branches": 2, "covered_branches": 2, "missing_branches": 2}, "missing_lines": [461, 462, 463], "excluded_lines": [], "executed_branches": [[399, 400], [430, 431]], "missing_branches": [[399, 408], [430, 436]]}, "AdvancedPortfolioOptimizer._optimize_mean_variance.portfolio_variance": {"executed_lines": [418], "summary": {"covered_lines": 1, "num_statements": 1, "percent_covered": 100.0, "percent_covered_display": "100", "missing_lines": 0, "excluded_lines": 0, "num_branches": 0, "num_partial_branches": 0, "covered_branches": 0, "missing_branches": 0}, "missing_lines": [], "excluded_lines": [], "executed_branches": [], "missing_branches": []}, "AdvancedPortfolioOptimizer._optimize_black_litterman": {"executed_lines": [472, 473, 476, 479, 482, 485, 490], "summary": {"covered_lines": 7, "num_statements": 10, "percent_covered": 70.0, "percent_covered_display": "70", "missing_lines": 3, "excluded_lines": 0, "num_branches": 0, "num_partial_branches": 0, "covered_branches": 0, "missing_branches": 0}, "missing_lines": [492, 493, 494], "excluded_lines": [], "executed_branches": [], "missing_branches": []}, "AdvancedPortfolioOptimizer._optimize_risk_parity": {"executed_lines": [498, 499, 502, 503, 506, 508], "summary": {"covered_lines": 6, "num_statements": 9, "percent_covered": 66.66666666666667, "percent_covered_display": "67", "missing_lines": 3, "excluded_lines": 0, "num_branches": 0, "num_partial_branches": 0, "covered_branches": 0, "missing_branches": 0}, "missing_lines": [524, 525, 526], "excluded_lines": [], "executed_branches": [], "missing_branches": []}, "AdvancedPortfolioOptimizer._calculate_black_litterman_returns": {"executed_lines": [536, 538, 541, 543], "summary": {"covered_lines": 4, "num_statements": 7, "percent_covered": 57.142857142857146, "percent_covered_display": "57", "missing_lines": 3, "excluded_lines": 0, "num_branches": 0, "num_partial_branches": 0, "covered_branches": 0, "missing_branches": 0}, "missing_lines": [545, 546, 547], "excluded_lines": [], "executed_branches": [], "missing_branches": []}, "AdvancedPortfolioOptimizer._calculate_diversification_score": {"executed_lines": [553, 555, 556, 557, 560, 561, 562, 569, 573], "summary": {"covered_lines": 9, "num_statements": 12, "percent_covered": 75.0, "percent_covered_display": "75", "missing_lines": 3, "excluded_lines": 0, "num_branches": 0, "num_partial_branches": 0, "covered_branches": 0, "missing_branches": 0}, "missing_lines": [575, 576, 577], "excluded_lines": [], "executed_branches": [], "missing_branches": []}, "AdvancedPortfolioOptimizer._ensure_positive_definite": {"executed_lines": [581, 583, 586, 589, 593], "summary": {"covered_lines": 5, "num_statements": 8, "percent_covered": 62.5, "percent_covered_display": "62", "missing_lines": 3, "excluded_lines": 0, "num_branches": 0, "num_partial_branches": 0, "covered_branches": 0, "missing_branches": 0}, "missing_lines": [595, 596, 597], "excluded_lines": [], "executed_branches": [], "missing_branches": []}, "AdvancedPortfolioOptimizer._determine_risk_level": {"executed_lines": [602, 603, 604, 605, 606, 607, 609], "summary": {"covered_lines": 7, "num_statements": 7, "percent_covered": 100.0, "percent_covered_display": "100", "missing_lines": 0, "excluded_lines": 0, "num_branches": 6, "num_partial_branches": 0, "covered_branches": 6, "missing_branches": 0}, "missing_lines": [], "excluded_lines": [], "executed_branches": [[602, 603], [602, 604], [604, 605], [604, 606], [606, 607], [606, 609]], "missing_branches": []}, "AdvancedPortfolioOptimizer._calculate_optimization_confidence": {"executed_lines": [613, 615, 618, 621, 623], "summary": {"covered_lines": 5, "num_statements": 8, "percent_covered": 62.5, "percent_covered_display": "62", "missing_lines": 3, "excluded_lines": 0, "num_branches": 0, "num_partial_branches": 0, "covered_branches": 0, "missing_branches": 0}, "missing_lines": [625, 626, 627], "excluded_lines": [], "executed_branches": [], "missing_branches": []}, "AdvancedPortfolioOptimizer._validate_and_adjust_result": {"executed_lines": [633, 635, 636, 639, 643, 644, 645, 648, 650], "summary": {"covered_lines": 9, "num_statements": 14, "percent_covered": 61.111111111111114, "percent_covered_display": "61", "missing_lines": 5, "excluded_lines": 0, "num_branches": 4, "num_partial_branches": 2, "covered_branches": 2, "missing_branches": 2}, "missing_lines": [640, 641, 664, 665, 666], "excluded_lines": [], "executed_branches": [[639, 643], [643, 644]], "missing_branches": [[639, 640], [643, 648]]}, "AdvancedPortfolioOptimizer._verify_sharpe_improvement": {"executed_lines": [670, 672, 675, 680, 681, 683, 684, 690], "summary": {"covered_lines": 8, "num_statements": 12, "percent_covered": 64.28571428571429, "percent_covered_display": "64", "missing_lines": 4, "excluded_lines": 0, "num_branches": 2, "num_partial_branches": 1, "covered_branches": 1, "missing_branches": 1}, "missing_lines": [686, 692, 693, 694], "excluded_lines": [], "executed_branches": [[683, 684]], "missing_branches": [[683, 686]]}, "AdvancedPortfolioOptimizer.calculate_risk_metrics": {"executed_lines": [703, 704, 707, 710, 711, 714, 715, 718, 719, 720, 721, 724, 725, 726, 733, 734, 737, 744, 749, 750, 751, 753], "summary": {"covered_lines": 22, "num_statements": 25, "percent_covered": 88.0, "percent_covered_display": "88", "missing_lines": 3, "excluded_lines": 0, "num_branches": 0, "num_partial_branches": 0, "covered_branches": 0, "missing_branches": 0}, "missing_lines": [771, 772, 773], "excluded_lines": [], "executed_branches": [], "missing_branches": []}, "AdvancedPortfolioOptimizer._calculate_skewness": {"executed_lines": [777, 778, 780], "summary": {"covered_lines": 3, "num_statements": 5, "percent_covered": 60.0, "percent_covered_display": "60", "missing_lines": 2, "excluded_lines": 0, "num_branches": 0, "num_partial_branches": 0, "covered_branches": 0, "missing_branches": 0}, "missing_lines": [781, 782], "excluded_lines": [], "executed_branches": [], "missing_branches": []}, "AdvancedPortfolioOptimizer._calculate_kurtosis": {"executed_lines": [786, 787, 789], "summary": {"covered_lines": 3, "num_statements": 5, "percent_covered": 60.0, "percent_covered_display": "60", "missing_lines": 2, "excluded_lines": 0, "num_branches": 0, "num_partial_branches": 0, "covered_branches": 0, "missing_branches": 0}, "missing_lines": [790, 791], "excluded_lines": [], "executed_branches": [], "missing_branches": []}, "AdvancedPortfolioOptimizer.generate_recommendations": {"executed_lines": [800, 801, 826, 827, 835, 844, 853], "summary": {"covered_lines": 7, "num_statements": 12, "percent_covered": 55.55555555555556, "percent_covered_display": "56", "missing_lines": 5, "excluded_lines": 0, "num_branches": 6, "num_partial_branches": 3, "covered_branches": 3, "missing_branches": 3}, "missing_lines": [836, 845, 855, 856, 857], "excluded_lines": [], "executed_branches": [[826, 827], [835, 844], [844, 853]], "missing_branches": [[826, 835], [835, 836], [844, 845]]}, "": {"executed_lines": [1, 6, 7, 8, 9, 10, 11, 12, 13, 15, 18, 19, 20, 22, 23, 24, 25, 26, 27, 28, 29, 30, 31, 32, 35, 36, 37, 39, 40, 41, 42, 43, 44, 45, 46, 47, 48, 49, 50, 51, 52, 53, 56, 57, 59, 77, 99, 171, 187, 252, 280, 305, 385, 465, 496, 528, 549, 579, 599, 611, 629, 668, 696, 775, 784, 793], "summary": {"covered_lines": 62, "num_statements": 62, "percent_covered": 100.0, "percent_covered_display": "100", "missing_lines": 0, "excluded_lines": 0, "num_branches": 0, "num_partial_branches": 0, "covered_branches": 0, "missing_branches": 0}, "missing_lines": [], "excluded_lines": [], "executed_branches": [], "missing_branches": []}}, "classes": {"OptimizationResult": {"executed_lines": [], "summary": {"covered_lines": 0, "num_statements": 0, "percent_covered": 100.0, "percent_covered_display": "100", "missing_lines": 0, "excluded_lines": 0, "num_branches": 0, "num_partial_branches": 0, "covered_branches": 0, "missing_branches": 0}, "missing_lines": [], "excluded_lines": [], "executed_branches": [], "missing_branches": []}, "RiskMetrics": {"executed_lines": [], "summary": {"covered_lines": 0, "num_statements": 0, "percent_covered": 100.0, "percent_covered_display": "100", "missing_lines": 0, "excluded_lines": 0, "num_branches": 0, "num_partial_branches": 0, "covered_branches": 0, "missing_branches": 0}, "missing_lines": [], "excluded_lines": [], "executed_branches": [], "missing_branches": []}, "AdvancedPortfolioOptimizer": {"executed_lines": [61, 62, 65, 66, 67, 70, 71, 72, 75, 79, 122, 124, 129, 130, 133, 138, 143, 144, 159, 162, 164, 173, 194, 195, 206, 207, 208, 211, 215, 218, 222, 225, 228, 231, 233, 234, 235, 236, 237, 238, 239, 242, 243, 244, 246, 256, 257, 259, 263, 264, 269, 272, 274, 284, 286, 289, 292, 293, 294, 297, 299, 309, 310, 313, 318, 324, 327, 328, 329, 333, 336, 337, 340, 349, 350, 353, 354, 355, 356, 363, 367, 393, 394, 397, 399, 400, 408, 414, 417, 418, 421, 430, 431, 436, 437, 438, 439, 445, 472, 473, 476, 479, 482, 485, 490, 498, 499, 502, 503, 506, 508, 536, 538, 541, 543, 553, 555, 556, 557, 560, 561, 562, 569, 573, 581, 583, 586, 589, 593, 602, 603, 604, 605, 606, 607, 609, 613, 615, 618, 621, 623, 633, 635, 636, 639, 643, 644, 645, 648, 650, 670, 672, 675, 680, 681, 683, 684, 690, 703, 704, 707, 710, 711, 714, 715, 718, 719, 720, 721, 724, 725, 726, 733, 734, 737, 744, 749, 750, 751, 753, 777, 778, 780, 786, 787, 789, 800, 801, 826, 827, 835, 844, 853], "summary": {"covered_lines": 193, "num_statements": 261, "percent_covered": 71.33550488599349, "percent_covered_display": "71", "missing_lines": 68, "excluded_lines": 0, "num_branches": 46, "num_partial_branches": 14, "covered_branches": 26, "missing_branches": 20}, "missing_lines": [145, 146, 149, 150, 153, 154, 156, 166, 167, 169, 212, 219, 248, 249, 250, 260, 276, 277, 278, 301, 302, 303, 334, 381, 382, 383, 461, 462, 463, 492, 493, 494, 524, 525, 526, 545, 546, 547, 575, 576, 577, 595, 596, 597, 625, 626, 627, 640, 641, 664, 665, 666, 686, 692, 693, 694, 771, 772, 773, 781, 782, 790, 791, 836, 845, 855, 856, 857], "excluded_lines": [], "executed_branches": [[129, 130], [129, 133], [143, 144], [206, 207], [206, 242], [211, 215], [218, 222], [242, 243], [242, 246], [259, 263], [333, 336], [349, 350], [399, 400], [430, 431], [602, 603], [602, 604], [604, 605], [604, 606], [606, 607], [606, 609], [639, 643], [643, 644], [683, 684], [826, 827], [835, 844], [844, 853]], "missing_branches": [[143, 145], [145, 146], [145, 149], [149, 150], [149, 153], [153, 154], [153, 156], [211, 212], [218, 219], [259, 260], [333, 334], [349, 353], [399, 408], [430, 436], [639, 640], [643, 648], [683, 686], [826, 835], [835, 836], [844, 845]]}, "": {"executed_lines": [1, 6, 7, 8, 9, 10, 11, 12, 13, 15, 18, 19, 20, 22, 23, 24, 25, 26, 27, 28, 29, 30, 31, 32, 35, 36, 37, 39, 40, 41, 42, 43, 44, 45, 46, 47, 48, 49, 50, 51, 52, 53, 56, 57, 59, 77, 99, 171, 187, 252, 280, 305, 385, 465, 496, 528, 549, 579, 599, 611, 629, 668, 696, 775, 784, 793], "summary": {"covered_lines": 62, "num_statements": 62, "percent_covered": 100.0, "percent_covered_display": "100", "missing_lines": 0, "excluded_lines": 0, "num_branches": 0, "num_partial_branches": 0, "covered_branches": 0, "missing_branches": 0}, "missing_lines": [], "excluded_lines": [], "executed_branches": [], "missing_branches": []}}}, "core/advanced_position_sizing.py": {"executed_lines": [2, 7, 8, 9, 10, 13, 14, 16, 18, 19, 22, 25, 28, 33, 34, 37, 38, 43, 44, 46, 62, 64, 69, 72, 73, 80, 81, 88, 93, 94, 99, 104, 108, 126, 127, 128, 130, 134, 136, 137, 140, 141, 143, 145, 147, 148, 149, 151, 153, 154, 156, 157, 159, 165, 169, 170, 172, 173, 176, 177, 179, 181, 182, 183, 185, 189, 190, 192, 193, 196, 198, 200, 201, 202, 204, 208, 210, 211, 214, 217, 219, 221, 222, 223, 225, 232, 233, 234, 237, 238, 239, 240, 241, 242, 243, 246, 255, 256, 257, 260, 263, 265, 275, 276, 277, 279, 281, 282, 283, 286, 287, 290, 291, 292, 293, 298, 300, 302, 303, 304, 306, 317, 319, 320, 321, 324, 325, 326, 327, 328, 329, 330, 333, 343, 349, 350, 351, 352, 359, 367, 368, 369, 371, 383, 385, 388, 397, 401, 418, 422, 423, 425, 426, 427, 428, 429, 430, 431, 434, 437, 442, 444, 455, 457, 458, 459, 461, 470, 472, 476, 477, 478, 481, 482, 486, 487, 489, 490, 492, 501, 502, 504, 511, 512, 513, 515, 519, 520, 521, 523, 524, 526, 527, 532, 538, 539, 542, 543, 545, 559, 561, 562, 563, 565, 566, 568, 569, 570, 572, 578, 582, 583, 585, 586, 587, 589, 590, 593, 595, 597, 598, 599, 601, 605, 607, 610, 612, 614, 615, 616, 618, 627, 628, 629, 632, 635, 638, 642, 652, 653, 654, 664, 671, 672, 675, 676, 679, 680, 681, 682, 683, 686, 691, 692, 694, 703, 705, 714, 715, 716, 718, 722, 724, 726, 729, 731, 733, 734, 735, 737, 741, 742, 744, 745, 746, 747, 748, 751, 752, 760, 769, 779, 788, 800, 801, 802], "summary": {"covered_lines": 284, "num_statements": 303, "percent_covered": 91.87675070028011, "percent_covered_display": "92", "missing_lines": 19, "excluded_lines": 0, "num_branches": 54, "num_partial_branches": 10, "covered_branches": 44, "missing_branches": 10}, "missing_lines": [77, 85, 161, 162, 163, 295, 414, 415, 416, 483, 555, 556, 557, 574, 575, 576, 673, 761, 770], "excluded_lines": [], "executed_branches": [[72, 73], [80, 81], [93, 94], [93, 99], [170, 172], [170, 176], [190, 192], [190, 196], [237, 238], [237, 260], [255, 256], [282, 283], [282, 286], [291, 292], [324, 325], [324, 359], [349, 350], [425, 426], [425, 455], [481, 482], [481, 504], [482, 486], [489, 490], [520, 521], [520, 523], [526, 527], [526, 542], [562, 563], [562, 565], [568, 569], [568, 572], [583, 585], [583, 587], [587, 589], [587, 593], [672, 675], [679, 680], [679, 705], [744, 745], [744, 788], [751, 752], [751, 760], [760, 769], [769, 779]], "missing_branches": [[72, 77], [80, 85], [255, 237], [291, 295], [349, 324], [482, 483], [489, 481], [672, 673], [760, 761], [769, 770]], "functions": {"AdvancedPositionSizing.__init__": {"executed_lines": [18, 19, 22, 25, 28, 33, 34, 37, 38, 43, 44], "summary": {"covered_lines": 11, "num_statements": 11, "percent_covered": 100.0, "percent_covered_display": "100", "missing_lines": 0, "excluded_lines": 0, "num_branches": 0, "num_partial_branches": 0, "covered_branches": 0, "missing_branches": 0}, "missing_lines": [], "excluded_lines": [], "executed_branches": [], "missing_branches": []}, "AdvancedPositionSizing.calculate_position_size": {"executed_lines": [62, 64, 69, 72, 73, 80, 81, 88, 93, 94, 99, 104, 108, 126, 127, 128], "summary": {"covered_lines": 16, "num_statements": 18, "percent_covered": 83.33333333333333, "percent_covered_display": "83", "missing_lines": 2, "excluded_lines": 0, "num_branches": 6, "num_partial_branches": 2, "covered_branches": 4, "missing_branches": 2}, "missing_lines": [77, 85], "excluded_lines": [], "executed_branches": [[72, 73], [80, 81], [93, 94], [93, 99]], "missing_branches": [[72, 77], [80, 85]]}, "AdvancedPositionSizing._calculate_base_position_size": {"executed_lines": [134, 136, 137, 140, 141, 143, 145, 147, 148, 149], "summary": {"covered_lines": 10, "num_statements": 10, "percent_covered": 100.0, "percent_covered_display": "100", "missing_lines": 0, "excluded_lines": 0, "num_branches": 0, "num_partial_branches": 0, "covered_branches": 0, "missing_branches": 0}, "missing_lines": [], "excluded_lines": [], "executed_branches": [], "missing_branches": []}, "AdvancedPositionSizing._apply_risk_adjustment": {"executed_lines": [153, 154, 156, 157, 159], "summary": {"covered_lines": 5, "num_statements": 8, "percent_covered": 62.5, "percent_covered_display": "62", "missing_lines": 3, "excluded_lines": 0, "num_branches": 0, "num_partial_branches": 0, "covered_branches": 0, "missing_branches": 0}, "missing_lines": [161, 162, 163], "excluded_lines": [], "executed_branches": [], "missing_branches": []}, "AdvancedPositionSizing._apply_volatility_adjustment": {"executed_lines": [169, 170, 172, 173, 176, 177, 179, 181, 182, 183], "summary": {"covered_lines": 10, "num_statements": 10, "percent_covered": 100.0, "percent_covered_display": "100", "missing_lines": 0, "excluded_lines": 0, "num_branches": 2, "num_partial_branches": 0, "covered_branches": 2, "missing_branches": 0}, "missing_lines": [], "excluded_lines": [], "executed_branches": [[170, 172], [170, 176]], "missing_branches": []}, "AdvancedPositionSizing._apply_correlation_adjustment": {"executed_lines": [189, 190, 192, 193, 196, 198, 200, 201, 202], "summary": {"covered_lines": 9, "num_statements": 9, "percent_covered": 100.0, "percent_covered_display": "100", "missing_lines": 0, "excluded_lines": 0, "num_branches": 2, "num_partial_branches": 0, "covered_branches": 2, "missing_branches": 0}, "missing_lines": [], "excluded_lines": [], "executed_branches": [[190, 192], [190, 196]], "missing_branches": []}, "AdvancedPositionSizing._apply_final_adjustments": {"executed_lines": [208, 210, 211, 214, 217, 219, 221, 222, 223], "summary": {"covered_lines": 9, "num_statements": 9, "percent_covered": 100.0, "percent_covered_display": "100", "missing_lines": 0, "excluded_lines": 0, "num_branches": 0, "num_partial_branches": 0, "covered_branches": 0, "missing_branches": 0}, "missing_lines": [], "excluded_lines": [], "executed_branches": [], "missing_branches": []}, "AdvancedPositionSizing.calculate_portfolio_position_sizes": {"executed_lines": [232, 233, 234, 237, 238, 239, 240, 241, 242, 243, 246, 255, 256, 257, 260, 263, 265, 275, 276, 277], "summary": {"covered_lines": 20, "num_statements": 20, "percent_covered": 95.83333333333333, "percent_covered_display": "96", "missing_lines": 0, "excluded_lines": 0, "num_branches": 4, "num_partial_branches": 1, "covered_branches": 3, "missing_branches": 1}, "missing_lines": [], "excluded_lines": [], "executed_branches": [[237, 238], [237, 260], [255, 256]], "missing_branches": [[255, 237]]}, "AdvancedPositionSizing._calculate_diversification_score": {"executed_lines": [281, 282, 283, 286, 287, 290, 291, 292, 293, 298, 300, 302, 303, 304], "summary": {"covered_lines": 14, "num_statements": 15, "percent_covered": 89.47368421052632, "percent_covered_display": "89", "missing_lines": 1, "excluded_lines": 0, "num_branches": 4, "num_partial_branches": 1, "covered_branches": 3, "missing_branches": 1}, "missing_lines": [295], "excluded_lines": [], "executed_branches": [[282, 283], [282, 286], [291, 292]], "missing_branches": [[291, 295]]}, "AdvancedPositionSizing.optimize_position_sizes": {"executed_lines": [317, 319, 320, 321, 324, 325, 326, 327, 328, 329, 330, 333, 343, 349, 350, 351, 352, 359, 367, 368, 369], "summary": {"covered_lines": 21, "num_statements": 21, "percent_covered": 96.0, "percent_covered_display": "96", "missing_lines": 0, "excluded_lines": 0, "num_branches": 4, "num_partial_branches": 1, "covered_branches": 3, "missing_branches": 1}, "missing_lines": [], "excluded_lines": [], "executed_branches": [[324, 325], [324, 359], [349, 350]], "missing_branches": [[349, 324]]}, "AdvancedPositionSizing.optimize_portfolio_allocation": {"executed_lines": [383, 385, 388, 397, 401], "summary": {"covered_lines": 5, "num_statements": 8, "percent_covered": 62.5, "percent_covered_display": "62", "missing_lines": 3, "excluded_lines": 0, "num_branches": 0, "num_partial_branches": 0, "covered_branches": 0, "missing_branches": 0}, "missing_lines": [414, 415, 416], "excluded_lines": [], "executed_branches": [], "missing_branches": []}, "AdvancedPositionSizing._analyze_stock_risk_return": {"executed_lines": [422, 423, 425, 426, 427, 428, 429, 430, 431, 434, 437, 442, 444, 455, 457, 458, 459], "summary": {"covered_lines": 17, "num_statements": 17, "percent_covered": 100.0, "percent_covered_display": "100", "missing_lines": 0, "excluded_lines": 0, "num_branches": 2, "num_partial_branches": 0, "covered_branches": 2, "missing_branches": 0}, "missing_lines": [], "excluded_lines": [], "executed_branches": [[425, 426], [425, 455]], "missing_branches": []}, "AdvancedPositionSizing._calculate_optimal_allocation": {"executed_lines": [470, 472, 476, 477, 478, 481, 482, 486, 487, 489, 490, 492, 501, 502, 504, 511, 512, 513], "summary": {"covered_lines": 18, "num_statements": 19, "percent_covered": 88.0, "percent_covered_display": "88", "missing_lines": 1, "excluded_lines": 0, "num_branches": 6, "num_partial_branches": 2, "covered_branches": 4, "missing_branches": 2}, "missing_lines": [483], "excluded_lines": [], "executed_branches": [[481, 482], [481, 504], [482, 486], [489, 490]], "missing_branches": [[482, 483], [489, 481]]}, "AdvancedPositionSizing._validate_optimization_result": {"executed_lines": [519, 520, 521, 523, 524, 526, 527, 532, 538, 539, 542, 543, 545], "summary": {"covered_lines": 13, "num_statements": 16, "percent_covered": 85.0, "percent_covered_display": "85", "missing_lines": 3, "excluded_lines": 0, "num_branches": 4, "num_partial_branches": 0, "covered_branches": 4, "missing_branches": 0}, "missing_lines": [555, 556, 557], "excluded_lines": [], "executed_branches": [[520, 521], [520, 523], [526, 527], [526, 542]], "missing_branches": []}, "AdvancedPositionSizing._calculate_risk_return_ratio": {"executed_lines": [561, 562, 563, 565, 566, 568, 569, 570, 572], "summary": {"covered_lines": 9, "num_statements": 12, "percent_covered": 81.25, "percent_covered_display": "81", "missing_lines": 3, "excluded_lines": 0, "num_branches": 4, "num_partial_branches": 0, "covered_branches": 4, "missing_branches": 0}, "missing_lines": [574, 575, 576], "excluded_lines": [], "executed_branches": [[562, 563], [562, 565], [568, 569], [568, 572]], "missing_branches": []}, "AdvancedPositionSizing._apply_portfolio_correlation_adjustment": {"executed_lines": [582, 583, 585, 586, 587, 589, 590, 593, 595, 597, 598, 599], "summary": {"covered_lines": 12, "num_statements": 12, "percent_covered": 100.0, "percent_covered_display": "100", "missing_lines": 0, "excluded_lines": 0, "num_branches": 4, "num_partial_branches": 0, "covered_branches": 4, "missing_branches": 0}, "missing_lines": [], "excluded_lines": [], "executed_branches": [[583, 585], [583, 587], [587, 589], [587, 593]], "missing_branches": []}, "AdvancedPositionSizing._apply_max_loss_limit": {"executed_lines": [605, 607, 610, 612, 614, 615, 616], "summary": {"covered_lines": 7, "num_statements": 7, "percent_covered": 100.0, "percent_covered_display": "100", "missing_lines": 0, "excluded_lines": 0, "num_branches": 0, "num_partial_branches": 0, "covered_branches": 0, "missing_branches": 0}, "missing_lines": [], "excluded_lines": [], "executed_branches": [], "missing_branches": []}, "AdvancedPositionSizing._calculate_position_risk_metrics": {"executed_lines": [627, 628, 629, 632, 635, 638, 642, 652, 653, 654], "summary": {"covered_lines": 10, "num_statements": 10, "percent_covered": 100.0, "percent_covered_display": "100", "missing_lines": 0, "excluded_lines": 0, "num_branches": 0, "num_partial_branches": 0, "covered_branches": 0, "missing_branches": 0}, "missing_lines": [], "excluded_lines": [], "executed_branches": [], "missing_branches": []}, "AdvancedPositionSizing.calculate_individual_stock_limits": {"executed_lines": [671, 672, 675, 676, 679, 680, 681, 682, 683, 686, 691, 692, 694, 703, 705, 714, 715, 716], "summary": {"covered_lines": 18, "num_statements": 19, "percent_covered": 91.30434782608695, "percent_covered_display": "91", "missing_lines": 1, "excluded_lines": 0, "num_branches": 4, "num_partial_branches": 1, "covered_branches": 3, "missing_branches": 1}, "missing_lines": [673], "excluded_lines": [], "executed_branches": [[672, 675], [679, 680], [679, 705]], "missing_branches": [[672, 673]]}, "AdvancedPositionSizing._calculate_individual_risk_score": {"executed_lines": [722, 724, 726, 729, 731, 733, 734, 735], "summary": {"covered_lines": 8, "num_statements": 8, "percent_covered": 100.0, "percent_covered_display": "100", "missing_lines": 0, "excluded_lines": 0, "num_branches": 0, "num_partial_branches": 0, "covered_branches": 0, "missing_branches": 0}, "missing_lines": [], "excluded_lines": [], "executed_branches": [], "missing_branches": []}, "AdvancedPositionSizing.get_position_sizing_recommendations": {"executed_lines": [741, 742, 744, 745, 746, 747, 748, 751, 752, 760, 769, 779, 788, 800, 801, 802], "summary": {"covered_lines": 16, "num_statements": 18, "percent_covered": 84.61538461538461, "percent_covered_display": "85", "missing_lines": 2, "excluded_lines": 0, "num_branches": 8, "num_partial_branches": 2, "covered_branches": 6, "missing_branches": 2}, "missing_lines": [761, 770], "excluded_lines": [], "executed_branches": [[744, 745], [744, 788], [751, 752], [751, 760], [760, 769], [769, 779]], "missing_branches": [[760, 761], [769, 770]]}, "": {"executed_lines": [2, 7, 8, 9, 10, 13, 14, 16, 46, 130, 151, 165, 185, 204, 225, 279, 306, 371, 418, 461, 515, 559, 578, 601, 618, 664, 718, 737], "summary": {"covered_lines": 26, "num_statements": 26, "percent_covered": 100.0, "percent_covered_display": "100", "missing_lines": 0, "excluded_lines": 0, "num_branches": 0, "num_partial_branches": 0, "covered_branches": 0, "missing_branches": 0}, "missing_lines": [], "excluded_lines": [], "executed_branches": [], "missing_branches": []}}, "classes": {"AdvancedPositionSizing": {"executed_lines": [18, 19, 22, 25, 28, 33, 34, 37, 38, 43, 44, 62, 64, 69, 72, 73, 80, 81, 88, 93, 94, 99, 104, 108, 126, 127, 128, 134, 136, 137, 140, 141, 143, 145, 147, 148, 149, 153, 154, 156, 157, 159, 169, 170, 172, 173, 176, 177, 179, 181, 182, 183, 189, 190, 192, 193, 196, 198, 200, 201, 202, 208, 210, 211, 214, 217, 219, 221, 222, 223, 232, 233, 234, 237, 238, 239, 240, 241, 242, 243, 246, 255, 256, 257, 260, 263, 265, 275, 276, 277, 281, 282, 283, 286, 287, 290, 291, 292, 293, 298, 300, 302, 303, 304, 317, 319, 320, 321, 324, 325, 326, 327, 328, 329, 330, 333, 343, 349, 350, 351, 352, 359, 367, 368, 369, 383, 385, 388, 397, 401, 422, 423, 425, 426, 427, 428, 429, 430, 431, 434, 437, 442, 444, 455, 457, 458, 459, 470, 472, 476, 477, 478, 481, 482, 486, 487, 489, 490, 492, 501, 502, 504, 511, 512, 513, 519, 520, 521, 523, 524, 526, 527, 532, 538, 539, 542, 543, 545, 561, 562, 563, 565, 566, 568, 569, 570, 572, 582, 583, 585, 586, 587, 589, 590, 593, 595, 597, 598, 599, 605, 607, 610, 612, 614, 615, 616, 627, 628, 629, 632, 635, 638, 642, 652, 653, 654, 671, 672, 675, 676, 679, 680, 681, 682, 683, 686, 691, 692, 694, 703, 705, 714, 715, 716, 722, 724, 726, 729, 731, 733, 734, 735, 741, 742, 744, 745, 746, 747, 748, 751, 752, 760, 769, 779, 788, 800, 801, 802], "summary": {"covered_lines": 258, "num_statements": 277, "percent_covered": 91.23867069486406, "percent_covered_display": "91", "missing_lines": 19, "excluded_lines": 0, "num_branches": 54, "num_partial_branches": 10, "covered_branches": 44, "missing_branches": 10}, "missing_lines": [77, 85, 161, 162, 163, 295, 414, 415, 416, 483, 555, 556, 557, 574, 575, 576, 673, 761, 770], "excluded_lines": [], "executed_branches": [[72, 73], [80, 81], [93, 94], [93, 99], [170, 172], [170, 176], [190, 192], [190, 196], [237, 238], [237, 260], [255, 256], [282, 283], [282, 286], [291, 292], [324, 325], [324, 359], [349, 350], [425, 426], [425, 455], [481, 482], [481, 504], [482, 486], [489, 490], [520, 521], [520, 523], [526, 527], [526, 542], [562, 563], [562, 565], [568, 569], [568, 572], [583, 585], [583, 587], [587, 589], [587, 593], [672, 675], [679, 680], [679, 705], [744, 745], [744, 788], [751, 752], [751, 760], [760, 769], [769, 779]], "missing_branches": [[72, 77], [80, 85], [255, 237], [291, 295], [349, 324], [482, 483], [489, 481], [672, 673], [760, 761], [769, 770]]}, "": {"executed_lines": [2, 7, 8, 9, 10, 13, 14, 16, 46, 130, 151, 165, 185, 204, 225, 279, 306, 371, 418, 461, 515, 559, 578, 601, 618, 664, 718, 737], "summary": {"covered_lines": 26, "num_statements": 26, "percent_covered": 100.0, "percent_covered_display": "100", "missing_lines": 0, "excluded_lines": 0, "num_branches": 0, "num_partial_branches": 0, "covered_branches": 0, "missing_branches": 0}, "missing_lines": [], "excluded_lines": [], "executed_branches": [], "missing_branches": []}}}, "core/advanced_quantity_calculator.py": {"executed_lines": [2, 7, 8, 9, 12, 13, 14, 16, 17, 18, 19, 20, 21, 22, 23, 24, 25, 26, 27, 30, 31, 33, 35, 36, 39, 40, 41, 42, 45, 46, 49, 50, 51, 54, 55, 57, 69, 70, 73, 78, 83, 84, 89, 90, 95, 100, 101, 106, 111, 112, 113, 114, 117, 120, 125, 130, 135, 137, 152, 153, 159, 163, 165, 166, 167, 169, 170, 173, 176, 177, 180, 182, 184, 185, 186, 188, 192, 194, 197, 200, 203, 205, 211, 213, 215, 216, 217, 219, 220, 222, 224, 225, 231, 235, 237, 239, 240, 242, 247, 248, 252, 253, 259, 263, 264, 266, 267, 268, 269, 270, 271, 272, 276, 277, 278, 279, 281, 282, 288, 292, 293, 296, 298, 299, 301, 303, 304, 310, 312, 314, 317, 320, 323, 324, 325, 327, 329, 330, 331, 333, 341, 343, 344, 347, 349, 355, 363, 364, 365, 367, 373, 377, 379, 380, 382, 388, 390, 391, 392, 393, 394, 395, 396, 397, 399, 401, 403, 408, 416, 417, 419, 420, 421, 427, 433, 450, 454, 455, 456, 457, 459, 460, 461, 464, 465, 468, 471, 473], "summary": {"covered_lines": 185, "num_statements": 225, "percent_covered": 82.31046931407943, "percent_covered_display": "82", "missing_lines": 40, "excluded_lines": 0, "num_branches": 52, "num_partial_branches": 7, "covered_branches": 43, "missing_branches": 9}, "missing_lines": [155, 156, 157, 207, 208, 209, 218, 227, 228, 229, 249, 250, 255, 256, 257, 273, 284, 285, 286, 297, 306, 307, 308, 351, 352, 353, 369, 370, 371, 384, 385, 386, 425, 429, 430, 431, 435, 482, 483, 484], "excluded_lines": [], "executed_branches": [[83, 84], [89, 90], [89, 95], [100, 101], [100, 106], [215, 216], [215, 217], [217, 219], [219, 220], [219, 222], [239, 240], [239, 252], [240, 242], [247, 248], [266, 267], [266, 268], [268, 269], [268, 270], [270, 271], [270, 272], [272, 276], [276, 277], [276, 278], [278, 279], [278, 281], [296, 298], [298, 299], [298, 301], [324, 325], [324, 327], [390, 391], [390, 392], [392, 393], [392, 394], [394, 395], [394, 396], [396, 397], [396, 399], [419, 420], [419, 421], [421, 427], [459, 460], [459, 471]], "missing_branches": [[83, 89], [217, 218], [240, 239], [247, 249], [249, 239], [249, 250], [272, 273], [296, 297], [421, 425]], "functions": {"AdvancedQuantityCalculator.__init__": {"executed_lines": [35, 36, 39, 40, 41, 42, 45, 46, 49, 50, 51, 54, 55], "summary": {"covered_lines": 13, "num_statements": 13, "percent_covered": 100.0, "percent_covered_display": "100", "missing_lines": 0, "excluded_lines": 0, "num_branches": 0, "num_partial_branches": 0, "covered_branches": 0, "missing_branches": 0}, "missing_lines": [], "excluded_lines": [], "executed_branches": [], "missing_branches": []}, "AdvancedQuantityCalculator.calculate_optimal_quantity": {"executed_lines": [69, 70, 73, 78, 83, 84, 89, 90, 95, 100, 101, 106, 111, 112, 113, 114, 117, 120, 125, 130, 135, 137, 152, 153], "summary": {"covered_lines": 24, "num_statements": 27, "percent_covered": 87.87878787878788, "percent_covered_display": "88", "missing_lines": 3, "excluded_lines": 0, "num_branches": 6, "num_partial_branches": 1, "covered_branches": 5, "missing_branches": 1}, "missing_lines": [155, 156, 157], "excluded_lines": [], "executed_branches": [[83, 84], [89, 90], [89, 95], [100, 101], [100, 106]], "missing_branches": [[83, 89]]}, "AdvancedQuantityCalculator._calculate_base_quantity": {"executed_lines": [163, 165, 166, 167, 169, 170, 173, 176, 177, 180, 182, 184, 185, 186], "summary": {"covered_lines": 14, "num_statements": 14, "percent_covered": 100.0, "percent_covered_display": "100", "missing_lines": 0, "excluded_lines": 0, "num_branches": 0, "num_partial_branches": 0, "covered_branches": 0, "missing_branches": 0}, "missing_lines": [], "excluded_lines": [], "executed_branches": [], "missing_branches": []}, "AdvancedQuantityCalculator._apply_risk_adjustment": {"executed_lines": [192, 194, 197, 200, 203, 205], "summary": {"covered_lines": 6, "num_statements": 9, "percent_covered": 66.66666666666667, "percent_covered_display": "67", "missing_lines": 3, "excluded_lines": 0, "num_branches": 0, "num_partial_branches": 0, "covered_branches": 0, "missing_branches": 0}, "missing_lines": [207, 208, 209], "excluded_lines": [], "executed_branches": [], "missing_branches": []}, "AdvancedQuantityCalculator._apply_volatility_adjustment": {"executed_lines": [213, 215, 216, 217, 219, 220, 222, 224, 225], "summary": {"covered_lines": 9, "num_statements": 13, "percent_covered": 73.6842105263158, "percent_covered_display": "74", "missing_lines": 4, "excluded_lines": 0, "num_branches": 6, "num_partial_branches": 1, "covered_branches": 5, "missing_branches": 1}, "missing_lines": [218, 227, 228, 229], "excluded_lines": [], "executed_branches": [[215, 216], [215, 217], [217, 219], [219, 220], [219, 222]], "missing_branches": [[217, 218]]}, "AdvancedQuantityCalculator._apply_correlation_adjustment": {"executed_lines": [235, 237, 239, 240, 242, 247, 248, 252, 253], "summary": {"covered_lines": 9, "num_statements": 14, "percent_covered": 59.09090909090909, "percent_covered_display": "59", "missing_lines": 5, "excluded_lines": 0, "num_branches": 8, "num_partial_branches": 2, "covered_branches": 4, "missing_branches": 4}, "missing_lines": [249, 250, 255, 256, 257], "excluded_lines": [], "executed_branches": [[239, 240], [239, 252], [240, 242], [247, 248]], "missing_branches": [[240, 239], [247, 249], [249, 239], [249, 250]]}, "AdvancedQuantityCalculator._apply_market_condition_adjustment": {"executed_lines": [263, 264, 266, 267, 268, 269, 270, 271, 272, 276, 277, 278, 279, 281, 282], "summary": {"covered_lines": 15, "num_statements": 19, "percent_covered": 83.87096774193549, "percent_covered_display": "84", "missing_lines": 4, "excluded_lines": 0, "num_branches": 12, "num_partial_branches": 1, "covered_branches": 11, "missing_branches": 1}, "missing_lines": [273, 284, 285, 286], "excluded_lines": [], "executed_branches": [[266, 267], [266, 268], [268, 269], [268, 270], [270, 271], [270, 272], [272, 276], [276, 277], [276, 278], [278, 279], [278, 281]], "missing_branches": [[272, 273]]}, "AdvancedQuantityCalculator._apply_existing_position_adjustment": {"executed_lines": [292, 293, 296, 298, 299, 301, 303, 304], "summary": {"covered_lines": 8, "num_statements": 12, "percent_covered": 68.75, "percent_covered_display": "69", "missing_lines": 4, "excluded_lines": 0, "num_branches": 4, "num_partial_branches": 1, "covered_branches": 3, "missing_branches": 1}, "missing_lines": [297, 306, 307, 308], "excluded_lines": [], "executed_branches": [[296, 298], [298, 299], [298, 301]], "missing_branches": [[296, 297]]}, "AdvancedQuantityCalculator._apply_quantity_limits": {"executed_lines": [312, 314, 317, 320, 323, 324, 325, 327, 329, 330, 331], "summary": {"covered_lines": 11, "num_statements": 11, "percent_covered": 100.0, "percent_covered_display": "100", "missing_lines": 0, "excluded_lines": 0, "num_branches": 2, "num_partial_branches": 0, "covered_branches": 2, "missing_branches": 0}, "missing_lines": [], "excluded_lines": [], "executed_branches": [[324, 325], [324, 327]], "missing_branches": []}, "AdvancedQuantityCalculator._calculate_risk_amount": {"executed_lines": [341, 343, 344, 347, 349], "summary": {"covered_lines": 5, "num_statements": 8, "percent_covered": 62.5, "percent_covered_display": "62", "missing_lines": 3, "excluded_lines": 0, "num_branches": 0, "num_partial_branches": 0, "covered_branches": 0, "missing_branches": 0}, "missing_lines": [351, 352, 353], "excluded_lines": [], "executed_branches": [], "missing_branches": []}, "AdvancedQuantityCalculator._calculate_expected_return": {"executed_lines": [363, 364, 365, 367], "summary": {"covered_lines": 4, "num_statements": 7, "percent_covered": 57.142857142857146, "percent_covered_display": "57", "missing_lines": 3, "excluded_lines": 0, "num_branches": 0, "num_partial_branches": 0, "covered_branches": 0, "missing_branches": 0}, "missing_lines": [369, 370, 371], "excluded_lines": [], "executed_branches": [], "missing_branches": []}, "AdvancedQuantityCalculator._calculate_max_loss": {"executed_lines": [377, 379, 380, 382], "summary": {"covered_lines": 4, "num_statements": 7, "percent_covered": 57.142857142857146, "percent_covered_display": "57", "missing_lines": 3, "excluded_lines": 0, "num_branches": 0, "num_partial_branches": 0, "covered_branches": 0, "missing_branches": 0}, "missing_lines": [384, 385, 386], "excluded_lines": [], "executed_branches": [], "missing_branches": []}, "AdvancedQuantityCalculator._determine_confidence_level": {"executed_lines": [390, 391, 392, 393, 394, 395, 396, 397, 399], "summary": {"covered_lines": 9, "num_statements": 9, "percent_covered": 100.0, "percent_covered_display": "100", "missing_lines": 0, "excluded_lines": 0, "num_branches": 8, "num_partial_branches": 0, "covered_branches": 8, "missing_branches": 0}, "missing_lines": [], "excluded_lines": [], "executed_branches": [[390, 391], [390, 392], [392, 393], [392, 394], [394, 395], [394, 396], [396, 397], [396, 399]], "missing_branches": []}, "AdvancedQuantityCalculator._calculate_sector_correlation": {"executed_lines": [403, 408, 416, 417, 419, 420, 421, 427], "summary": {"covered_lines": 8, "num_statements": 12, "percent_covered": 68.75, "percent_covered_display": "69", "missing_lines": 4, "excluded_lines": 0, "num_branches": 4, "num_partial_branches": 1, "covered_branches": 3, "missing_branches": 1}, "missing_lines": [425, 429, 430, 431], "excluded_lines": [], "executed_branches": [[419, 420], [419, 421], [421, 427]], "missing_branches": [[421, 425]]}, "AdvancedQuantityCalculator._create_error_result": {"executed_lines": [], "summary": {"covered_lines": 0, "num_statements": 1, "percent_covered": 0.0, "percent_covered_display": "0", "missing_lines": 1, "excluded_lines": 0, "num_branches": 0, "num_partial_branches": 0, "covered_branches": 0, "missing_branches": 0}, "missing_lines": [435], "excluded_lines": [], "executed_branches": [], "missing_branches": []}, "AdvancedQuantityCalculator.calculate_portfolio_risk": {"executed_lines": [454, 455, 456, 457, 459, 460, 461, 464, 465, 468, 471, 473], "summary": {"covered_lines": 12, "num_statements": 15, "percent_covered": 82.3529411764706, "percent_covered_display": "82", "missing_lines": 3, "excluded_lines": 0, "num_branches": 2, "num_partial_branches": 0, "covered_branches": 2, "missing_branches": 0}, "missing_lines": [482, 483, 484], "excluded_lines": [], "executed_branches": [[459, 460], [459, 471]], "missing_branches": []}, "": {"executed_lines": [2, 7, 8, 9, 12, 13, 14, 16, 17, 18, 19, 20, 21, 22, 23, 24, 25, 26, 27, 30, 31, 33, 57, 159, 188, 211, 231, 259, 288, 310, 333, 355, 373, 388, 401, 433, 450], "summary": {"covered_lines": 34, "num_statements": 34, "percent_covered": 100.0, "percent_covered_display": "100", "missing_lines": 0, "excluded_lines": 0, "num_branches": 0, "num_partial_branches": 0, "covered_branches": 0, "missing_branches": 0}, "missing_lines": [], "excluded_lines": [], "executed_branches": [], "missing_branches": []}}, "classes": {"QuantityCalculationResult": {"executed_lines": [], "summary": {"covered_lines": 0, "num_statements": 0, "percent_covered": 100.0, "percent_covered_display": "100", "missing_lines": 0, "excluded_lines": 0, "num_branches": 0, "num_partial_branches": 0, "covered_branches": 0, "missing_branches": 0}, "missing_lines": [], "excluded_lines": [], "executed_branches": [], "missing_branches": []}, "AdvancedQuantityCalculator": {"executed_lines": [35, 36, 39, 40, 41, 42, 45, 46, 49, 50, 51, 54, 55, 69, 70, 73, 78, 83, 84, 89, 90, 95, 100, 101, 106, 111, 112, 113, 114, 117, 120, 125, 130, 135, 137, 152, 153, 163, 165, 166, 167, 169, 170, 173, 176, 177, 180, 182, 184, 185, 186, 192, 194, 197, 200, 203, 205, 213, 215, 216, 217, 219, 220, 222, 224, 225, 235, 237, 239, 240, 242, 247, 248, 252, 253, 263, 264, 266, 267, 268, 269, 270, 271, 272, 276, 277, 278, 279, 281, 282, 292, 293, 296, 298, 299, 301, 303, 304, 312, 314, 317, 320, 323, 324, 325, 327, 329, 330, 331, 341, 343, 344, 347, 349, 363, 364, 365, 367, 377, 379, 380, 382, 390, 391, 392, 393, 394, 395, 396, 397, 399, 403, 408, 416, 417, 419, 420, 421, 427, 454, 455, 456, 457, 459, 460, 461, 464, 465, 468, 471, 473], "summary": {"covered_lines": 151, "num_statements": 191, "percent_covered": 79.83539094650206, "percent_covered_display": "80", "missing_lines": 40, "excluded_lines": 0, "num_branches": 52, "num_partial_branches": 7, "covered_branches": 43, "missing_branches": 9}, "missing_lines": [155, 156, 157, 207, 208, 209, 218, 227, 228, 229, 249, 250, 255, 256, 257, 273, 284, 285, 286, 297, 306, 307, 308, 351, 352, 353, 369, 370, 371, 384, 385, 386, 425, 429, 430, 431, 435, 482, 483, 484], "excluded_lines": [], "executed_branches": [[83, 84], [89, 90], [89, 95], [100, 101], [100, 106], [215, 216], [215, 217], [217, 219], [219, 220], [219, 222], [239, 240], [239, 252], [240, 242], [247, 248], [266, 267], [266, 268], [268, 269], [268, 270], [270, 271], [270, 272], [272, 276], [276, 277], [276, 278], [278, 279], [278, 281], [296, 298], [298, 299], [298, 301], [324, 325], [324, 327], [390, 391], [390, 392], [392, 393], [392, 394], [394, 395], [394, 396], [396, 397], [396, 399], [419, 420], [419, 421], [421, 427], [459, 460], [459, 471]], "missing_branches": [[83, 89], [217, 218], [240, 239], [247, 249], [249, 239], [249, 250], [272, 273], [296, 297], [421, 425]]}, "": {"executed_lines": [2, 7, 8, 9, 12, 13, 14, 16, 17, 18, 19, 20, 21, 22, 23, 24, 25, 26, 27, 30, 31, 33, 57, 159, 188, 211, 231, 259, 288, 310, 333, 355, 373, 388, 401, 433, 450], "summary": {"covered_lines": 34, "num_statements": 34, "percent_covered": 100.0, "percent_covered_display": "100", "missing_lines": 0, "excluded_lines": 0, "num_branches": 0, "num_partial_branches": 0, "covered_branches": 0, "missing_branches": 0}, "missing_lines": [], "excluded_lines": [], "executed_branches": [], "missing_branches": []}}}, "core/advanced_risk_metrics.py": {"executed_lines": [2, 7, 8, 9, 10, 11, 12, 13, 14, 15, 17, 20, 21, 23, 24, 25, 26, 27, 28, 29, 30, 31, 32, 33, 34, 35, 36, 39, 40, 41, 43, 44, 45, 46, 47, 48, 49, 50, 51, 52, 53, 54, 55, 56, 57, 58, 59, 60, 61, 62, 65, 66, 68, 70, 71, 72, 74, 76, 106, 113, 115, 116, 119, 120, 121, 128, 131, 134, 137, 140, 143, 146, 153, 156, 159, 162, 165, 168, 171, 174, 179, 182, 184, 208, 209, 212, 214, 215, 216, 218, 220, 223, 224, 227, 228, 230, 232, 236, 239, 241, 243, 245, 249, 250, 253, 254, 256, 258, 260, 263, 264, 268, 271, 273, 275, 277, 280, 281, 283, 286, 288, 290, 292, 295, 296, 299, 300, 303, 304, 307, 309, 311, 313, 316, 318, 320, 345, 349, 353, 354, 357, 358, 360, 362, 364, 368, 372, 373, 376, 377, 380, 381, 384, 388, 390, 392, 396, 397, 400, 401, 404, 405, 407, 410, 412, 414, 418, 422, 423, 426, 427, 429, 431, 433, 435, 438, 440, 442, 444, 447, 449, 451, 453, 456, 458, 460, 470, 471, 472, 473, 474, 477, 485, 487, 489, 491, 492, 493, 494, 495, 496, 500, 502, 506, 507, 510, 512, 513, 515, 517, 519, 542, 544, 545, 547, 548, 549, 550, 552, 568, 593], "summary": {"covered_lines": 217, "num_statements": 276, "percent_covered": 71.46892655367232, "percent_covered_display": "71", "missing_lines": 59, "excluded_lines": 0, "num_branches": 78, "num_partial_branches": 28, "covered_branches": 36, "missing_branches": 42}, "missing_lines": [210, 221, 225, 233, 246, 261, 265, 278, 284, 293, 301, 305, 314, 324, 325, 328, 329, 330, 332, 333, 336, 338, 339, 341, 343, 350, 355, 369, 374, 393, 398, 408, 419, 424, 436, 445, 454, 490, 498, 503, 575, 577, 582, 587, 589, 590, 591, 597, 599, 600, 601, 603, 604, 606, 607, 610, 611, 612, 617], "excluded_lines": [], "executed_branches": [[115, 116], [115, 119], [209, 212], [220, 223], [224, 227], [232, 236], [245, 249], [260, 263], [264, 268], [277, 280], [283, 286], [292, 295], [300, 303], [304, 307], [313, 316], [349, 353], [354, 357], [368, 372], [373, 376], [392, 396], [397, 400], [407, 410], [418, 422], [423, 426], [435, 438], [444, 447], [453, 456], [489, 491], [491, 492], [491, 493], [493, 494], [493, 495], [495, 496], [502, 506], [544, 545], [544, 547]], "missing_branches": [[209, 210], [220, 221], [224, 225], [232, 233], [245, 246], [260, 261], [264, 265], [277, 278], [283, 284], [292, 293], [300, 301], [304, 305], [313, 314], [324, 325], [324, 328], [329, 330], [329, 332], [338, 339], [338, 341], [349, 350], [354, 355], [368, 369], [373, 374], [392, 393], [397, 398], [407, 408], [418, 419], [423, 424], [435, 436], [444, 445], [453, 454], [489, 490], [495, 498], [502, 503], [599, 600], [599, 617], [600, 601], [600, 603], [606, 607], [606, 610], [611, 599], [611, 612]], "functions": {"AdvancedRiskMetrics.__init__": {"executed_lines": [70, 71, 72], "summary": {"covered_lines": 3, "num_statements": 3, "percent_covered": 100.0, "percent_covered_display": "100", "missing_lines": 0, "excluded_lines": 0, "num_branches": 0, "num_partial_branches": 0, "covered_branches": 0, "missing_branches": 0}, "missing_lines": [], "excluded_lines": [], "executed_branches": [], "missing_branches": []}, "AdvancedRiskMetrics._get_default_config": {"executed_lines": [76], "summary": {"covered_lines": 1, "num_statements": 1, "percent_covered": 100.0, "percent_covered_display": "100", "missing_lines": 0, "excluded_lines": 0, "num_branches": 0, "num_partial_branches": 0, "covered_branches": 0, "missing_branches": 0}, "missing_lines": [], "excluded_lines": [], "executed_branches": [], "missing_branches": []}, "AdvancedRiskMetrics.calculate_comprehensive_risk_metrics": {"executed_lines": [113, 115, 116, 119, 120, 121, 128, 131, 134, 137, 140, 143, 146, 153, 156, 159, 162, 165, 168, 171, 174, 179, 182, 184, 208, 209, 212, 214, 215, 216], "summary": {"covered_lines": 30, "num_statements": 31, "percent_covered": 94.28571428571429, "percent_covered_display": "94", "missing_lines": 1, "excluded_lines": 0, "num_branches": 4, "num_partial_branches": 1, "covered_branches": 3, "missing_branches": 1}, "missing_lines": [210], "excluded_lines": [], "executed_branches": [[115, 116], [115, 119], [209, 212]], "missing_branches": [[209, 210]]}, "AdvancedRiskMetrics._calculate_returns": {"executed_lines": [220, 223, 224, 227, 228], "summary": {"covered_lines": 5, "num_statements": 7, "percent_covered": 63.63636363636363, "percent_covered_display": "64", "missing_lines": 2, "excluded_lines": 0, "num_branches": 4, "num_partial_branches": 2, "covered_branches": 2, "missing_branches": 2}, "missing_lines": [221, 225], "excluded_lines": [], "executed_branches": [[220, 223], [224, 227]], "missing_branches": [[220, 221], [224, 225]]}, "AdvancedRiskMetrics._calculate_var": {"executed_lines": [232, 236, 239, 241], "summary": {"covered_lines": 4, "num_statements": 5, "percent_covered": 71.42857142857143, "percent_covered_display": "71", "missing_lines": 1, "excluded_lines": 0, "num_branches": 2, "num_partial_branches": 1, "covered_branches": 1, "missing_branches": 1}, "missing_lines": [233], "excluded_lines": [], "executed_branches": [[232, 236]], "missing_branches": [[232, 233]]}, "AdvancedRiskMetrics._calculate_cvar": {"executed_lines": [245, 249, 250, 253, 254, 256], "summary": {"covered_lines": 6, "num_statements": 7, "percent_covered": 77.77777777777777, "percent_covered_display": "78", "missing_lines": 1, "excluded_lines": 0, "num_branches": 2, "num_partial_branches": 1, "covered_branches": 1, "missing_branches": 1}, "missing_lines": [246], "excluded_lines": [], "executed_branches": [[245, 249]], "missing_branches": [[245, 246]]}, "AdvancedRiskMetrics._calculate_max_drawdown": {"executed_lines": [260, 263, 264, 268, 271, 273], "summary": {"covered_lines": 6, "num_statements": 8, "percent_covered": 66.66666666666667, "percent_covered_display": "67", "missing_lines": 2, "excluded_lines": 0, "num_branches": 4, "num_partial_branches": 2, "covered_branches": 2, "missing_branches": 2}, "missing_lines": [261, 265], "excluded_lines": [], "executed_branches": [[260, 263], [264, 268]], "missing_branches": [[260, 261], [264, 265]]}, "AdvancedRiskMetrics._calculate_sharpe_ratio": {"executed_lines": [277, 280, 281, 283, 286, 288], "summary": {"covered_lines": 6, "num_statements": 8, "percent_covered": 66.66666666666667, "percent_covered_display": "67", "missing_lines": 2, "excluded_lines": 0, "num_branches": 4, "num_partial_branches": 2, "covered_branches": 2, "missing_branches": 2}, "missing_lines": [278, 284], "excluded_lines": [], "executed_branches": [[277, 280], [283, 286]], "missing_branches": [[277, 278], [283, 284]]}, "AdvancedRiskMetrics._calculate_sortino_ratio": {"executed_lines": [292, 295, 296, 299, 300, 303, 304, 307, 309], "summary": {"covered_lines": 9, "num_statements": 12, "percent_covered": 66.66666666666667, "percent_covered_display": "67", "missing_lines": 3, "excluded_lines": 0, "num_branches": 6, "num_partial_branches": 3, "covered_branches": 3, "missing_branches": 3}, "missing_lines": [293, 301, 305], "excluded_lines": [], "executed_branches": [[292, 295], [300, 303], [304, 307]], "missing_branches": [[292, 293], [300, 301], [304, 305]]}, "AdvancedRiskMetrics._calculate_calmar_ratio": {"executed_lines": [313, 316, 318], "summary": {"covered_lines": 3, "num_statements": 4, "percent_covered": 66.66666666666667, "percent_covered_display": "67", "missing_lines": 1, "excluded_lines": 0, "num_branches": 2, "num_partial_branches": 1, "covered_branches": 1, "missing_branches": 1}, "missing_lines": [314], "excluded_lines": [], "executed_branches": [[313, 316]], "missing_branches": [[313, 314]]}, "AdvancedRiskMetrics._calculate_information_ratio": {"executed_lines": [], "summary": {"covered_lines": 0, "num_statements": 12, "percent_covered": 0.0, "percent_covered_display": "0", "missing_lines": 12, "excluded_lines": 0, "num_branches": 6, "num_partial_branches": 0, "covered_branches": 0, "missing_branches": 6}, "missing_lines": [324, 325, 328, 329, 330, 332, 333, 336, 338, 339, 341, 343], "excluded_lines": [], "executed_branches": [], "missing_branches": [[324, 325], [324, 328], [329, 330], [329, 332], [338, 339], [338, 341]]}, "AdvancedRiskMetrics._calculate_treynor_ratio": {"executed_lines": [349, 353, 354, 357, 358, 360, 362], "summary": {"covered_lines": 7, "num_statements": 9, "percent_covered": 69.23076923076923, "percent_covered_display": "69", "missing_lines": 2, "excluded_lines": 0, "num_branches": 4, "num_partial_branches": 2, "covered_branches": 2, "missing_branches": 2}, "missing_lines": [350, 355], "excluded_lines": [], "executed_branches": [[349, 353], [354, 357]], "missing_branches": [[349, 350], [354, 355]]}, "AdvancedRiskMetrics._calculate_jensen_alpha": {"executed_lines": [368, 372, 373, 376, 377, 380, 381, 384, 388], "summary": {"covered_lines": 9, "num_statements": 11, "percent_covered": 73.33333333333333, "percent_covered_display": "73", "missing_lines": 2, "excluded_lines": 0, "num_branches": 4, "num_partial_branches": 2, "covered_branches": 2, "missing_branches": 2}, "missing_lines": [369, 374], "excluded_lines": [], "executed_branches": [[368, 372], [373, 376]], "missing_branches": [[368, 369], [373, 374]]}, "AdvancedRiskMetrics._calculate_beta": {"executed_lines": [392, 396, 397, 400, 401, 404, 405, 407, 410, 412], "summary": {"covered_lines": 10, "num_statements": 13, "percent_covered": 68.42105263157895, "percent_covered_display": "68", "missing_lines": 3, "excluded_lines": 0, "num_branches": 6, "num_partial_branches": 3, "covered_branches": 3, "missing_branches": 3}, "missing_lines": [393, 398, 408], "excluded_lines": [], "executed_branches": [[392, 396], [397, 400], [407, 410]], "missing_branches": [[392, 393], [397, 398], [407, 408]]}, "AdvancedRiskMetrics._calculate_correlation": {"executed_lines": [418, 422, 423, 426, 427, 429, 431], "summary": {"covered_lines": 7, "num_statements": 9, "percent_covered": 69.23076923076923, "percent_covered_display": "69", "missing_lines": 2, "excluded_lines": 0, "num_branches": 4, "num_partial_branches": 2, "covered_branches": 2, "missing_branches": 2}, "missing_lines": [419, 424], "excluded_lines": [], "executed_branches": [[418, 422], [423, 426]], "missing_branches": [[418, 419], [423, 424]]}, "AdvancedRiskMetrics._calculate_volatility": {"executed_lines": [435, 438, 440], "summary": {"covered_lines": 3, "num_statements": 4, "percent_covered": 66.66666666666667, "percent_covered_display": "67", "missing_lines": 1, "excluded_lines": 0, "num_branches": 2, "num_partial_branches": 1, "covered_branches": 1, "missing_branches": 1}, "missing_lines": [436], "excluded_lines": [], "executed_branches": [[435, 438]], "missing_branches": [[435, 436]]}, "AdvancedRiskMetrics._calculate_skewness": {"executed_lines": [444, 447, 449], "summary": {"covered_lines": 3, "num_statements": 4, "percent_covered": 66.66666666666667, "percent_covered_display": "67", "missing_lines": 1, "excluded_lines": 0, "num_branches": 2, "num_partial_branches": 1, "covered_branches": 1, "missing_branches": 1}, "missing_lines": [445], "excluded_lines": [], "executed_branches": [[444, 447]], "missing_branches": [[444, 445]]}, "AdvancedRiskMetrics._calculate_kurtosis": {"executed_lines": [453, 456, 458], "summary": {"covered_lines": 3, "num_statements": 4, "percent_covered": 66.66666666666667, "percent_covered_display": "67", "missing_lines": 1, "excluded_lines": 0, "num_branches": 2, "num_partial_branches": 1, "covered_branches": 1, "missing_branches": 1}, "missing_lines": [454], "excluded_lines": [], "executed_branches": [[453, 456]], "missing_branches": [[453, 454]]}, "AdvancedRiskMetrics._calculate_risk_score": {"executed_lines": [470, 471, 472, 473, 474, 477, 485], "summary": {"covered_lines": 7, "num_statements": 7, "percent_covered": 100.0, "percent_covered_display": "100", "missing_lines": 0, "excluded_lines": 0, "num_branches": 0, "num_partial_branches": 0, "covered_branches": 0, "missing_branches": 0}, "missing_lines": [], "excluded_lines": [], "executed_branches": [], "missing_branches": []}, "AdvancedRiskMetrics._determine_risk_level": {"executed_lines": [489, 491, 492, 493, 494, 495, 496], "summary": {"covered_lines": 7, "num_statements": 9, "percent_covered": 76.47058823529412, "percent_covered_display": "76", "missing_lines": 2, "excluded_lines": 0, "num_branches": 8, "num_partial_branches": 2, "covered_branches": 6, "missing_branches": 2}, "missing_lines": [490, 498], "excluded_lines": [], "executed_branches": [[489, 491], [491, 492], [491, 493], [493, 494], [493, 495], [495, 496]], "missing_branches": [[489, 490], [495, 498]]}, "AdvancedRiskMetrics._calculate_confidence_interval": {"executed_lines": [502, 506, 507, 510, 512, 513, 515], "summary": {"covered_lines": 7, "num_statements": 8, "percent_covered": 80.0, "percent_covered_display": "80", "missing_lines": 1, "excluded_lines": 0, "num_branches": 2, "num_partial_branches": 1, "covered_branches": 1, "missing_branches": 1}, "missing_lines": [503], "excluded_lines": [], "executed_branches": [[502, 506]], "missing_branches": [[502, 503]]}, "AdvancedRiskMetrics._get_default_risk_metrics": {"executed_lines": [519], "summary": {"covered_lines": 1, "num_statements": 1, "percent_covered": 100.0, "percent_covered_display": "100", "missing_lines": 0, "excluded_lines": 0, "num_branches": 0, "num_partial_branches": 0, "covered_branches": 0, "missing_branches": 0}, "missing_lines": [], "excluded_lines": [], "executed_branches": [], "missing_branches": []}, "AdvancedRiskMetrics.get_risk_statistics": {"executed_lines": [544, 545, 547, 548, 549, 550, 552], "summary": {"covered_lines": 7, "num_statements": 7, "percent_covered": 100.0, "percent_covered_display": "100", "missing_lines": 0, "excluded_lines": 0, "num_branches": 2, "num_partial_branches": 0, "covered_branches": 2, "missing_branches": 0}, "missing_lines": [], "excluded_lines": [], "executed_branches": [[544, 545], [544, 547]], "missing_branches": []}, "AdvancedRiskMetrics.calculate_portfolio_risk_metrics": {"executed_lines": [], "summary": {"covered_lines": 0, "num_statements": 7, "percent_covered": 0.0, "percent_covered_display": "0", "missing_lines": 7, "excluded_lines": 0, "num_branches": 0, "num_partial_branches": 0, "covered_branches": 0, "missing_branches": 0}, "missing_lines": [575, 577, 582, 587, 589, 590, 591], "excluded_lines": [], "executed_branches": [], "missing_branches": []}, "AdvancedRiskMetrics._calculate_portfolio_returns": {"executed_lines": [], "summary": {"covered_lines": 0, "num_statements": 12, "percent_covered": 0.0, "percent_covered_display": "0", "missing_lines": 12, "excluded_lines": 0, "num_branches": 8, "num_partial_branches": 0, "covered_branches": 0, "missing_branches": 8}, "missing_lines": [597, 599, 600, 601, 603, 604, 606, 607, 610, 611, 612, 617], "excluded_lines": [], "executed_branches": [], "missing_branches": [[599, 600], [599, 617], [600, 601], [600, 603], [606, 607], [606, 610], [611, 599], [611, 612]]}, "": {"executed_lines": [2, 7, 8, 9, 10, 11, 12, 13, 14, 15, 17, 20, 21, 23, 24, 25, 26, 27, 28, 29, 30, 31, 32, 33, 34, 35, 36, 39, 40, 41, 43, 44, 45, 46, 47, 48, 49, 50, 51, 52, 53, 54, 55, 56, 57, 58, 59, 60, 61, 62, 65, 66, 68, 74, 106, 218, 230, 243, 258, 275, 290, 311, 320, 345, 364, 390, 414, 433, 442, 451, 460, 487, 500, 517, 542, 568, 593], "summary": {"covered_lines": 73, "num_statements": 73, "percent_covered": 100.0, "percent_covered_display": "100", "missing_lines": 0, "excluded_lines": 0, "num_branches": 0, "num_partial_branches": 0, "covered_branches": 0, "missing_branches": 0}, "missing_lines": [], "excluded_lines": [], "executed_branches": [], "missing_branches": []}}, "classes": {"RiskMetricType": {"executed_lines": [], "summary": {"covered_lines": 0, "num_statements": 0, "percent_covered": 100.0, "percent_covered_display": "100", "missing_lines": 0, "excluded_lines": 0, "num_branches": 0, "num_partial_branches": 0, "covered_branches": 0, "missing_branches": 0}, "missing_lines": [], "excluded_lines": [], "executed_branches": [], "missing_branches": []}, "RiskMetricsResult": {"executed_lines": [], "summary": {"covered_lines": 0, "num_statements": 0, "percent_covered": 100.0, "percent_covered_display": "100", "missing_lines": 0, "excluded_lines": 0, "num_branches": 0, "num_partial_branches": 0, "covered_branches": 0, "missing_branches": 0}, "missing_lines": [], "excluded_lines": [], "executed_branches": [], "missing_branches": []}, "AdvancedRiskMetrics": {"executed_lines": [70, 71, 72, 76, 113, 115, 116, 119, 120, 121, 128, 131, 134, 137, 140, 143, 146, 153, 156, 159, 162, 165, 168, 171, 174, 179, 182, 184, 208, 209, 212, 214, 215, 216, 220, 223, 224, 227, 228, 232, 236, 239, 241, 245, 249, 250, 253, 254, 256, 260, 263, 264, 268, 271, 273, 277, 280, 281, 283, 286, 288, 292, 295, 296, 299, 300, 303, 304, 307, 309, 313, 316, 318, 349, 353, 354, 357, 358, 360, 362, 368, 372, 373, 376, 377, 380, 381, 384, 388, 392, 396, 397, 400, 401, 404, 405, 407, 410, 412, 418, 422, 423, 426, 427, 429, 431, 435, 438, 440, 444, 447, 449, 453, 456, 458, 470, 471, 472, 473, 474, 477, 485, 489, 491, 492, 493, 494, 495, 496, 502, 506, 507, 510, 512, 513, 515, 519, 544, 545, 547, 548, 549, 550, 552], "summary": {"covered_lines": 144, "num_statements": 203, "percent_covered": 64.05693950177935, "percent_covered_display": "64", "missing_lines": 59, "excluded_lines": 0, "num_branches": 78, "num_partial_branches": 28, "covered_branches": 36, "missing_branches": 42}, "missing_lines": [210, 221, 225, 233, 246, 261, 265, 278, 284, 293, 301, 305, 314, 324, 325, 328, 329, 330, 332, 333, 336, 338, 339, 341, 343, 350, 355, 369, 374, 393, 398, 408, 419, 424, 436, 445, 454, 490, 498, 503, 575, 577, 582, 587, 589, 590, 591, 597, 599, 600, 601, 603, 604, 606, 607, 610, 611, 612, 617], "excluded_lines": [], "executed_branches": [[115, 116], [115, 119], [209, 212], [220, 223], [224, 227], [232, 236], [245, 249], [260, 263], [264, 268], [277, 280], [283, 286], [292, 295], [300, 303], [304, 307], [313, 316], [349, 353], [354, 357], [368, 372], [373, 376], [392, 396], [397, 400], [407, 410], [418, 422], [423, 426], [435, 438], [444, 447], [453, 456], [489, 491], [491, 492], [491, 493], [493, 494], [493, 495], [495, 496], [502, 506], [544, 545], [544, 547]], "missing_branches": [[209, 210], [220, 221], [224, 225], [232, 233], [245, 246], [260, 261], [264, 265], [277, 278], [283, 284], [292, 293], [300, 301], [304, 305], [313, 314], [324, 325], [324, 328], [329, 330], [329, 332], [338, 339], [338, 341], [349, 350], [354, 355], [368, 369], [373, 374], [392, 393], [397, 398], [407, 408], [418, 419], [423, 424], [435, 436], [444, 445], [453, 454], [489, 490], [495, 498], [502, 503], [599, 600], [599, 617], [600, 601], [600, 603], [606, 607], [606, 610], [611, 599], [611, 612]]}, "": {"executed_lines": [2, 7, 8, 9, 10, 11, 12, 13, 14, 15, 17, 20, 21, 23, 24, 25, 26, 27, 28, 29, 30, 31, 32, 33, 34, 35, 36, 39, 40, 41, 43, 44, 45, 46, 47, 48, 49, 50, 51, 52, 53, 54, 55, 56, 57, 58, 59, 60, 61, 62, 65, 66, 68, 74, 106, 218, 230, 243, 258, 275, 290, 311, 320, 345, 364, 390, 414, 433, 442, 451, 460, 487, 500, 517, 542, 568, 593], "summary": {"covered_lines": 73, "num_statements": 73, "percent_covered": 100.0, "percent_covered_display": "100", "missing_lines": 0, "excluded_lines": 0, "num_branches": 0, "num_partial_branches": 0, "covered_branches": 0, "missing_branches": 0}, "missing_lines": [], "excluded_lines": [], "executed_branches": [], "missing_branches": []}}}, "core/article_inspired_backtest.py": {"executed_lines": [2, 7, 8, 9, 12, 13, 15, 17, 18, 21, 22, 25, 26, 29, 32, 33, 36, 37, 38, 40, 47, 48, 51, 52, 53, 56, 59, 61, 63, 68, 72, 78, 82, 99, 109, 110, 113, 114, 115, 118, 121, 123, 125, 126, 128, 133, 137, 138, 139, 140, 143, 147, 167, 171, 173, 202, 203, 204, 206, 210, 212, 241, 242, 243, 245, 253, 255, 256, 260, 263, 264, 267, 268, 271, 272, 275, 277, 297, 305, 307, 308, 312, 315, 316, 319, 320, 323, 324, 327, 329, 349, 353, 355, 358, 359, 361, 363, 369, 373, 374, 376, 381, 387, 388, 389, 391, 395, 397, 400, 401, 404, 407, 409, 428, 430, 431, 434, 435, 436, 438, 444, 446, 447, 448, 451, 453, 457, 459, 465, 472, 474, 477, 482, 497], "summary": {"covered_lines": 132, "num_statements": 183, "percent_covered": 73.6842105263158, "percent_covered_display": "74", "missing_lines": 51, "excluded_lines": 0, "num_branches": 26, "num_partial_branches": 4, "covered_branches": 22, "missing_branches": 4}, "missing_lines": [73, 74, 75, 95, 96, 97, 163, 164, 165, 174, 177, 178, 181, 182, 185, 187, 213, 216, 217, 220, 221, 224, 226, 293, 294, 295, 345, 346, 347, 365, 366, 367, 377, 378, 382, 383, 385, 419, 420, 421, 432, 440, 441, 442, 454, 461, 462, 463, 499, 500, 501], "excluded_lines": [], "executed_branches": [[59, 61], [59, 78], [61, 63], [61, 68], [72, 59], [121, 123], [121, 143], [125, 121], [125, 126], [126, 128], [126, 133], [137, 138], [255, 256], [255, 260], [307, 308], [307, 312], [374, 376], [374, 381], [431, 434], [447, 448], [447, 451], [453, 457]], "missing_branches": [[72, 73], [137, 121], [431, 432], [453, 454]], "functions": {"ArticleInspiredBacktest.__init__": {"executed_lines": [17, 18, 21, 22, 25, 26, 29, 32, 33, 36, 37, 38], "summary": {"covered_lines": 12, "num_statements": 12, "percent_covered": 100.0, "percent_covered_display": "100", "missing_lines": 0, "excluded_lines": 0, "num_branches": 0, "num_partial_branches": 0, "covered_branches": 0, "missing_branches": 0}, "missing_lines": [], "excluded_lines": [], "executed_branches": [], "missing_branches": []}, "ArticleInspiredBacktest.run_article_method_backtest": {"executed_lines": [47, 48, 51, 52, 53, 56, 59, 61, 63, 68, 72, 78, 82], "summary": {"covered_lines": 13, "num_statements": 19, "percent_covered": 72.0, "percent_covered_display": "72", "missing_lines": 6, "excluded_lines": 0, "num_branches": 6, "num_partial_branches": 1, "covered_branches": 5, "missing_branches": 1}, "missing_lines": [73, 74, 75, 95, 96, 97], "excluded_lines": [], "executed_branches": [[59, 61], [59, 78], [61, 63], [61, 68], [72, 59]], "missing_branches": [[72, 73]]}, "ArticleInspiredBacktest.run_enhanced_backtest": {"executed_lines": [109, 110, 113, 114, 115, 118, 121, 123, 125, 126, 128, 133, 137, 138, 139, 140, 143, 147], "summary": {"covered_lines": 18, "num_statements": 21, "percent_covered": 86.20689655172414, "percent_covered_display": "86", "missing_lines": 3, "excluded_lines": 0, "num_branches": 8, "num_partial_branches": 1, "covered_branches": 7, "missing_branches": 1}, "missing_lines": [163, 164, 165], "excluded_lines": [], "executed_branches": [[121, 123], [121, 143], [125, 121], [125, 126], [126, 128], [126, 133], [137, 138]], "missing_branches": [[137, 121]]}, "ArticleInspiredBacktest._execute_buy_trade": {"executed_lines": [171, 173, 202, 203, 204], "summary": {"covered_lines": 5, "num_statements": 12, "percent_covered": 41.666666666666664, "percent_covered_display": "42", "missing_lines": 7, "excluded_lines": 0, "num_branches": 0, "num_partial_branches": 0, "covered_branches": 0, "missing_branches": 0}, "missing_lines": [174, 177, 178, 181, 182, 185, 187], "excluded_lines": [], "executed_branches": [], "missing_branches": []}, "ArticleInspiredBacktest._execute_sell_trade": {"executed_lines": [210, 212, 241, 242, 243], "summary": {"covered_lines": 5, "num_statements": 12, "percent_covered": 41.666666666666664, "percent_covered_display": "42", "missing_lines": 7, "excluded_lines": 0, "num_branches": 0, "num_partial_branches": 0, "covered_branches": 0, "missing_branches": 0}, "missing_lines": [213, 216, 217, 220, 221, 224, 226], "excluded_lines": [], "executed_branches": [], "missing_branches": []}, "ArticleInspiredBacktest._execute_enhanced_buy_trade": {"executed_lines": [253, 255, 256, 260, 263, 264, 267, 268, 271, 272, 275, 277], "summary": {"covered_lines": 12, "num_statements": 15, "percent_covered": 82.3529411764706, "percent_covered_display": "82", "missing_lines": 3, "excluded_lines": 0, "num_branches": 2, "num_partial_branches": 0, "covered_branches": 2, "missing_branches": 0}, "missing_lines": [293, 294, 295], "excluded_lines": [], "executed_branches": [[255, 256], [255, 260]], "missing_branches": []}, "ArticleInspiredBacktest._execute_enhanced_sell_trade": {"executed_lines": [305, 307, 308, 312, 315, 316, 319, 320, 323, 324, 327, 329], "summary": {"covered_lines": 12, "num_statements": 15, "percent_covered": 82.3529411764706, "percent_covered_display": "82", "missing_lines": 3, "excluded_lines": 0, "num_branches": 2, "num_partial_branches": 0, "covered_branches": 2, "missing_branches": 0}, "missing_lines": [345, 346, 347], "excluded_lines": [], "executed_branches": [[307, 308], [307, 312]], "missing_branches": []}, "ArticleInspiredBacktest._calculate_enhanced_position_size": {"executed_lines": [353, 355, 358, 359, 361, 363], "summary": {"covered_lines": 6, "num_statements": 9, "percent_covered": 66.66666666666667, "percent_covered_display": "67", "missing_lines": 3, "excluded_lines": 0, "num_branches": 0, "num_partial_branches": 0, "covered_branches": 0, "missing_branches": 0}, "missing_lines": [365, 366, 367], "excluded_lines": [], "executed_branches": [], "missing_branches": []}, "ArticleInspiredBacktest._calculate_enhanced_entry_price": {"executed_lines": [373, 374, 376, 381, 387, 388, 389], "summary": {"covered_lines": 7, "num_statements": 12, "percent_covered": 64.28571428571429, "percent_covered_display": "64", "missing_lines": 5, "excluded_lines": 0, "num_branches": 2, "num_partial_branches": 0, "covered_branches": 2, "missing_branches": 0}, "missing_lines": [377, 378, 382, 383, 385], "excluded_lines": [], "executed_branches": [[374, 376], [374, 381]], "missing_branches": []}, "ArticleInspiredBacktest._calculate_performance_metrics": {"executed_lines": [395, 397, 400, 401, 404, 407, 409], "summary": {"covered_lines": 7, "num_statements": 10, "percent_covered": 70.0, "percent_covered_display": "70", "missing_lines": 3, "excluded_lines": 0, "num_branches": 0, "num_partial_branches": 0, "covered_branches": 0, "missing_branches": 0}, "missing_lines": [419, 420, 421], "excluded_lines": [], "executed_branches": [], "missing_branches": []}, "ArticleInspiredBacktest._calculate_max_drawdown": {"executed_lines": [430, 431, 434, 435, 436, 438], "summary": {"covered_lines": 6, "num_statements": 10, "percent_covered": 58.333333333333336, "percent_covered_display": "58", "missing_lines": 4, "excluded_lines": 0, "num_branches": 2, "num_partial_branches": 1, "covered_branches": 1, "missing_branches": 1}, "missing_lines": [432, 440, 441, 442], "excluded_lines": [], "executed_branches": [[431, 434]], "missing_branches": [[431, 432]]}, "ArticleInspiredBacktest._calculate_sharpe_ratio": {"executed_lines": [446, 447, 448, 451, 453, 457, 459], "summary": {"covered_lines": 7, "num_statements": 11, "percent_covered": 66.66666666666667, "percent_covered_display": "67", "missing_lines": 4, "excluded_lines": 0, "num_branches": 4, "num_partial_branches": 1, "covered_branches": 3, "missing_branches": 1}, "missing_lines": [454, 461, 462, 463], "excluded_lines": [], "executed_branches": [[447, 448], [447, 451], [453, 457]], "missing_branches": [[453, 454]]}, "ArticleInspiredBacktest.compare_methods": {"executed_lines": [472, 474, 477, 482, 497], "summary": {"covered_lines": 5, "num_statements": 8, "percent_covered": 62.5, "percent_covered_display": "62", "missing_lines": 3, "excluded_lines": 0, "num_branches": 0, "num_partial_branches": 0, "covered_branches": 0, "missing_branches": 0}, "missing_lines": [499, 500, 501], "excluded_lines": [], "executed_branches": [], "missing_branches": []}, "": {"executed_lines": [2, 7, 8, 9, 12, 13, 15, 40, 99, 167, 206, 245, 297, 349, 369, 391, 428, 444, 465], "summary": {"covered_lines": 17, "num_statements": 17, "percent_covered": 100.0, "percent_covered_display": "100", "missing_lines": 0, "excluded_lines": 0, "num_branches": 0, "num_partial_branches": 0, "covered_branches": 0, "missing_branches": 0}, "missing_lines": [], "excluded_lines": [], "executed_branches": [], "missing_branches": []}}, "classes": {"ArticleInspiredBacktest": {"executed_lines": [17, 18, 21, 22, 25, 26, 29, 32, 33, 36, 37, 38, 47, 48, 51, 52, 53, 56, 59, 61, 63, 68, 72, 78, 82, 109, 110, 113, 114, 115, 118, 121, 123, 125, 126, 128, 133, 137, 138, 139, 140, 143, 147, 171, 173, 202, 203, 204, 210, 212, 241, 242, 243, 253, 255, 256, 260, 263, 264, 267, 268, 271, 272, 275, 277, 305, 307, 308, 312, 315, 316, 319, 320, 323, 324, 327, 329, 353, 355, 358, 359, 361, 363, 373, 374, 376, 381, 387, 388, 389, 395, 397, 400, 401, 404, 407, 409, 430, 431, 434, 435, 436, 438, 446, 447, 448, 451, 453, 457, 459, 472, 474, 477, 482, 497], "summary": {"covered_lines": 115, "num_statements": 166, "percent_covered": 71.35416666666667, "percent_covered_display": "71", "missing_lines": 51, "excluded_lines": 0, "num_branches": 26, "num_partial_branches": 4, "covered_branches": 22, "missing_branches": 4}, "missing_lines": [73, 74, 75, 95, 96, 97, 163, 164, 165, 174, 177, 178, 181, 182, 185, 187, 213, 216, 217, 220, 221, 224, 226, 293, 294, 295, 345, 346, 347, 365, 366, 367, 377, 378, 382, 383, 385, 419, 420, 421, 432, 440, 441, 442, 454, 461, 462, 463, 499, 500, 501], "excluded_lines": [], "executed_branches": [[59, 61], [59, 78], [61, 63], [61, 68], [72, 59], [121, 123], [121, 143], [125, 121], [125, 126], [126, 128], [126, 133], [137, 138], [255, 256], [255, 260], [307, 308], [307, 312], [374, 376], [374, 381], [431, 434],
[...]
 [1012, 1013]]}, "": {"executed_lines": [1, 6, 7, 8, 9, 10, 11, 12, 13, 15, 18, 19, 20, 22, 23, 24, 25, 26, 27, 28, 29, 30, 31, 32, 35, 36, 37, 39, 40, 41, 42, 43, 44, 45, 46, 49, 50, 52, 75, 103, 191, 253, 291, 380, 455, 492, 538, 613, 706, 725, 750, 770, 801, 886, 922, 964], "summary": {"covered_lines": 52, "num_statements": 52, "percent_covered": 100.0, "percent_covered_display": "100", "missing_lines": 0, "excluded_lines": 0, "num_branches": 0, "num_partial_branches": 0, "covered_branches": 0, "missing_branches": 0}, "missing_lines": [], "excluded_lines": [], "executed_branches": [], "missing_branches": []}}}, "core/technical_analysis.py": {"executed_lines": [1, 6, 7, 8, 11, 12, 14, 15, 17, 19, 20, 22, 24, 25, 27, 28, 29, 30, 31, 33, 34, 38, 39, 40, 41, 42, 43, 45, 46, 50, 51, 52, 53, 54, 56, 57, 65, 66, 67, 68, 69, 71, 72, 76, 77, 78, 79, 80, 82, 83, 87, 88, 89, 91, 92, 96, 97, 98, 101, 103, 104, 109, 110, 111, 112, 115, 116, 118, 119, 122, 123, 124, 126, 127, 129, 130, 132, 133, 135, 136, 138, 139, 140, 141, 142, 144, 146, 148, 149, 153, 154, 156, 157, 166, 170, 175, 176, 181, 188, 189, 193, 194, 196, 197, 199, 202, 204, 206, 208, 209, 210, 211, 214, 217, 218, 219, 220, 222, 224, 225, 226, 227, 230, 231, 234, 235, 237, 239, 242, 246], "summary": {"covered_lines": 128, "num_statements": 128, "percent_covered": 99.30555555555556, "percent_covered_display": "99", "missing_lines": 0, "excluded_lines": 0, "num_branches": 16, "num_partial_branches": 1, "covered_branches": 15, "missing_branches": 1}, "missing_lines": [], "excluded_lines": [], "executed_branches": [[132, 133], [132, 135], [138, 139], [138, 146], [139, 140], [139, 141], [141, 142], [141, 144], [206, 208], [206, 222], [222, 224], [222, 237], [230, 231], [237, 239], [237, 246]], "missing_branches": [[230, 237]], "functions": {"TechnicalAnalysis.sma": {"executed_lines": [17], "summary": {"covered_lines": 1, "num_statements": 1, "percent_covered": 100.0, "percent_covered_display": "100", "missing_lines": 0, "excluded_lines": 0, "num_branches": 0, "num_partial_branches": 0, "covered_branches": 0, "missing_branches": 0}, "missing_lines": [], "excluded_lines": [], "executed_branches": [], "missing_branches": []}, "TechnicalAnalysis.ema": {"executed_lines": [22], "summary": {"covered_lines": 1, "num_statements": 1, "percent_covered": 100.0, "percent_covered_display": "100", "missing_lines": 0, "excluded_lines": 0, "num_branches": 0, "num_partial_branches": 0, "covered_branches": 0, "missing_branches": 0}, "missing_lines": [], "excluded_lines": [], "executed_branches": [], "missing_branches": []}, "TechnicalAnalysis.rsi": {"executed_lines": [27, 28, 29, 30, 31], "summary": {"covered_lines": 5, "num_statements": 5, "percent_covered": 100.0, "percent_covered_display": "100", "missing_lines": 0, "excluded_lines": 0, "num_branches": 0, "num_partial_branches": 0, "covered_branches": 0, "missing_branches": 0}, "missing_lines": [], "excluded_lines": [], "executed_branches": [], "missing_branches": []}, "TechnicalAnalysis.macd": {"executed_lines": [38, 39, 40, 41, 42, 43], "summary": {"covered_lines": 6, "num_statements": 6, "percent_covered": 100.0, "percent_covered_display": "100", "missing_lines": 0, "excluded_lines": 0, "num_branches": 0, "num_partial_branches": 0, "covered_branches": 0, "missing_branches": 0}, "missing_lines": [], "excluded_lines": [], "executed_branches": [], "missing_branches": []}, "TechnicalAnalysis.bollinger_bands": {"executed_lines": [50, 51, 52, 53, 54], "summary": {"covered_lines": 5, "num_statements": 5, "percent_covered": 100.0, "percent_covered_display": "100", "missing_lines": 0, "excluded_lines": 0, "num_branches": 0, "num_partial_branches": 0, "covered_branches": 0, "missing_branches": 0}, "missing_lines": [], "excluded_lines": [], "executed_branches": [], "missing_branches": []}, "TechnicalAnalysis.stochastic": {"executed_lines": [65, 66, 67, 68, 69], "summary": {"covered_lines": 5, "num_statements": 5, "percent_covered": 100.0, "percent_covered_display": "100", "missing_lines": 0, "excluded_lines": 0, "num_branches": 0, "num_partial_branches": 0, "covered_branches": 0, "missing_branches": 0}, "missing_lines": [], "excluded_lines": [], "executed_branches": [], "missing_branches": []}, "TechnicalAnalysis.atr": {"executed_lines": [76, 77, 78, 79, 80], "summary": {"covered_lines": 5, "num_statements": 5, "percent_covered": 100.0, "percent_covered_display": "100", "missing_lines": 0, "excluded_lines": 0, "num_branches": 0, "num_partial_branches": 0, "covered_branches": 0, "missing_branches": 0}, "missing_lines": [], "excluded_lines": [], "executed_branches": [], "missing_branches": []}, "TechnicalAnalysis.williams_r": {"executed_lines": [87, 88, 89], "summary": {"covered_lines": 3, "num_statements": 3, "percent_covered": 100.0, "percent_covered_display": "100", "missing_lines": 0, "excluded_lines": 0, "num_branches": 0, "num_partial_branches": 0, "covered_branches": 0, "missing_branches": 0}, "missing_lines": [], "excluded_lines": [], "executed_branches": [], "missing_branches": []}, "TechnicalAnalysis.cci": {"executed_lines": [96, 97, 98, 101], "summary": {"covered_lines": 4, "num_statements": 4, "percent_covered": 100.0, "percent_covered_display": "100", "missing_lines": 0, "excluded_lines": 0, "num_branches": 0, "num_partial_branches": 0, "covered_branches": 0, "missing_branches": 0}, "missing_lines": [], "excluded_lines": [], "executed_branches": [], "missing_branches": []}, "TechnicalAnalysis.adx": {"executed_lines": [109, 110, 111, 112, 115, 116, 118, 119, 122, 123, 124, 126, 127], "summary": {"covered_lines": 13, "num_statements": 13, "percent_covered": 100.0, "percent_covered_display": "100", "missing_lines": 0, "excluded_lines": 0, "num_branches": 0, "num_partial_branches": 0, "covered_branches": 0, "missing_branches": 0}, "missing_lines": [], "excluded_lines": [], "executed_branches": [], "missing_branches": []}, "TechnicalAnalysis.obv": {"executed_lines": [132, 133, 135, 136, 138, 139, 140, 141, 142, 144, 146], "summary": {"covered_lines": 11, "num_statements": 11, "percent_covered": 100.0, "percent_covered_display": "100", "missing_lines": 0, "excluded_lines": 0, "num_branches": 8, "num_partial_branches": 0, "covered_branches": 8, "missing_branches": 0}, "missing_lines": [], "excluded_lines": [], "executed_branches": [[132, 133], [132, 135], [138, 139], [138, 146], [139, 140], [139, 141], [141, 142], [141, 144]], "missing_branches": []}, "TechnicalAnalysis.vwap": {"executed_lines": [153, 154], "summary": {"covered_lines": 2, "num_statements": 2, "percent_covered": 100.0, "percent_covered_display": "100", "missing_lines": 0, "excluded_lines": 0, "num_branches": 0, "num_partial_branches": 0, "covered_branches": 0, "missing_branches": 0}, "missing_lines": [], "excluded_lines": [], "executed_branches": [], "missing_branches": []}, "TechnicalAnalysis.ichimoku": {"executed_lines": [166, 170, 175, 176, 181], "summary": {"covered_lines": 5, "num_statements": 5, "percent_covered": 100.0, "percent_covered_display": "100", "missing_lines": 0, "excluded_lines": 0, "num_branches": 0, "num_partial_branches": 0, "covered_branches": 0, "missing_branches": 0}, "missing_lines": [], "excluded_lines": [], "executed_branches": [], "missing_branches": []}, "TechnicalAnalysis.support_resistance": {"executed_lines": [193, 194, 196, 197, 199], "summary": {"covered_lines": 5, "num_statements": 5, "percent_covered": 100.0, "percent_covered_display": "100", "missing_lines": 0, "excluded_lines": 0, "num_branches": 0, "num_partial_branches": 0, "covered_branches": 0, "missing_branches": 0}, "missing_lines": [], "excluded_lines": [], "executed_branches": [], "missing_branches": []}, "calculate_technical_indicators": {"executed_lines": [204, 206, 208, 209, 210, 211, 214, 217, 218, 219, 220, 222, 224, 225, 226, 227, 230, 231, 234, 235, 237, 239, 242, 246], "summary": {"covered_lines": 24, "num_statements": 24, "percent_covered": 96.875, "percent_covered_display": "97", "missing_lines": 0, "excluded_lines": 0, "num_branches": 8, "num_partial_branches": 1, "covered_branches": 7, "missing_branches": 1}, "missing_lines": [], "excluded_lines": [], "executed_branches": [[206, 208], [206, 222], [222, 224], [222, 237], [230, 231], [237, 239], [237, 246]], "missing_branches": [[230, 237]]}, "": {"executed_lines": [1, 6, 7, 8, 11, 12, 14, 15, 19, 20, 24, 25, 33, 34, 45, 46, 56, 57, 71, 72, 82, 83, 91, 92, 103, 104, 129, 130, 148, 149, 156, 157, 188, 189, 202], "summary": {"covered_lines": 33, "num_statements": 33, "percent_covered": 100.0, "percent_covered_display": "100", "missing_lines": 0, "excluded_lines": 0, "num_branches": 0, "num_partial_branches": 0, "covered_branches": 0, "missing_branches": 0}, "missing_lines": [], "excluded_lines": [], "executed_branches": [], "missing_branches": []}}, "classes": {"TechnicalAnalysis": {"executed_lines": [17, 22, 27, 28, 29, 30, 31, 38, 39, 40, 41, 42, 43, 50, 51, 52, 53, 54, 65, 66, 67, 68, 69, 76, 77, 78, 79, 80, 87, 88, 89, 96, 97, 98, 101, 109, 110, 111, 112, 115, 116, 118, 119, 122, 123, 124, 126, 127, 132, 133, 135, 136, 138, 139, 140, 141, 142, 144, 146, 153, 154, 166, 170, 175, 176, 181, 193, 194, 196, 197, 199], "summary": {"covered_lines": 71, "num_statements": 71, "percent_covered": 100.0, "percent_covered_display": "100", "missing_lines": 0, "excluded_lines": 0, "num_branches": 8, "num_partial_branches": 0, "covered_branches": 8, "missing_branches": 0}, "missing_lines": [], "excluded_lines": [], "executed_branches": [[132, 133], [132, 135], [138, 139], [138, 146], [139, 140], [139, 141], [141, 142], [141, 144]], "missing_branches": []}, "": {"executed_lines": [1, 6, 7, 8, 11, 12, 14, 15, 19, 20, 24, 25, 33, 34, 45, 46, 56, 57, 71, 72, 82, 83, 91, 92, 103, 104, 129, 130, 148, 149, 156, 157, 188, 189, 202, 204, 206, 208, 209, 210, 211, 214, 217, 218, 219, 220, 222, 224, 225, 226, 227, 230, 231, 234, 235, 237, 239, 242, 246], "summary": {"covered_lines": 57, "num_statements": 57, "percent_covered": 98.46153846153847, "percent_covered_display": "98", "missing_lines": 0, "excluded_lines": 0, "num_branches": 8, "num_partial_branches": 1, "covered_branches": 7, "missing_branches": 1}, "missing_lines": [], "excluded_lines": [], "executed_branches": [[206, 208], [206, 222], [222, 224], [222, 237], [230, 231], [237, 239], [237, 246]], "missing_branches": [[230, 237]]}}}, "core/utils.py": {"executed_lines": [2, 6, 9, 23, 24, 26, 27, 28, 31, 32, 35, 36, 40, 41, 42, 45, 46], "summary": {"covered_lines": 16, "num_statements": 17, "percent_covered": 92.5925925925926, "percent_covered_display": "93", "missing_lines": 1, "excluded_lines": 0, "num_branches": 10, "num_partial_branches": 1, "covered_branches": 9, "missing_branches": 1}, "missing_lines": [37], "excluded_lines": [], "executed_branches": [[23, 24], [23, 26], [27, 28], [27, 31], [31, 32], [31, 35], [36, 40], [41, 42], [41, 45]], "missing_branches": [[36, 37]], "functions": {"normalize_security_code": {"executed_lines": [23, 24, 26, 27, 28, 31, 32, 35, 36, 40, 41, 42, 45, 46], "summary": {"covered_lines": 14, "num_statements": 15, "percent_covered": 92.0, "percent_covered_display": "92", "missing_lines": 1, "excluded_lines": 0, "num_branches": 10, "num_partial_branches": 1, "covered_branches": 9, "missing_branches": 1}, "missing_lines": [37], "excluded_lines": [], "executed_branches": [[23, 24], [23, 26], [27, 28], [27, 31], [31, 32], [31, 35], [36, 40], [41, 42], [41, 45]], "missing_branches": [[36, 37]]}, "": {"executed_lines": [2, 6, 9], "summary": {"covered_lines": 2, "num_statements": 2, "percent_covered": 100.0, "percent_covered_display": "100", "missing_lines": 0, "excluded_lines": 0, "num_branches": 0, "num_partial_branches": 0, "covered_branches": 0, "missing_branches": 0}, "missing_lines": [], "excluded_lines": [], "executed_branches": [], "missing_branches": []}}, "classes": {"": {"executed_lines": [2, 6, 9, 23, 24, 26, 27, 28, 31, 32, 35, 36, 40, 41, 42, 45, 46], "summary": {"covered_lines": 16, "num_statements": 17, "percent_covered": 92.5925925925926, "percent_covered_display": "93", "missing_lines": 1, "excluded_lines": 0, "num_branches": 10, "num_partial_branches": 1, "covered_branches": 9, "missing_branches": 1}, "missing_lines": [37], "excluded_lines": [], "executed_branches": [[23, 24], [23, 26], [27, 28], [27, 31], [31, 32], [31, 35], [36, 40], [41, 42], [41, 45]], "missing_branches": [[36, 37]]}}}, "core/visualization_manager.py": {"executed_lines": [2, 7, 8, 9, 10, 11, 12, 14, 17, 18, 20, 22, 23, 24, 26, 28, 30, 45, 54, 56, 59, 60, 63, 64, 65, 66, 67, 68, 71, 72, 73, 76, 77, 78, 79, 82, 83, 84, 85, 86, 87, 88, 89, 92, 93, 94, 95, 96, 97, 98, 100, 101, 102, 104, 105, 107, 109, 110, 111, 112, 114, 121, 122, 123, 126, 130, 133, 137, 140, 141, 142, 143, 144, 145, 148, 149, 158, 159, 160, 161, 162, 163, 166, 167, 175, 176, 177, 179, 180, 184, 186, 187, 188, 189, 191, 198, 200, 201, 203, 204, 205, 206, 207, 208, 211, 212, 220, 221, 222, 224, 225, 229, 231, 232, 233, 236, 238, 247, 248, 249, 250, 251, 252, 253, 254, 256, 257, 258, 260, 261, 265, 267, 268, 269, 270, 272, 274], "summary": {"covered_lines": 135, "num_statements": 138, "percent_covered": 95.1219512195122, "percent_covered_display": "95", "missing_lines": 3, "excluded_lines": 0, "num_branches": 26, "num_partial_branches": 3, "covered_branches": 21, "missing_branches": 5}, "missing_lines": [41, 42, 43], "excluded_lines": [], "executed_branches": [[104, 105], [104, 107], [110, 111], [110, 112], [122, 123], [122, 126], [148, 149], [148, 158], [166, 167], [166, 175], [179, 180], [179, 184], [187, 188], [211, 212], [211, 220], [224, 225], [224, 229], [232, 233], [260, 261], [260, 265], [268, 269]], "missing_branches": [[42, -26], [42, 43], [187, 189], [232, 236], [268, 270]], "functions": {"VisualizationManager.__init__": {"executed_lines": [22, 23, 24], "summary": {"covered_lines": 3, "num_statements": 3, "percent_covered": 100.0, "percent_covered_display": "100", "missing_lines": 0, "excluded_lines": 0, "num_branches": 0, "num_partial_branches": 0, "covered_branches": 0, "missing_branches": 0}, "missing_lines": [], "excluded_lines": [], "executed_branches": [], "missing_branches": []}, "VisualizationManager._setup_matplotlib": {"executed_lines": [28, 30], "summary": {"covered_lines": 2, "num_statements": 5, "percent_covered": 28.571428571428573, "percent_covered_display": "29", "missing_lines": 3, "excluded_lines": 0, "num_branches": 2, "num_partial_branches": 0, "covered_branches": 0, "missing_branches": 2}, "missing_lines": [41, 42, 43], "excluded_lines": [], "executed_branches": [], "missing_branches": [[42, -26], [42, 43]]}, "VisualizationManager.create_prediction_visualization": {"executed_lines": [54, 56, 59, 60, 63, 64, 65, 66, 67, 68, 71, 72, 73, 76, 77, 78, 79, 82, 83, 84, 85, 86, 87, 88, 89, 92, 93, 94, 95, 96, 97, 98, 100, 101, 102, 104, 105, 107, 109, 110, 111, 112], "summary": {"covered_lines": 42, "num_statements": 42, "percent_covered": 100.0, "percent_covered_display": "100", "missing_lines": 0, "excluded_lines": 0, "num_branches": 4, "num_partial_branches": 0, "covered_branches": 4, "missing_branches": 0}, "missing_lines": [], "excluded_lines": [], "executed_branches": [[104, 105], [104, 107], [110, 111], [110, 112]], "missing_branches": []}, "VisualizationManager.create_model_comparison_chart": {"executed_lines": [121, 122, 123, 126, 130, 133, 137, 140, 141, 142, 143, 144, 145, 148, 149, 158, 159, 160, 161, 162, 163, 166, 167, 175, 176, 177, 179, 180, 184, 186, 187, 188, 189], "summary": {"covered_lines": 33, "num_statements": 33, "percent_covered": 97.67441860465117, "percent_covered_display": "98", "missing_lines": 0, "excluded_lines": 0, "num_branches": 10, "num_partial_branches": 1, "covered_branches": 9, "missing_branches": 1}, "missing_lines": [], "excluded_lines": [], "executed_branches": [[122, 123], [122, 126], [148, 149], [148, 158], [166, 167], [166, 175], [179, 180], [179, 184], [187, 188]], "missing_branches": [[187, 189]]}, "VisualizationManager.create_performance_metrics_chart": {"executed_lines": [198, 200, 201, 203, 204, 205, 206, 207, 208, 211, 212, 220, 221, 222, 224, 225, 229, 231, 232, 233, 236], "summary": {"covered_lines": 21, "num_statements": 21, "percent_covered": 96.29629629629629, "percent_covered_display": "96", "missing_lines": 0, "excluded_lines": 0, "num_branches": 6, "num_partial_branches": 1, "covered_branches": 5, "missing_branches": 1}, "missing_lines": [], "excluded_lines": [], "executed_branches": [[211, 212], [211, 220], [224, 225], [224, 229], [232, 233]], "missing_branches": [[232, 236]]}, "VisualizationManager.create_time_series_plot": {"executed_lines": [247, 248, 249, 250, 251, 252, 253, 254, 256, 257, 258, 260, 261, 265, 267, 268, 269, 270], "summary": {"covered_lines": 18, "num_statements": 18, "percent_covered": 95.45454545454545, "percent_covered_display": "95", "missing_lines": 0, "excluded_lines": 0, "num_branches": 4, "num_partial_branches": 1, "covered_branches": 3, "missing_branches": 1}, "missing_lines": [], "excluded_lines": [], "executed_branches": [[260, 261], [260, 265], [268, 269]], "missing_branches": [[268, 270]]}, "VisualizationManager.get_visualization_info": {"executed_lines": [274], "summary": {"covered_lines": 1, "num_statements": 1, "percent_covered": 100.0, "percent_covered_display": "100", "missing_lines": 0, "excluded_lines": 0, "num_branches": 0, "num_partial_branches": 0, "covered_branches": 0, "missing_branches": 0}, "missing_lines": [], "excluded_lines": [], "executed_branches": [], "missing_branches": []}, "": {"executed_lines": [2, 7, 8, 9, 10, 11, 12, 14, 17, 18, 20, 26, 45, 114, 191, 238, 272], "summary": {"covered_lines": 15, "num_statements": 15, "percent_covered": 100.0, "percent_covered_display": "100", "missing_lines": 0, "excluded_lines": 0, "num_branches": 0, "num_partial_branches": 0, "covered_branches": 0, "missing_branches": 0}, "missing_lines": [], "excluded_lines": [], "executed_branches": [], "missing_branches": []}}, "classes": {"VisualizationManager": {"executed_lines": [22, 23, 24, 28, 30, 54, 56, 59, 60, 63, 64, 65, 66, 67, 68, 71, 72, 73, 76, 77, 78, 79, 82, 83, 84, 85, 86, 87, 88, 89, 92, 93, 94, 95, 96, 97, 98, 100, 101, 102, 104, 105, 107, 109, 110, 111, 112, 121, 122, 123, 126, 130, 133, 137, 140, 141, 142, 143, 144, 145, 148, 149, 158, 159, 160, 161, 162, 163, 166, 167, 175, 176, 177, 179, 180, 184, 186, 187, 188, 189, 198, 200, 201, 203, 204, 205, 206, 207, 208, 211, 212, 220, 221, 222, 224, 225, 229, 231, 232, 233, 236, 247, 248, 249, 250, 251, 252, 253, 254, 256, 257, 258, 260, 261, 265, 267, 268, 269, 270, 274], "summary": {"covered_lines": 120, "num_statements": 123, "percent_covered": 94.63087248322148, "percent_covered_display": "95", "missing_lines": 3, "excluded_lines": 0, "num_branches": 26, "num_partial_branches": 3, "covered_branches": 21, "missing_branches": 5}, "missing_lines": [41, 42, 43], "excluded_lines": [], "executed_branches": [[104, 105], [104, 107], [110, 111], [110, 112], [122, 123], [122, 126], [148, 149], [148, 158], [166, 167], [166, 175], [179, 180], [179, 184], [187, 188], [211, 212], [211, 220], [224, 225], [224, 229], [232, 233], [260, 261], [260, 265], [268, 269]], "missing_branches": [[42, -26], [42, 43], [187, 189], [232, 236], [268, 270]]}, "": {"executed_lines": [2, 7, 8, 9, 10, 11, 12, 14, 17, 18, 20, 26, 45, 114, 191, 238, 272], "summary": {"covered_lines": 15, "num_statements": 15, "percent_covered": 100.0, "percent_covered_display": "100", "missing_lines": 0, "excluded_lines": 0, "num_branches": 0, "num_partial_branches": 0, "covered_branches": 0, "missing_branches": 0}, "missing_lines": [], "excluded_lines": [], "executed_branches": [], "missing_branches": []}}}}, "totals": {"covered_lines": 9783, "num_statements": 11817, "percent_covered": 80.68909716135123, "percent_covered_display": "81", "missing_lines": 2034, "excluded_lines": 25, "num_branches": 3014, "num_partial_branches": 580, "covered_branches": 2184, "missing_branches": 830}}